2026-07-22 04:53:03,066 - twister - INFO - Using Ninja..
2026-07-22 04:53:03,149 - twister - INFO - Zephyr version: v3.7.0
2026-07-22 04:53:03,158 - twister - DEBUG - Running cmake script /mnt/lichen-zephyr/work/zephyr/cmake/verify-toolchain.cmake
2026-07-22 04:53:03,159 - twister - DEBUG - Calling cmake: /mnt/lichen-zephyr/venv/bin/cmake -DFORMAT=json -P /mnt/lichen-zephyr/work/zephyr/cmake/verify-toolchain.cmake
2026-07-22 04:53:03,325 - twister - DEBUG - Finished running /mnt/lichen-zephyr/work/zephyr/cmake/verify-toolchain.cmake
2026-07-22 04:53:03,325 - twister - INFO - Using 'zephyr' toolchain.
2026-07-22 04:53:03,405 - twister - DEBUG - Reading test case configuration files under /mnt/lichen-zephyr/work/project-LICHEN/lichen/tests/coap_keys...
2026-07-22 04:53:03,406 - twister - DEBUG - Found possible testsuite in /mnt/lichen-zephyr/work/project-LICHEN/lichen/tests/coap_keys
2026-07-22 04:53:03,409 - twister - DEBUG - No duplicates found.
2026-07-22 04:53:03,442 - twister - DEBUG - Reading platform configuration files under ['/mnt/lichen-zephyr/work/zephyr/boards', '/mnt/lichen-zephyr/work/zephyr/subsys/testsuite/boards']...
2026-07-22 04:53:03,459 - twister - DEBUG - platform filter: ['native_sim']
2026-07-22 04:53:03,459 - twister - DEBUG -   vendor filter: []
2026-07-22 04:53:03,459 - twister - DEBUG -     arch_filter: None
2026-07-22 04:53:03,459 - twister - DEBUG -      tag_filter: None
2026-07-22 04:53:03,459 - twister - DEBUG -     exclude_tag: None
2026-07-22 04:53:03,459 - twister - INFO - Building initial testsuite list...
2026-07-22 04:53:03,459 - twister - INFO - Writing JSON report /mnt/lichen-zephyr/work/project-LICHEN/twister-out/testplan.json
2026-07-22 04:53:03,471 - twister - INFO - JOBS: 16
2026-07-22 04:53:03,471 - twister - INFO - Adding tasks to the queue...
2026-07-22 04:53:03,472 - twister - DEBUG - adding native_sim/net.lichen.coap_keys.store
2026-07-22 04:53:03,472 - twister - INFO - Added initial list of jobs to queue
2026-07-22 04:53:03,476 - twister - DEBUG - Running cmake on /mnt/lichen-zephyr/work/project-LICHEN/lichen/tests/coap_keys for native_sim
2026-07-22 04:53:03,477 - twister - DEBUG - Calling cmake: /mnt/lichen-zephyr/venv/bin/cmake -B/mnt/lichen-zephyr/work/project-LICHEN/twister-out/native_sim/net.lichen.coap_keys.store -DTC_RUNID=820eb9c5a609e13f9ad6c0ba1b5c68b4 -DCONFIG_COMPILER_WARNINGS_AS_ERRORS=y -DEXTRA_GEN_DEFINES_ARGS=--edtlib-Werror -GNinja -S/mnt/lichen-zephyr/work/project-LICHEN/lichen/tests/coap_keys -DBOARD=native_sim
2026-07-22 04:53:03,491 - twister - DEBUG - Launched 16 jobs
2026-07-22 04:53:05,992 - twister - ERROR - Cmake build failure: /mnt/lichen-zephyr/work/project-LICHEN/lichen/tests/coap_keys for native_sim
2026-07-22 04:53:05,994 - twister - ERROR - native_sim                net.lichen.coap_keys.store                         [31m ERROR [39m: Cmake build failure
2026-07-22 04:53:05,995 - twister - ERROR - see: [33m/mnt/lichen-zephyr/work/project-LICHEN/twister-out/native_sim/net.lichen.coap_keys.store/build.log[39m
2026-07-22 04:53:05,999 - twister - INFO - 1 test scenarios (1 test instances) selected, 0 configurations skipped (0 by static filter, 0 at runtime).
2026-07-22 04:53:05,999 - twister - INFO - [32m0 of 1[39m test configurations passed (0.00%), [39m0[39m failed, [31m1[39m errored, 0 skipped with [39m0[39m warnings in 2.93 seconds
2026-07-22 04:53:05,999 - twister - INFO - In total 9 test cases were executed, 0 skipped on 1 out of total 2 platforms (50.00%)
2026-07-22 04:53:05,999 - twister - INFO - [32m0[39m test configurations executed on platforms, [31m1[39m test configurations were only built.
2026-07-22 04:53:05,999 - twister - INFO - Saving reports...
2026-07-22 04:53:05,999 - twister - INFO - Writing JSON report /mnt/lichen-zephyr/work/project-LICHEN/twister-out/twister.json
2026-07-22 04:53:06,000 - twister - INFO - Writing xunit report /mnt/lichen-zephyr/work/project-LICHEN/twister-out/twister.xml...
2026-07-22 04:53:06,001 - twister - INFO - Writing xunit report /mnt/lichen-zephyr/work/project-LICHEN/twister-out/twister_report.xml...
2026-07-22 04:53:06,002 - twister - INFO - -+-+-+-+-+-+-+-+-+-+-+-+-+-+-+-+-+-+-+-+-+-+-+-+-+-+-+-+-+-+-+-+-+-+-+-+-+-+-+-+
2026-07-22 04:53:06,002 - twister - INFO - The following issues were found (showing the top 10 items):
2026-07-22 04:53:06,002 - twister - INFO - 1) net.lichen.coap_keys.store on native_sim error (Cmake build failure)
2026-07-22 04:53:06,002 - twister - INFO - 
2026-07-22 04:53:06,002 - twister - INFO - To rerun the tests, call twister using the following commandline:
2026-07-22 04:53:06,002 - twister - INFO - west twister -p <PLATFORM> -s <TEST ID>, for example:
2026-07-22 04:53:06,002 - twister - INFO - 
2026-07-22 04:53:06,002 - twister - INFO - west twister -p native_sim -s net.lichen.coap_keys.store
2026-07-22 04:53:06,002 - twister - INFO - or with west:
2026-07-22 04:53:06,002 - twister - INFO - west build -p -b native_sim ../project-LICHEN/lichen/tests/coap_keys -T net.lichen.coap_keys.store
2026-07-22 04:53:06,002 - twister - INFO - -+-+-+-+-+-+-+-+-+-+-+-+-+-+-+-+-+-+-+-+-+-+-+-+-+-+-+-+-+-+-+-+-+-+-+-+-+-+-+-+
2026-07-22 04:53:06,002 - twister - INFO - Run completed
