-- west build: generating a build system
Loading Zephyr default modules (Zephyr base).
-- Application: /mnt/lichen-zephyr/work/project-LICHEN-worker1/lichen/apps/gateway
-- CMake version: 3.30.0
-- Found Python3: /mnt/lichen-zephyr/venv/bin/python3 (found suitable version "3.9.25", minimum required is "3.8") found components: Interpreter
-- Cache files will be written to: /home/ec2-user/.cache/zephyr
-- Zephyr version: 3.7.0 (/mnt/lichen-zephyr/work/zephyr)
-- Found west (found suitable version "1.5.0", minimum required is "0.14.0")
-- Board: native_sim, qualifiers: native/64
-- Found host-tools: zephyr 0.16.8 (/mnt/lichen-zephyr/zephyr-sdk-0.16.8)
-- Found toolchain: host (gcc/ld)
-- Found Dtc: /mnt/lichen-zephyr/zephyr-sdk-0.16.8/sysroots/aarch64-pokysdk-linux/usr/bin/dtc (found suitable version "1.6.0", minimum required is "1.4.6")
-- Found BOARD.dts: /mnt/lichen-zephyr/work/zephyr/boards/native/native_sim/native_sim_64.dts
-- Found devicetree overlay: boards/native_posix_ble_ingress.overlay
-- Generated zephyr.dts: /mnt/lichen-zephyr/work/project-LICHEN-worker1/build/ble-native-posix-ingress-59-4-224/zephyr/zephyr.dts
-- Generated devicetree_generated.h: /mnt/lichen-zephyr/work/project-LICHEN-worker1/build/ble-native-posix-ingress-59-4-224/zephyr/include/generated/zephyr/devicetree_generated.h
-- Including generated dts.cmake file: /mnt/lichen-zephyr/work/project-LICHEN-worker1/build/ble-native-posix-ingress-59-4-224/zephyr/dts.cmake
Parsing /mnt/lichen-zephyr/work/project-LICHEN-worker1/lichen/apps/gateway/Kconfig
Loaded configuration '/mnt/lichen-zephyr/work/zephyr/boards/native/native_sim/native_sim_64_defconfig'
Merged configuration '/mnt/lichen-zephyr/work/project-LICHEN-worker1/lichen/apps/gateway/prj.conf'
Merged configuration '/mnt/lichen-zephyr/work/project-LICHEN-worker1/lichen/apps/gateway/boards/native_sim_native_64.conf'
Merged configuration '/mnt/lichen-zephyr/work/project-LICHEN-worker1/lichen/apps/gateway/boards/native_posix_ble_ingress.conf'
Merged configuration '/mnt/lichen-zephyr/work/project-LICHEN-worker1/build/ble-native-posix-ingress-59-4-224/lichen/build_epoch.conf'
Configuration saved to '/mnt/lichen-zephyr/work/project-LICHEN-worker1/build/ble-native-posix-ingress-59-4-224/zephyr/.config'
Kconfig header saved to '/mnt/lichen-zephyr/work/project-LICHEN-worker1/build/ble-native-posix-ingress-59-4-224/zephyr/include/generated/zephyr/autoconf.h'
-- Found GnuLd: /usr/bin/ld.bfd (found version "")
-- The C compiler identification is GNU 11.5.0
-- The CXX compiler identification is GNU 11.5.0
-- The ASM compiler identification is GNU
-- Found assembler: /usr/bin/gcc
CMake Warning at /mnt/lichen-zephyr/work/zephyr/CMakeLists.txt:915 (message):
  No SOURCES given to Zephyr library: drivers__net

  Excluding target from build.


CMake Warning at /mnt/lichen-zephyr/work/zephyr/CMakeLists.txt:915 (message):
  No SOURCES given to Zephyr library: drivers__spi

  Excluding target from build.


CMake Warning at /mnt/lichen-zephyr/work/zephyr/CMakeLists.txt:915 (message):
  No SOURCES given to Zephyr library: lichen_native

  Excluding target from build.


CMake Warning at /mnt/lichen-zephyr/work/zephyr/CMakeLists.txt:2094 (message):
  __ASSERT() statements are globally ENABLED


-- Configuring done (3.2s)
-- Generating done (0.1s)
-- Build files have been written to: /mnt/lichen-zephyr/work/project-LICHEN-worker1/build/ble-native-posix-ingress-59-4-224
-- west build: building application
[1/186] Preparing syscall dependency handling

[2/186] Generating include/generated/zephyr/version.h
-- Zephyr version: 3.7.0 (/mnt/lichen-zephyr/work/zephyr), build: v3.7.0
[3/186] Generating misc/generated/syscalls_subdirs.trigger
[4/186] Generating misc/generated/syscalls.json, misc/generated/struct_tags.json
[5/186] Generating include/generated/zephyr/syscall_dispatch.c, include/generated/zephyr/syscall_list.h
[6/186] Generating include/generated/zephyr/driver-validation.h
[7/186] Generating include/generated/zephyr/kobj-types-enum.h, include/generated/zephyr/otype-to-str.h, include/generated/zephyr/otype-to-size.h
[8/186] Building C object zephyr/CMakeFiles/offsets.dir/arch/posix/core/offsets/offsets.c.obj
[9/186] Generating include/generated/zephyr/offsets.h
[10/186] Building C object CMakeFiles/app.dir/src/config_apply.c.obj
[11/186] Building C object zephyr/CMakeFiles/zephyr.dir/lib/os/printk.c.obj
[12/186] Building C object zephyr/CMakeFiles/zephyr.dir/lib/os/thread_entry.c.obj
[13/186] Building C object CMakeFiles/app.dir/src/inbound_events.c.obj
[14/186] Building C object CMakeFiles/app.dir/src/ble_ingress.c.obj
[15/186] Building C object CMakeFiles/app.dir/src/config_cbor.c.obj
[16/186] Building C object CMakeFiles/app.dir/src/ble_lci_netif.c.obj
[17/186] Building C object CMakeFiles/app.dir/src/inbound_coap.c.obj
[18/186] Building C object zephyr/CMakeFiles/zephyr.dir/lib/os/sem.c.obj
[19/186] Building C object zephyr/CMakeFiles/zephyr.dir/lib/os/cbprintf.c.obj
[20/186] Building C object CMakeFiles/app.dir/src/status_cbor.c.obj
[21/186] Building C object CMakeFiles/app.dir/src/ble_app_owner.c.obj
[22/186] Building C object zephyr/CMakeFiles/zephyr.dir/lib/utils/dec.c.obj
[23/186] Building C object CMakeFiles/app.dir/src/ble_uart.c.obj
[24/186] Building C object CMakeFiles/app.dir/src/network_location.c.obj
[25/186] Building C object CMakeFiles/app.dir/src/main.c.obj
[26/186] Building C object zephyr/CMakeFiles/zephyr.dir/lib/os/fdtable.c.obj
[27/186] Building C object zephyr/CMakeFiles/zephyr.dir/lib/utils/hex.c.obj
[28/186] Building C object zephyr/CMakeFiles/zephyr.dir/lib/os/assert.c.obj
[29/186] Building C object zephyr/CMakeFiles/zephyr.dir/subsys/tracing/tracing_none.c.obj
[30/186] Building C object zephyr/CMakeFiles/zephyr.dir/misc/generated/configs.c.obj
[31/186] Building C object zephyr/CMakeFiles/zephyr.dir/lib/os/cbprintf_complete.c.obj
[32/186] Building C object zephyr/CMakeFiles/zephyr.dir/lib/utils/timeutil.c.obj
[33/186] Building C object zephyr/CMakeFiles/zephyr.dir/lib/heap/heap.c.obj
[34/186] Building C object zephyr/CMakeFiles/zephyr.dir/mnt/lichen-zephyr/work/modules/crypto/tinycrypt/lib/source/utils.c.obj
[35/186] Building C object zephyr/CMakeFiles/zephyr.dir/subsys/logging/log_cache.c.obj
[36/186] Building C object zephyr/CMakeFiles/zephyr.dir/lib/os/cbprintf_packaged.c.obj
[37/186] Building C object zephyr/CMakeFiles/zephyr.dir/subsys/logging/backends/log_backend_native_posix.c.obj
[38/186] Building C object zephyr/CMakeFiles/zephyr.dir/mnt/lichen-zephyr/work/modules/crypto/tinycrypt/lib/source/aes_encrypt.c.obj
[39/186] Building C object zephyr/CMakeFiles/zephyr.dir/mnt/lichen-zephyr/work/modules/crypto/tinycrypt/lib/source/cmac_mode.c.obj
[40/186] Building C object zephyr/CMakeFiles/zephyr.dir/mnt/lichen-zephyr/work/modules/crypto/tinycrypt/lib/source/hmac.c.obj
[41/186] Building C object zephyr/CMakeFiles/zephyr.dir/mnt/lichen-zephyr/work/modules/crypto/tinycrypt/lib/source/hmac_prng.c.obj
[42/186] Building C object zephyr/CMakeFiles/zephyr.dir/subsys/net/lib/utils/addr_utils.c.obj
[43/186] Building C object zephyr/CMakeFiles/zephyr.dir/mnt/lichen-zephyr/work/modules/crypto/tinycrypt/lib/source/aes_decrypt.c.obj
[44/186] Building C object zephyr/CMakeFiles/zephyr.dir/mnt/lichen-zephyr/work/modules/crypto/tinycrypt/lib/source/sha256.c.obj
[45/186] Building C object zephyr/CMakeFiles/zephyr.dir/subsys/logging/log_msg.c.obj
[46/186] Building C object zephyr/CMakeFiles/zephyr.dir/subsys/net/lib/coap/coap_link_format.c.obj
[47/186] Building C object zephyr/CMakeFiles/zephyr.dir/subsys/logging/log_output.c.obj
[48/186] Generating linker_zephyr_pre0.cmd
[49/186] Building C object zephyr/arch/arch/posix/core/CMakeFiles/arch__posix__core.dir/posix_core_nsi.c.obj
[50/186] Building C object zephyr/CMakeFiles/zephyr.dir/subsys/logging/log_mgmt.c.obj
[51/186] Building C object zephyr/boards/native/native_sim/CMakeFiles/boards__native__native_sim.dir/cmdline.c.obj
[52/186] Building C object zephyr/CMakeFiles/zephyr.dir/lib/utils/rb.c.obj
[53/186] Building C object zephyr/arch/arch/posix/core/CMakeFiles/arch__posix__core.dir/irq.c.obj
[54/186] Building C object zephyr/boards/native/native_sim/CMakeFiles/boards__native__native_sim.dir/misc.c.obj
[55/186] Building C object zephyr/soc/soc/native/CMakeFiles/soc__native__inf_clock.dir/native_tasks.c.obj
[56/186] Building C object zephyr/boards/native/native_sim/CMakeFiles/boards__native__native_sim.dir/cpu_wait.c.obj
[57/186] Building C object zephyr/arch/arch/posix/core/CMakeFiles/arch__posix__core.dir/fatal.c.obj
[58/186] Building C object zephyr/CMakeFiles/zephyr.dir/subsys/logging/log_core.c.obj
[59/186] Building C object zephyr/arch/arch/posix/core/CMakeFiles/arch__posix__core.dir/swap.c.obj
[60/186] Building C object zephyr/subsys/bluetooth/common/CMakeFiles/subsys__bluetooth__common.dir/addr.c.obj
[61/186] Building C object zephyr/arch/arch/posix/core/CMakeFiles/arch__posix__core.dir/thread.c.obj
[62/186] Building C object zephyr/boards/native/native_sim/CMakeFiles/boards__native__native_sim.dir/posix_arch_if.c.obj
[63/186] Building C object zephyr/arch/arch/posix/core/CMakeFiles/arch__posix__core.dir/cpuhalt.c.obj
[64/186] Building C object zephyr/boards/native/native_sim/CMakeFiles/boards__native__native_sim.dir/nsi_if.c.obj
[65/186] Building C object zephyr/soc/soc/native/CMakeFiles/soc__native__inf_clock.dir/soc.c.obj
[66/186] Building C object zephyr/subsys/bluetooth/host/CMakeFiles/subsys__bluetooth__host.dir/uuid.c.obj
[67/186] Building C object zephyr/boards/native/native_sim/CMakeFiles/boards__native__native_sim.dir/irq_handler.c.obj
[68/186] Building C object zephyr/subsys/random/CMakeFiles/subsys__random.dir/random_entropy_device.c.obj
[69/186] Building C object zephyr/subsys/bluetooth/common/CMakeFiles/subsys__bluetooth__common.dir/dummy.c.obj
[70/186] Building C object zephyr/subsys/bluetooth/host/CMakeFiles/subsys__bluetooth__host.dir/long_wq.c.obj
[71/186] Building C object zephyr/subsys/bluetooth/host/CMakeFiles/subsys__bluetooth__host.dir/addr.c.obj
[72/186] Building C object zephyr/CMakeFiles/zephyr.dir/subsys/net/lib/coap/coap_server.c.obj
[73/186] Building C object zephyr/subsys/bluetooth/common/CMakeFiles/subsys__bluetooth__common.dir/bt_str.c.obj
[74/186] Building C object zephyr/CMakeFiles/zephyr.dir/lib/utils/bitarray.c.obj
[75/186] Building C object zephyr/subsys/bluetooth/host/CMakeFiles/subsys__bluetooth__host.dir/data.c.obj
[76/186] Building C object zephyr/subsys/bluetooth/host/CMakeFiles/subsys__bluetooth__host.dir/hci_common.c.obj
[77/186] Building C object zephyr/subsys/bluetooth/host/CMakeFiles/subsys__bluetooth__host.dir/buf.c.obj
[78/186] Building C object zephyr/subsys/bluetooth/host/CMakeFiles/subsys__bluetooth__host.dir/crypto_tc.c.obj
[79/186] Building C object zephyr/subsys/bluetooth/host/CMakeFiles/subsys__bluetooth__host.dir/smp_null.c.obj
[80/186] Building C object zephyr/subsys/net/CMakeFiles/subsys__net.dir/lib/sockets/getnameinfo.c.obj
[81/186] Building C object zephyr/subsys/bluetooth/host/CMakeFiles/subsys__bluetooth__host.dir/id.c.obj
[82/186] Building C object zephyr/subsys/net/CMakeFiles/subsys__net.dir/lib/sockets/getaddrinfo.c.obj
[83/186] Building C object zephyr/subsys/net/CMakeFiles/subsys__net.dir/lib/sockets/sockets_select.c.obj
[84/186] Building C object zephyr/subsys/net/CMakeFiles/subsys__net.dir/lib/sockets/sockets_misc.c.obj
[85/186] Building C object zephyr/CMakeFiles/zephyr.dir/subsys/net/lib/coap/coap.c.obj
[86/186] Building C object zephyr/subsys/net/ip/CMakeFiles/subsys__net__ip.dir/net_timeout.c.obj
[87/186] Building C object zephyr/subsys/net/CMakeFiles/subsys__net.dir/buf.c.obj
[88/186] Building C object zephyr/subsys/bluetooth/host/CMakeFiles/subsys__bluetooth__host.dir/adv.c.obj
[89/186] Building C object zephyr/subsys/net/l2/dummy/CMakeFiles/subsys__net__l2__dummy.dir/dummy.c.obj
[90/186] Building C object zephyr/subsys/net/CMakeFiles/subsys__net.dir/buf_simple.c.obj
[91/186] Building C object zephyr/subsys/bluetooth/host/CMakeFiles/subsys__bluetooth__host.dir/l2cap.c.obj
[92/186] Building C object zephyr/subsys/net/ip/CMakeFiles/subsys__net__ip.dir/net_core.c.obj
[93/186] Building C object zephyr/subsys/net/l2/ethernet/CMakeFiles/subsys__net__l2__ethernet.dir/ethernet.c.obj
[94/186] Building C object zephyr/subsys/net/CMakeFiles/subsys__net.dir/lib/sockets/socketpair.c.obj
[95/186] Building C object zephyr/subsys/net/ip/CMakeFiles/subsys__net__ip.dir/net_tc.c.obj
[96/186] Building C object zephyr/subsys/net/ip/CMakeFiles/subsys__net__ip.dir/net_mgmt.c.obj
[97/186] Building C object zephyr/subsys/net/ip/CMakeFiles/subsys__net__ip.dir/icmp.c.obj
[98/186] Building C object zephyr/subsys/net/ip/CMakeFiles/subsys__net__ip.dir/utils.c.obj
[99/186] Building C object zephyr/subsys/bluetooth/host/CMakeFiles/subsys__bluetooth__host.dir/conn.c.obj
[100/186] Building C object zephyr/subsys/net/ip/CMakeFiles/subsys__net__ip.dir/nbr.c.obj
[101/186] Building C object zephyr/subsys/net/ip/CMakeFiles/subsys__net__ip.dir/connection.c.obj
[102/186] Building C object zephyr/subsys/bluetooth/host/CMakeFiles/subsys__bluetooth__host.dir/hci_core.c.obj
[103/186] Building C object zephyr/subsys/bluetooth/host/CMakeFiles/subsys__bluetooth__host.dir/gatt.c.obj
[104/186] Building C object zephyr/subsys/net/ip/CMakeFiles/subsys__net__ip.dir/icmpv6.c.obj
[105/186] Building C object zephyr/subsys/net/ip/CMakeFiles/subsys__net__ip.dir/ipv6_mld.c.obj
[106/186] Building C object zephyr/drivers/console/CMakeFiles/drivers__console.dir/posix_arch_console.c.obj
[107/186] Building C object zephyr/drivers/entropy/CMakeFiles/drivers__entropy.dir/fake_entropy_native_posix.c.obj
[108/186] Building C object zephyr/subsys/net/ip/CMakeFiles/subsys__net__ip.dir/ipv6.c.obj
[109/186] Building C object zephyr/subsys/net/ip/CMakeFiles/subsys__net__ip.dir/net_pkt.c.obj
[110/186] Building C object zephyr/subsys/net/ip/CMakeFiles/subsys__net__ip.dir/udp.c.obj
[111/186] Building C object zephyr/drivers/timer/CMakeFiles/drivers__timer.dir/native_posix_timer.c.obj
[112/186] Building C object zephyr/subsys/bluetooth/host/CMakeFiles/subsys__bluetooth__host.dir/att.c.obj
[113/186] Building C object zephyr/drivers/timer/CMakeFiles/drivers__timer.dir/sys_clock_init.c.obj
[114/186] Building C object zephyr/drivers/bluetooth/CMakeFiles/drivers__bluetooth.dir/hci/userchan.c.obj
[115/186] Building C object zephyr/subsys/net/CMakeFiles/subsys__net.dir/lib/sockets/sockets.c.obj
[116/186] Building C object zephyr/subsys/net/ip/CMakeFiles/subsys__net__ip.dir/route.c.obj
[117/186] Building C object zephyr/kernel/CMakeFiles/kernel.dir/main_weak.c.obj
[118/186] Building C object modules/zcbor/CMakeFiles/modules__zcbor.dir/mnt/lichen-zephyr/work/modules/lib/zcbor/src/zcbor_common.c.obj
[119/186] Building C object zephyr/drivers/ethernet/CMakeFiles/drivers__ethernet.dir/eth_native_posix.c.obj
[120/186] Building C object zephyr/subsys/net/ip/CMakeFiles/subsys__net__ip.dir/net_context.c.obj
[121/186] Building C object zephyr/kernel/CMakeFiles/kernel.dir/busy_wait.c.obj
[122/186] Building C object zephyr/kernel/CMakeFiles/kernel.dir/banner.c.obj
[123/186] Building C object zephyr/kernel/CMakeFiles/kernel.dir/device.c.obj
[124/186] Building C object modules/zcbor/CMakeFiles/modules__zcbor.dir/mnt/lichen-zephyr/work/modules/lib/zcbor/src/zcbor_encode.c.obj
[125/186] Building C object modules/lichen/subsys/lichen/app_interface/CMakeFiles/..__project-LICHEN-worker1__lichen__subsys__lichen__app_interface.dir/hal_bridge.c.obj
In file included from /mnt/lichen-zephyr/work/zephyr/include/zephyr/sys/atomic.h:18,
                 from /mnt/lichen-zephyr/work/zephyr/include/zephyr/kernel_includes.h:25,
                 from /mnt/lichen-zephyr/work/zephyr/include/zephyr/kernel.h:17,
                 from /mnt/lichen-zephyr/work/project-LICHEN-worker1/lichen/subsys/lichen/app_interface/hal_bridge.c:8:
/mnt/lichen-zephyr/work/zephyr/include/zephyr/sys/util.h: In function ‘bcd2bin’:
/mnt/lichen-zephyr/work/zephyr/include/zephyr/sys/util.h:577:35: warning: conversion from ‘int’ to ‘uint8_t’ {aka ‘unsigned char’} may change value [-Wconversion]
  577 |         return ((10 * (bcd >> 4)) + (bcd & 0x0F));
      |                ~~~~~~~~~~~~~~~~~~~^~~~~~~~~~~~~~~
[126/186] Building C object zephyr/kernel/CMakeFiles/kernel.dir/errno.c.obj
[127/186] Building C object zephyr/kernel/CMakeFiles/kernel.dir/init_static.c.obj
[128/186] Building C object zephyr/kernel/CMakeFiles/kernel.dir/version.c.obj
[129/186] Building C object modules/lichen/subsys/lichen/app_interface/CMakeFiles/..__project-LICHEN-worker1__lichen__subsys__lichen__app_interface.dir/app_interface.c.obj
In file included from /mnt/lichen-zephyr/work/zephyr/include/zephyr/sys/atomic.h:18,
                 from /mnt/lichen-zephyr/work/zephyr/include/zephyr/kernel_includes.h:25,
                 from /mnt/lichen-zephyr/work/zephyr/include/zephyr/kernel.h:17,
                 from /mnt/lichen-zephyr/work/project-LICHEN-worker1/lichen/subsys/lichen/app_interface/app_interface.c:10:
/mnt/lichen-zephyr/work/zephyr/include/zephyr/sys/util.h: In function ‘bcd2bin’:
/mnt/lichen-zephyr/work/zephyr/include/zephyr/sys/util.h:577:35: warning: conversion from ‘int’ to ‘uint8_t’ {aka ‘unsigned char’} may change value [-Wconversion]
  577 |         return ((10 * (bcd >> 4)) + (bcd & 0x0F));
      |                ~~~~~~~~~~~~~~~~~~~^~~~~~~~~~~~~~~
[130/186] Building C object zephyr/kernel/CMakeFiles/kernel.dir/fatal.c.obj
[131/186] Building C object zephyr/kernel/CMakeFiles/kernel.dir/float.c.obj
[132/186] Building C object zephyr/kernel/CMakeFiles/kernel.dir/idle.c.obj
[133/186] Building C object zephyr/kernel/CMakeFiles/kernel.dir/mem_slab.c.obj
[134/186] Building C object zephyr/kernel/CMakeFiles/kernel.dir/init.c.obj
[135/186] Building C object zephyr/kernel/CMakeFiles/kernel.dir/kheap.c.obj
[136/186] Building C object zephyr/kernel/CMakeFiles/kernel.dir/stack.c.obj
[137/186] Building C object zephyr/kernel/CMakeFiles/kernel.dir/sem.c.obj
[138/186] Building C object zephyr/kernel/CMakeFiles/kernel.dir/msg_q.c.obj
[139/186] Building C object zephyr/kernel/CMakeFiles/kernel.dir/system_work_q.c.obj
[140/186] Building C object modules/lichen/subsys/lichen/hal/CMakeFiles/..__project-LICHEN-worker1__lichen__subsys__lichen__hal.dir/hal.c.obj
In file included from /mnt/lichen-zephyr/work/zephyr/include/zephyr/devicetree.h:26,
                 from /mnt/lichen-zephyr/work/project-LICHEN-worker1/lichen/subsys/lichen/hal/hal.c:8:
/mnt/lichen-zephyr/work/zephyr/include/zephyr/sys/util.h: In function ‘bcd2bin’:
/mnt/lichen-zephyr/work/zephyr/include/zephyr/sys/util.h:577:35: warning: conversion from ‘int’ to ‘uint8_t’ {aka ‘unsigned char’} may change value [-Wconversion]
  577 |         return ((10 * (bcd >> 4)) + (bcd & 0x0F));
      |                ~~~~~~~~~~~~~~~~~~~^~~~~~~~~~~~~~~
In file included from /mnt/lichen-zephyr/work/zephyr/include/zephyr/drivers/sensor.h:30,
                 from /mnt/lichen-zephyr/work/project-LICHEN-worker1/lichen/subsys/lichen/hal/hal.c:13:
/mnt/lichen-zephyr/work/zephyr/include/zephyr/rtio/rtio.h: In function ‘z_impl_rtio_cqe_copy_out’:
/mnt/lichen-zephyr/work/zephyr/include/zephyr/rtio/rtio.h:1396:16: warning: conversion from ‘size_t’ {aka ‘long unsigned int’} to ‘int’ may change value [-Wconversion]
 1396 |         return copied;
      |                ^~~~~~
In file included from /mnt/lichen-zephyr/work/project-LICHEN-worker1/lichen/subsys/lichen/hal/hal.c:13:
/mnt/lichen-zephyr/work/zephyr/include/zephyr/drivers/sensor.h: In function ‘sensor_ms2_to_g’:
/mnt/lichen-zephyr/work/zephyr/include/zephyr/drivers/sensor.h:1157:51: warning: conversion from ‘long long int’ to ‘int32_t’ {aka ‘int’} may change value [-Wconversion]
 1157 |                 return (micro_ms2 + SENSOR_G / 2) / SENSOR_G;
      |                                                   ^
/mnt/lichen-zephyr/work/zephyr/include/zephyr/drivers/sensor.h:1159:51: warning: conversion from ‘long long int’ to ‘int32_t’ {aka ‘int’} may change value [-Wconversion]
 1159 |                 return (micro_ms2 - SENSOR_G / 2) / SENSOR_G;
      |                                                   ^
/mnt/lichen-zephyr/work/zephyr/include/zephyr/drivers/sensor.h: In function ‘sensor_g_to_ms2’:
/mnt/lichen-zephyr/work/zephyr/include/zephyr/drivers/sensor.h:1171:21: warning: conversion from ‘long long int’ to ‘int32_t’ {aka ‘int’} may change value [-Wconversion]
 1171 |         ms2->val1 = ((int64_t)g * SENSOR_G) / 1000000LL;
      |                     ^
/mnt/lichen-zephyr/work/zephyr/include/zephyr/drivers/sensor.h:1172:21: warning: conversion from ‘long long int’ to ‘int32_t’ {aka ‘int’} may change value [-Wconversion]
 1172 |         ms2->val2 = ((int64_t)g * SENSOR_G) % 1000000LL;
      |                     ^
/mnt/lichen-zephyr/work/zephyr/include/zephyr/drivers/sensor.h: In function ‘sensor_ms2_to_ug’:
/mnt/lichen-zephyr/work/zephyr/include/zephyr/drivers/sensor.h:1187:40: warning: conversion from ‘long long int’ to ‘int32_t’ {aka ‘int’} may change value [-Wconversion]
 1187 |         return (micro_ms2 * 1000000LL) / SENSOR_G;
      |                                        ^
/mnt/lichen-zephyr/work/zephyr/include/zephyr/drivers/sensor.h: In function ‘sensor_ug_to_ms2’:
/mnt/lichen-zephyr/work/zephyr/include/zephyr/drivers/sensor.h:1198:21: warning: conversion from ‘long long int’ to ‘int32_t’ {aka ‘int’} may change value [-Wconversion]
 1198 |         ms2->val1 = ((int64_t)ug * SENSOR_G / 1000000LL) / 1000000LL;
      |                     ^
/mnt/lichen-zephyr/work/zephyr/include/zephyr/drivers/sensor.h:1199:21: warning: conversion from ‘long long int’ to ‘int32_t’ {aka ‘int’} may change value [-Wconversion]
 1199 |         ms2->val2 = ((int64_t)ug * SENSOR_G / 1000000LL) % 1000000LL;
      |                     ^
/mnt/lichen-zephyr/work/zephyr/include/zephyr/drivers/sensor.h: In function ‘sensor_rad_to_degrees’:
/mnt/lichen-zephyr/work/zephyr/include/zephyr/drivers/sensor.h:1214:62: warning: conversion from ‘long long int’ to ‘int32_t’ {aka ‘int’} may change value [-Wconversion]
 1214 |                 return (micro_rad_s * 180LL + SENSOR_PI / 2) / SENSOR_PI;
      |                                                              ^
/mnt/lichen-zephyr/work/zephyr/include/zephyr/drivers/sensor.h:1216:62: warning: conversion from ‘long long int’ to ‘int32_t’ {aka ‘int’} may change value [-Wconversion]
 1216 |                 return (micro_rad_s * 180LL - SENSOR_PI / 2) / SENSOR_PI;
      |                                                              ^
/mnt/lichen-zephyr/work/zephyr/include/zephyr/drivers/sensor.h: In function ‘sensor_degrees_to_rad’:
/mnt/lichen-zephyr/work/zephyr/include/zephyr/drivers/sensor.h:1228:21: warning: conversion from ‘long long int’ to ‘int32_t’ {aka ‘int’} may change value [-Wconversion]
 1228 |         rad->val1 = ((int64_t)d * SENSOR_PI / 180LL) / 1000000LL;
      |                     ^
/mnt/lichen-zephyr/work/zephyr/include/zephyr/drivers/sensor.h:1229:21: warning: conversion from ‘long long int’ to ‘int32_t’ {aka ‘int’} may change value [-Wconversion]
 1229 |         rad->val2 = ((int64_t)d * SENSOR_PI / 180LL) % 1000000LL;
      |                     ^
/mnt/lichen-zephyr/work/zephyr/include/zephyr/drivers/sensor.h: In function ‘sensor_rad_to_10udegrees’:
/mnt/lichen-zephyr/work/zephyr/include/zephyr/drivers/sensor.h:1247:49: warning: conversion from ‘long long int’ to ‘int32_t’ {aka ‘int’} may change value [-Wconversion]
 1247 |         return (micro_rad_s * 180LL * 100000LL) / SENSOR_PI;
      |                                                 ^
/mnt/lichen-zephyr/work/zephyr/include/zephyr/drivers/sensor.h: In function ‘sensor_10udegrees_to_rad’:
/mnt/lichen-zephyr/work/zephyr/include/zephyr/drivers/sensor.h:1258:21: warning: conversion from ‘long long int’ to ‘int32_t’ {aka ‘int’} may change value [-Wconversion]
 1258 |         rad->val1 = ((int64_t)d * SENSOR_PI / 180LL / 100000LL) / 1000000LL;
      |                     ^
/mnt/lichen-zephyr/work/zephyr/include/zephyr/drivers/sensor.h:1259:21: warning: conversion from ‘long long int’ to ‘int32_t’ {aka ‘int’} may change value [-Wconversion]
 1259 |         rad->val2 = ((int64_t)d * SENSOR_PI / 180LL / 100000LL) % 1000000LL;
      |                     ^
[141/186] Building C object modules/zcbor/CMakeFiles/modules__zcbor.dir/mnt/lichen-zephyr/work/modules/lib/zcbor/src/zcbor_decode.c.obj
[142/186] Building C object zephyr/kernel/CMakeFiles/kernel.dir/mutex.c.obj
[143/186] Building C object zephyr/kernel/CMakeFiles/kernel.dir/condvar.c.obj
[144/186] Building C object zephyr/kernel/CMakeFiles/kernel.dir/priority_queues.c.obj
[145/186] Building C object zephyr/kernel/CMakeFiles/kernel.dir/mailbox.c.obj
[146/186] Building C object zephyr/subsys/net/lib/dhcpv6/CMakeFiles/subsys__net__lib__dhcpv6.dir/dhcpv6.c.obj
[147/186] Linking C static library app/libapp.a
[148/186] Building C object zephyr/CMakeFiles/zephyr_pre0.dir/misc/empty_file.c.obj
[149/186] Building C object zephyr/kernel/CMakeFiles/kernel.dir/queue.c.obj
[150/186] Building C object zephyr/subsys/net/ip/CMakeFiles/subsys__net__ip.dir/ipv6_nbr.c.obj
[151/186] Linking C static library zephyr/libzephyr.a
[152/186] Linking C static library zephyr/arch/arch/posix/core/libarch__posix__core.a
[153/186] Linking C static library zephyr/boards/native/native_sim/libboards__native__native_sim.a
[154/186] Linking C static library zephyr/subsys/random/libsubsys__random.a
[155/186] Linking C static library zephyr/subsys/bluetooth/common/libsubsys__bluetooth__common.a
[156/186] Linking C static library zephyr/subsys/net/l2/ethernet/libsubsys__net__l2__ethernet.a
[157/186] Linking C static library zephyr/subsys/net/libsubsys__net.a
[158/186] Linking C static library zephyr/subsys/net/lib/dhcpv6/libsubsys__net__lib__dhcpv6.a
[159/186] Linking C static library zephyr/subsys/net/l2/dummy/libsubsys__net__l2__dummy.a
[160/186] Linking C static library zephyr/subsys/bluetooth/host/libsubsys__bluetooth__host.a
[161/186] Linking C static library zephyr/drivers/console/libdrivers__console.a
[162/186] Linking C static library zephyr/soc/soc/native/libsoc__native__inf_clock.a
[163/186] Linking C static library zephyr/drivers/bluetooth/libdrivers__bluetooth.a
[164/186] Linking C static library zephyr/drivers/entropy/libdrivers__entropy.a
[165/186] Linking C static library zephyr/drivers/ethernet/libdrivers__ethernet.a
[166/186] Building C object zephyr/kernel/CMakeFiles/kernel.dir/spinlock_validate.c.obj
[167/186] Linking C static library zephyr/drivers/timer/libdrivers__timer.a
[168/186] Building C object zephyr/kernel/CMakeFiles/kernel.dir/thread.c.obj
[169/186] Building C object zephyr/kernel/CMakeFiles/kernel.dir/timeslicing.c.obj
[170/186] Linking C static library modules/lichen/subsys/lichen/hal/lib..__project-LICHEN-worker1__lichen__subsys__lichen__hal.a
[171/186] Linking C static library modules/lichen/subsys/lichen/app_interface/lib..__project-LICHEN-worker1__lichen__subsys__lichen__app_interface.a
[172/186] Building C object zephyr/kernel/CMakeFiles/kernel.dir/mempool.c.obj
[173/186] Linking C static library modules/zcbor/libmodules__zcbor.a
[174/186] Building C object zephyr/kernel/CMakeFiles/kernel.dir/dynamic_disabled.c.obj
[175/186] Building C object zephyr/kernel/CMakeFiles/kernel.dir/timer.c.obj
[176/186] Building C object zephyr/kernel/CMakeFiles/kernel.dir/timeout.c.obj
[177/186] Building C object zephyr/subsys/net/ip/CMakeFiles/subsys__net__ip.dir/net_if.c.obj
[178/186] Building C object zephyr/kernel/CMakeFiles/kernel.dir/pipes.c.obj
[179/186] Building C object zephyr/kernel/CMakeFiles/kernel.dir/work.c.obj
[180/186] Linking C static library zephyr/subsys/net/ip/libsubsys__net__ip.a
[181/186] Building C object zephyr/kernel/CMakeFiles/kernel.dir/poll.c.obj
[182/186] Building C object zephyr/kernel/CMakeFiles/kernel.dir/sched.c.obj
[183/186] Linking C static library zephyr/kernel/libkernel.a
[184/186] Linking C executable zephyr/zephyr.elf
Generating files from /mnt/lichen-zephyr/work/project-LICHEN-worker1/build/ble-native-posix-ingress-59-4-224/zephyr/zephyr.elf for board: native_sim
[185/186] Building native simulator runner, and linking final executable
[186/186] Running utility command for native_runner_executable
