=== nRF52840 Build Matrix for project-LICHEN-2auf.31.1 ===
Start: Wed Jul 22 05:11:49 UTC 2026
Worktree commit: 0b8cbf2b
Toolchain: arm-zephyr-eabi-gcc (Zephyr SDK 0.16.8) 12.2.0
West version: West version: v1.5.0
Zephyr BASE: /mnt/lichen-zephyr/work/zephyr

=== Building t_echo/nrf52840 puck with Renode overlay ===
Command: west build -b t_echo/nrf52840 lichen/apps/puck -d build/t_echo_nrf52840_puck_renode -p always -- -DZEPHYR_EXTRA_MODULES=/mnt/lichen-zephyr/work/project-LICHEN-worker5/lichen -DBOARD_ROOT=/mnt/lichen-zephyr/work/project-LICHEN-worker5/lichen -DEXTRA_DTC_OVERLAY_FILE=/mnt/lichen-zephyr/work/project-LICHEN-worker5/lichen/boards/renode/nrf52840_lichen/support/renode_console.overlay -DEXTRA_CONF_FILE=/mnt/lichen-zephyr/work/project-LICHEN-worker5/lichen/boards/renode/nrf52840_lichen/support/renode_console.conf
Exit code: 0
Log: build-logs-2auf.31.1/t_echo_nrf52840_puck_renode.log
WARNINGS/ERRORS found (LICHEN-specific):
/mnt/lichen-zephyr/work/project-LICHEN-worker5/lichen/subsys/lichen/coap/coap_status.c:267:22: warning: conversion from 'int' to 'uint8_t' {aka 'unsigned char'} may change value [-Wconversion]
/mnt/lichen-zephyr/work/project-LICHEN-worker5/lichen/subsys/lichen/coap/coap_status.c:268:22: warning: conversion from 'int' to 'uint8_t' {aka 'unsigned char'} may change value [-Wconversion]
/mnt/lichen-zephyr/work/project-LICHEN-worker5/lichen/subsys/lichen/coap/coap_status.c:297:32: warning: conversion from 'int' to 'uint8_t' {aka 'unsigned char'} may change value [-Wconversion]
/mnt/lichen-zephyr/work/project-LICHEN-worker5/lichen/subsys/lichen/coap/coap_status.c:298:32: warning: conversion from 'int' to 'uint8_t' {aka 'unsigned char'} may change value [-Wconversion]
/mnt/lichen-zephyr/work/project-LICHEN-worker5/lichen/subsys/lichen/coap/coap_status.c:299:32: warning: conversion from 'int' to 'uint8_t' {aka 'unsigned char'} may change value [-Wconversion]
/mnt/lichen-zephyr/work/project-LICHEN-worker5/lichen/subsys/lichen/coap/coap_status.c:330:33: warning: conversion from 'int' to 'uint8_t' {aka 'unsigned char'} may change value [-Wconversion]
/mnt/lichen-zephyr/work/project-LICHEN-worker5/lichen/subsys/lichen/coap/coap_status.c:331:33: warning: conversion from 'int' to 'uint8_t' {aka 'unsigned char'} may change value [-Wconversion]
/mnt/lichen-zephyr/work/project-LICHEN-worker5/lichen/subsys/lichen/coap/coap_status.c:457:22: warning: conversion from 'int' to 'uint8_t' {aka 'unsigned char'} may change value [-Wconversion]
/mnt/lichen-zephyr/work/project-LICHEN-worker5/lichen/subsys/lichen/coap/coap_status.c:541:64: warning: conversion from 'size_t' {aka 'unsigned int'} to 'uint16_t' {aka 'short unsigned int'} may change value [-Wconversion]
/mnt/lichen-zephyr/work/project-LICHEN-worker5/lichen/subsys/lichen/coap/coap_status.c:637:58: warning: conversion from 'size_t' {aka 'unsigned int'} to 'uint16_t' {aka 'short unsigned int'} may change value [-Wconversion]
/mnt/lichen-zephyr/work/project-LICHEN-worker5/lichen/subsys/lichen/coap/coap_status.c:740:58: warning: conversion from 'size_t' {aka 'unsigned int'} to 'uint16_t' {aka 'short unsigned int'} may change value [-Wconversion]
/mnt/lichen-zephyr/work/project-LICHEN-worker5/lichen/subsys/lichen/schc/schc.c:387:34: warning: conversion from 'uint32_t' {aka 'unsigned int'} to 'uint16_t' {aka 'short unsigned int'} may change value [-Wconversion]
/mnt/lichen-zephyr/work/project-LICHEN-worker5/lichen/subsys/lichen/schc/schc.c:666:61: warning: conversion from 'size_t' {aka 'unsigned int'} to 'uint16_t' {aka 'short unsigned int'} may change value [-Wconversion]
/mnt/lichen-zephyr/work/project-LICHEN-worker5/lichen/subsys/lichen/schc/schc.c:84:33: warning: conversion from 'size_t' {aka 'unsigned int'} to 'uint16_t' {aka 'short unsigned int'} may change value [-Wconversion]
/mnt/lichen-zephyr/work/project-LICHEN-worker5/lichen/subsys/lichen/l2/icmpv6.c:110:25: warning: conversion from 'size_t' {aka 'unsigned int'} to 'uint8_t' {aka 'unsigned char'} may change value [-Wconversion]
/mnt/lichen-zephyr/work/project-LICHEN-worker5/lichen/subsys/lichen/l2/icmpv6.c:232:14: warning: conversion from 'int' to 'uint8_t' {aka 'unsigned char'} may change value [-Wconversion]
/mnt/lichen-zephyr/work/project-LICHEN-worker5/lichen/subsys/lichen/l2/icmpv6.c:233:14: warning: conversion from 'int' to 'uint8_t' {aka 'unsigned char'} may change value [-Wconversion]
/mnt/lichen-zephyr/work/project-LICHEN-worker5/lichen/subsys/lichen/l2/icmpv6.c:294:37: warning: conversion from 'int' to 'uint8_t' {aka 'unsigned char'} may change value [-Wconversion]
/mnt/lichen-zephyr/work/project-LICHEN-worker5/lichen/subsys/lichen/l2/icmpv6.c:295:41: warning: conversion from 'int' to 'uint8_t' {aka 'unsigned char'} may change value [-Wconversion]
/mnt/lichen-zephyr/work/project-LICHEN-worker5/lichen/subsys/lichen/l2/icmpv6.c:296:38: warning: conversion from 'int' to 'uint8_t' {aka 'unsigned char'} may change value [-Wconversion]
/mnt/lichen-zephyr/work/project-LICHEN-worker5/lichen/subsys/lichen/l2/icmpv6.c:297:42: warning: conversion from 'int' to 'uint8_t' {aka 'unsigned char'} may change value [-Wconversion]
/mnt/lichen-zephyr/work/project-LICHEN-worker5/lichen/subsys/lichen/l2/icmpv6.c:306:38: warning: conversion from 'int' to 'uint8_t' {aka 'unsigned char'} may change value [-Wconversion]
/mnt/lichen-zephyr/work/project-LICHEN-worker5/lichen/subsys/lichen/l2/icmpv6.c:307:42: warning: conversion from 'int' to 'uint8_t' {aka 'unsigned char'} may change value [-Wconversion]
/mnt/lichen-zephyr/work/project-LICHEN-worker5/lichen/subsys/lichen/l2/icmpv6.c:393:40: warning: conversion from 'uint32_t' {aka 'unsigned int'} to 'uint8_t' {aka 'unsigned char'} may change value [-Wconversion]
/mnt/lichen-zephyr/work/project-LICHEN-worker5/lichen/subsys/lichen/l2/icmpv6.c:405:38: warning: conversion from 'int' to 'uint8_t' {aka 'unsigned char'} may change value [-Wconversion]
/mnt/lichen-zephyr/work/project-LICHEN-worker5/lichen/subsys/lichen/l2/icmpv6.c:406:42: warning: conversion from 'int' to 'uint8_t' {aka 'unsigned char'} may change value [-Wconversion]
ELF size: 5136836 bytes
ELF hash: 6d822b97a00a2aff06848d774eab84f1186d5fd2fa9e1f02b6b991065b5f778c
BIN size: 160596 bytes
BIN hash: 32d252bb3f893ba29e8fd05347cdac4cd83d97dbbd374abf868a5a84c8acd99a
Memory usage:
Memory region         Used Size  Region Size  %age Used
           FLASH:      160596 B       356 KB     44.05%
             RAM:       70740 B       256 KB     26.99%
        IDT_LIST:          0 GB        32 KB      0.00%
Generating files from /mnt/lichen-zephyr/work/project-LICHEN-worker5/build/t_echo_nrf52840_puck_renode/zephyr/zephyr.elf for board: t_echo
Build t_echo_nrf52840_puck_renode completed successfully.

=== Building rak4631/nrf52840 puck with Renode overlay ===
Command: west build -b rak4631/nrf52840 lichen/apps/puck -d build/rak4631_nrf52840_puck_renode -p always -- -DZEPHYR_EXTRA_MODULES=/mnt/lichen-zephyr/work/project-LICHEN-worker5/lichen -DBOARD_ROOT=/mnt/lichen-zephyr/work/project-LICHEN-worker5/lichen -DEXTRA_DTC_OVERLAY_FILE=/mnt/lichen-zephyr/work/project-LICHEN-worker5/lichen/boards/renode/nrf52840_lichen/support/renode_console.overlay -DEXTRA_CONF_FILE=/mnt/lichen-zephyr/work/project-LICHEN-worker5/lichen/boards/renode/nrf52840_lichen/support/renode_console.conf
Exit code: 0
Log: build-logs-2auf.31.1/rak4631_nrf52840_puck_renode.log
WARNINGS/ERRORS found (LICHEN-specific):
/mnt/lichen-zephyr/work/project-LICHEN-worker5/lichen/subsys/lichen/coap/coap_status.c:267:22: warning: conversion from 'int' to 'uint8_t' {aka 'unsigned char'} may change value [-Wconversion]
/mnt/lichen-zephyr/work/project-LICHEN-worker5/lichen/subsys/lichen/coap/coap_status.c:268:22: warning: conversion from 'int' to 'uint8_t' {aka 'unsigned char'} may change value [-Wconversion]
/mnt/lichen-zephyr/work/project-LICHEN-worker5/lichen/subsys/lichen/coap/coap_status.c:297:32: warning: conversion from 'int' to 'uint8_t' {aka 'unsigned char'} may change value [-Wconversion]
/mnt/lichen-zephyr/work/project-LICHEN-worker5/lichen/subsys/lichen/coap/coap_status.c:298:32: warning: conversion from 'int' to 'uint8_t' {aka 'unsigned char'} may change value [-Wconversion]
/mnt/lichen-zephyr/work/project-LICHEN-worker5/lichen/subsys/lichen/coap/coap_status.c:299:32: warning: conversion from 'int' to 'uint8_t' {aka 'unsigned char'} may change value [-Wconversion]
/mnt/lichen-zephyr/work/project-LICHEN-worker5/lichen/subsys/lichen/coap/coap_status.c:330:33: warning: conversion from 'int' to 'uint8_t' {aka 'unsigned char'} may change value [-Wconversion]
/mnt/lichen-zephyr/work/project-LICHEN-worker5/lichen/subsys/lichen/coap/coap_status.c:331:33: warning: conversion from 'int' to 'uint8_t' {aka 'unsigned char'} may change value [-Wconversion]
/mnt/lichen-zephyr/work/project-LICHEN-worker5/lichen/subsys/lichen/coap/coap_status.c:457:22: warning: conversion from 'int' to 'uint8_t' {aka 'unsigned char'} may change value [-Wconversion]
/mnt/lichen-zephyr/work/project-LICHEN-worker5/lichen/subsys/lichen/coap/coap_status.c:541:64: warning: conversion from 'size_t' {aka 'unsigned int'} to 'uint16_t' {aka 'short unsigned int'} may change value [-Wconversion]
/mnt/lichen-zephyr/work/project-LICHEN-worker5/lichen/subsys/lichen/coap/coap_status.c:637:58: warning: conversion from 'size_t' {aka 'unsigned int'} to 'uint16_t' {aka 'short unsigned int'} may change value [-Wconversion]
/mnt/lichen-zephyr/work/project-LICHEN-worker5/lichen/subsys/lichen/coap/coap_status.c:740:58: warning: conversion from 'size_t' {aka 'unsigned int'} to 'uint16_t' {aka 'short unsigned int'} may change value [-Wconversion]
/mnt/lichen-zephyr/work/project-LICHEN-worker5/lichen/subsys/lichen/schc/schc.c:387:34: warning: conversion from 'uint32_t' {aka 'unsigned int'} to 'uint16_t' {aka 'short unsigned int'} may change value [-Wconversion]
/mnt/lichen-zephyr/work/project-LICHEN-worker5/lichen/subsys/lichen/schc/schc.c:666:61: warning: conversion from 'size_t' {aka 'unsigned int'} to 'uint16_t' {aka 'short unsigned int'} may change value [-Wconversion]
/mnt/lichen-zephyr/work/project-LICHEN-worker5/lichen/subsys/lichen/schc/schc.c:84:33: warning: conversion from 'size_t' {aka 'unsigned int'} to 'uint16_t' {aka 'short unsigned int'} may change value [-Wconversion]
/mnt/lichen-zephyr/work/project-LICHEN-worker5/lichen/subsys/lichen/l2/icmpv6.c:110:25: warning: conversion from 'size_t' {aka 'unsigned int'} to 'uint8_t' {aka 'unsigned char'} may change value [-Wconversion]
/mnt/lichen-zephyr/work/project-LICHEN-worker5/lichen/subsys/lichen/l2/icmpv6.c:232:14: warning: conversion from 'int' to 'uint8_t' {aka 'unsigned char'} may change value [-Wconversion]
/mnt/lichen-zephyr/work/project-LICHEN-worker5/lichen/subsys/lichen/l2/icmpv6.c:233:14: warning: conversion from 'int' to 'uint8_t' {aka 'unsigned char'} may change value [-Wconversion]
/mnt/lichen-zephyr/work/project-LICHEN-worker5/lichen/subsys/lichen/l2/icmpv6.c:294:37: warning: conversion from 'int' to 'uint8_t' {aka 'unsigned char'} may change value [-Wconversion]
/mnt/lichen-zephyr/work/project-LICHEN-worker5/lichen/subsys/lichen/l2/icmpv6.c:295:41: warning: conversion from 'int' to 'uint8_t' {aka 'unsigned char'} may change value [-Wconversion]
/mnt/lichen-zephyr/work/project-LICHEN-worker5/lichen/subsys/lichen/l2/icmpv6.c:296:38: warning: conversion from 'int' to 'uint8_t' {aka 'unsigned char'} may change value [-Wconversion]
/mnt/lichen-zephyr/work/project-LICHEN-worker5/lichen/subsys/lichen/l2/icmpv6.c:297:42: warning: conversion from 'int' to 'uint8_t' {aka 'unsigned char'} may change value [-Wconversion]
/mnt/lichen-zephyr/work/project-LICHEN-worker5/lichen/subsys/lichen/l2/icmpv6.c:306:38: warning: conversion from 'int' to 'uint8_t' {aka 'unsigned char'} may change value [-Wconversion]
/mnt/lichen-zephyr/work/project-LICHEN-worker5/lichen/subsys/lichen/l2/icmpv6.c:307:42: warning: conversion from 'int' to 'uint8_t' {aka 'unsigned char'} may change value [-Wconversion]
/mnt/lichen-zephyr/work/project-LICHEN-worker5/lichen/subsys/lichen/l2/icmpv6.c:393:40: warning: conversion from 'uint32_t' {aka 'unsigned int'} to 'uint8_t' {aka 'unsigned char'} may change value [-Wconversion]
/mnt/lichen-zephyr/work/project-LICHEN-worker5/lichen/subsys/lichen/l2/icmpv6.c:405:38: warning: conversion from 'int' to 'uint8_t' {aka 'unsigned char'} may change value [-Wconversion]
/mnt/lichen-zephyr/work/project-LICHEN-worker5/lichen/subsys/lichen/l2/icmpv6.c:406:42: warning: conversion from 'int' to 'uint8_t' {aka 'unsigned char'} may change value [-Wconversion]
ELF size: 5221844 bytes
ELF hash: 1cfbbc3c7796b8d39fcf1f10a2ea7aa8078b723be30a8de9754af04c7a85b793
BIN size: 154732 bytes
BIN hash: 4c980ebce2774ef4b73713bb222f91beb610e8c81e4bb64805f22f9ab79c8173
Memory usage:
Memory region         Used Size  Region Size  %age Used
           FLASH:      154732 B         1 MB     14.76%
             RAM:       68820 B       256 KB     26.25%
        IDT_LIST:          0 GB        32 KB      0.00%
Generating files from /mnt/lichen-zephyr/work/project-LICHEN-worker5/build/rak4631_nrf52840_puck_renode/zephyr/zephyr.elf for board: rak4631
Build rak4631_nrf52840_puck_renode completed successfully.

=== Building t1000_e/nrf52840 puck  ===
Command: west build -b t1000_e/nrf52840 lichen/apps/puck -d build/t1000_e_nrf52840_puck -p always -- -DZEPHYR_EXTRA_MODULES=/mnt/lichen-zephyr/work/project-LICHEN-worker5/lichen -DBOARD_ROOT=/mnt/lichen-zephyr/work/project-LICHEN-worker5/lichen 
Exit code: 0
Log: build-logs-2auf.31.1/t1000_e_nrf52840_puck.log
WARNINGS/ERRORS found (LICHEN-specific):
/mnt/lichen-zephyr/work/project-LICHEN-worker5/lichen/apps/puck/src/main.c:100:30: warning: 's_radio_stats' defined but not used [-Wunused-variable]
/mnt/lichen-zephyr/work/project-LICHEN-worker5/lichen/apps/puck/src/main.c:97:22: warning: 's_iid' defined but not used [-Wunused-const-variable=]
/mnt/lichen-zephyr/work/project-LICHEN-worker5/lichen/subsys/lichen/coap/coap_status.c:267:22: warning: conversion from 'int' to 'uint8_t' {aka 'unsigned char'} may change value [-Wconversion]
/mnt/lichen-zephyr/work/project-LICHEN-worker5/lichen/subsys/lichen/coap/coap_status.c:268:22: warning: conversion from 'int' to 'uint8_t' {aka 'unsigned char'} may change value [-Wconversion]
/mnt/lichen-zephyr/work/project-LICHEN-worker5/lichen/subsys/lichen/coap/coap_status.c:297:32: warning: conversion from 'int' to 'uint8_t' {aka 'unsigned char'} may change value [-Wconversion]
/mnt/lichen-zephyr/work/project-LICHEN-worker5/lichen/subsys/lichen/coap/coap_status.c:298:32: warning: conversion from 'int' to 'uint8_t' {aka 'unsigned char'} may change value [-Wconversion]
/mnt/lichen-zephyr/work/project-LICHEN-worker5/lichen/subsys/lichen/coap/coap_status.c:299:32: warning: conversion from 'int' to 'uint8_t' {aka 'unsigned char'} may change value [-Wconversion]
/mnt/lichen-zephyr/work/project-LICHEN-worker5/lichen/subsys/lichen/coap/coap_status.c:330:33: warning: conversion from 'int' to 'uint8_t' {aka 'unsigned char'} may change value [-Wconversion]
/mnt/lichen-zephyr/work/project-LICHEN-worker5/lichen/subsys/lichen/coap/coap_status.c:331:33: warning: conversion from 'int' to 'uint8_t' {aka 'unsigned char'} may change value [-Wconversion]
/mnt/lichen-zephyr/work/project-LICHEN-worker5/lichen/subsys/lichen/coap/coap_status.c:457:22: warning: conversion from 'int' to 'uint8_t' {aka 'unsigned char'} may change value [-Wconversion]
/mnt/lichen-zephyr/work/project-LICHEN-worker5/lichen/subsys/lichen/coap/coap_status.c:541:64: warning: conversion from 'size_t' {aka 'unsigned int'} to 'uint16_t' {aka 'short unsigned int'} may change value [-Wconversion]
/mnt/lichen-zephyr/work/project-LICHEN-worker5/lichen/subsys/lichen/coap/coap_status.c:637:58: warning: conversion from 'size_t' {aka 'unsigned int'} to 'uint16_t' {aka 'short unsigned int'} may change value [-Wconversion]
/mnt/lichen-zephyr/work/project-LICHEN-worker5/lichen/subsys/lichen/coap/coap_status.c:740:58: warning: conversion from 'size_t' {aka 'unsigned int'} to 'uint16_t' {aka 'short unsigned int'} may change value [-Wconversion]
/mnt/lichen-zephyr/work/project-LICHEN-worker5/lichen/subsys/lichen/schc/schc.c:387:34: warning: conversion from 'uint32_t' {aka 'unsigned int'} to 'uint16_t' {aka 'short unsigned int'} may change value [-Wconversion]
/mnt/lichen-zephyr/work/project-LICHEN-worker5/lichen/subsys/lichen/schc/schc.c:666:61: warning: conversion from 'size_t' {aka 'unsigned int'} to 'uint16_t' {aka 'short unsigned int'} may change value [-Wconversion]
/mnt/lichen-zephyr/work/project-LICHEN-worker5/lichen/subsys/lichen/schc/schc.c:84:33: warning: conversion from 'size_t' {aka 'unsigned int'} to 'uint16_t' {aka 'short unsigned int'} may change value [-Wconversion]
/mnt/lichen-zephyr/work/project-LICHEN-worker5/lichen/subsys/lichen/l2/icmpv6.c:110:25: warning: conversion from 'size_t' {aka 'unsigned int'} to 'uint8_t' {aka 'unsigned char'} may change value [-Wconversion]
/mnt/lichen-zephyr/work/project-LICHEN-worker5/lichen/subsys/lichen/l2/icmpv6.c:232:14: warning: conversion from 'int' to 'uint8_t' {aka 'unsigned char'} may change value [-Wconversion]
/mnt/lichen-zephyr/work/project-LICHEN-worker5/lichen/subsys/lichen/l2/icmpv6.c:233:14: warning: conversion from 'int' to 'uint8_t' {aka 'unsigned char'} may change value [-Wconversion]
/mnt/lichen-zephyr/work/project-LICHEN-worker5/lichen/subsys/lichen/l2/icmpv6.c:294:37: warning: conversion from 'int' to 'uint8_t' {aka 'unsigned char'} may change value [-Wconversion]
/mnt/lichen-zephyr/work/project-LICHEN-worker5/lichen/subsys/lichen/l2/icmpv6.c:295:41: warning: conversion from 'int' to 'uint8_t' {aka 'unsigned char'} may change value [-Wconversion]
/mnt/lichen-zephyr/work/project-LICHEN-worker5/lichen/subsys/lichen/l2/icmpv6.c:296:38: warning: conversion from 'int' to 'uint8_t' {aka 'unsigned char'} may change value [-Wconversion]
/mnt/lichen-zephyr/work/project-LICHEN-worker5/lichen/subsys/lichen/l2/icmpv6.c:297:42: warning: conversion from 'int' to 'uint8_t' {aka 'unsigned char'} may change value [-Wconversion]
/mnt/lichen-zephyr/work/project-LICHEN-worker5/lichen/subsys/lichen/l2/icmpv6.c:306:38: warning: conversion from 'int' to 'uint8_t' {aka 'unsigned char'} may change value [-Wconversion]
/mnt/lichen-zephyr/work/project-LICHEN-worker5/lichen/subsys/lichen/l2/icmpv6.c:307:42: warning: conversion from 'int' to 'uint8_t' {aka 'unsigned char'} may change value [-Wconversion]
/mnt/lichen-zephyr/work/project-LICHEN-worker5/lichen/subsys/lichen/l2/icmpv6.c:393:40: warning: conversion from 'uint32_t' {aka 'unsigned int'} to 'uint8_t' {aka 'unsigned char'} may change value [-Wconversion]
/mnt/lichen-zephyr/work/project-LICHEN-worker5/lichen/subsys/lichen/l2/icmpv6.c:405:38: warning: conversion from 'int' to 'uint8_t' {aka 'unsigned char'} may change value [-Wconversion]
/mnt/lichen-zephyr/work/project-LICHEN-worker5/lichen/subsys/lichen/l2/icmpv6.c:406:42: warning: conversion from 'int' to 'uint8_t' {aka 'unsigned char'} may change value [-Wconversion]
ELF size: 6273640 bytes
ELF hash: 2b4c53e0fc59f921d5351f8f169d3316bdefed6e63a65c895b9542541f9f4418
BIN size: 193920 bytes
BIN hash: 13fee9e76cc5a7ce7731a5f6a574154ea04c600ff04b43dfb23fd52fed4fa5be
Memory usage:
Memory region         Used Size  Region Size  %age Used
           FLASH:      193920 B       356 KB     53.20%
             RAM:       84500 B       256 KB     32.23%
        IDT_LIST:          0 GB        32 KB      0.00%
Generating files from /mnt/lichen-zephyr/work/project-LICHEN-worker5/build/t1000_e_nrf52840_puck/zephyr/zephyr.elf for board: t1000_e
Build t1000_e_nrf52840_puck completed successfully.

=== Building r1_neo/nrf52840 puck  ===
Command: west build -b r1_neo/nrf52840 lichen/apps/puck -d build/r1_neo_nrf52840_puck -p always -- -DZEPHYR_EXTRA_MODULES=/mnt/lichen-zephyr/work/project-LICHEN-worker5/lichen -DBOARD_ROOT=/mnt/lichen-zephyr/work/project-LICHEN-worker5/lichen 
Exit code: 1
Log: build-logs-2auf.31.1/r1_neo_nrf52840_puck.log
BUILD FAILED for r1_neo_nrf52840_puck
-- west build: making build dir /mnt/lichen-zephyr/work/project-LICHEN-worker5/build/r1_neo_nrf52840_puck pristine
-- west build: generating a build system
Loading Zephyr default modules (Zephyr base).
-- Application: /mnt/lichen-zephyr/work/project-LICHEN-worker5/lichen/apps/puck
-- CMake version: 3.30.0
-- Found Python3: /mnt/lichen-zephyr/venv/bin/python3 (found suitable version "3.9.25", minimum required is "3.8") found components: Interpreter
-- Cache files will be written to: /home/ec2-user/.cache/zephyr
-- Zephyr version: 3.7.0 (/mnt/lichen-zephyr/work/zephyr)
-- Found west (found suitable version "1.5.0", minimum required is "0.14.0")
-- Board: r1_neo, qualifiers: nrf52840
-- Found host-tools: zephyr 0.16.8 (/mnt/lichen-zephyr/zephyr-sdk-0.16.8)
-- Found toolchain: zephyr 0.16.8 (/mnt/lichen-zephyr/zephyr-sdk-0.16.8)
-- Found Dtc: /mnt/lichen-zephyr/zephyr-sdk-0.16.8/sysroots/aarch64-pokysdk-linux/usr/bin/dtc (found suitable version "1.6.0", minimum required is "1.4.6")
-- Found BOARD.dts: /mnt/lichen-zephyr/work/project-LICHEN-worker5/lichen/boards/muzi/r1_neo/r1_neo_nrf52840.dts
-- Found devicetree overlay: /mnt/lichen-zephyr/work/project-LICHEN-worker5/lichen/apps/puck/boards/r1_neo_nrf52840.overlay
-- Generated zephyr.dts: /mnt/lichen-zephyr/work/project-LICHEN-worker5/build/r1_neo_nrf52840_puck/zephyr/zephyr.dts
-- Generated devicetree_generated.h: /mnt/lichen-zephyr/work/project-LICHEN-worker5/build/r1_neo_nrf52840_puck/zephyr/include/generated/zephyr/devicetree_generated.h
-- Including generated dts.cmake file: /mnt/lichen-zephyr/work/project-LICHEN-worker5/build/r1_neo_nrf52840_puck/zephyr/dts.cmake
/mnt/lichen-zephyr/work/project-LICHEN-worker5/build/r1_neo_nrf52840_puck/zephyr/zephyr.dts:62.25-67.5: Warning (unique_unit_address_if_enabled): /soc/clock@40000000: duplicate unit-address (also used in node /soc/power@40000000)
/mnt/lichen-zephyr/work/project-LICHEN-worker5/build/r1_neo_nrf52840_puck/zephyr/zephyr.dts:362.21-366.5: Warning (unique_unit_address_if_enabled): /soc/acl@4001e000: duplicate unit-address (also used in node /soc/flash-controller@4001e000)

warning: COAP_CLIENT_BLOCK_SIZE (defined at subsys/net/lib/coap/Kconfig:118) was assigned the value
'128' but got the value ''. Check these unsatisfied dependencies: COAP_CLIENT (=n). See
http://docs.zephyrproject.org/latest/kconfig.html#CONFIG_COAP_CLIENT_BLOCK_SIZE and/or look up
COAP_CLIENT_BLOCK_SIZE in the menuconfig/guiconfig interface. The Application Development Primer,
Setting Configuration Values, and Kconfig - Tips and Best Practices sections of the manual might be
helpful too.


warning: COAP_CLIENT_STACK_SIZE (defined at subsys/net/lib/coap/Kconfig:139) was assigned the value
'8192' but got the value ''. Check these unsatisfied dependencies: COAP_CLIENT (=n). See
http://docs.zephyrproject.org/latest/kconfig.html#CONFIG_COAP_CLIENT_STACK_SIZE and/or look up
COAP_CLIENT_STACK_SIZE in the menuconfig/guiconfig interface. The Application Development Primer,
Setting Configuration Values, and Kconfig - Tips and Best Practices sections of the manual might be
helpful too.

Parsing /mnt/lichen-zephyr/work/project-LICHEN-worker5/lichen/apps/puck/Kconfig
Loaded configuration '/mnt/lichen-zephyr/work/project-LICHEN-worker5/lichen/boards/muzi/r1_neo/r1_neo_nrf52840_defconfig'
Merged configuration '/mnt/lichen-zephyr/work/project-LICHEN-worker5/lichen/apps/puck/prj.conf'
Merged configuration '/mnt/lichen-zephyr/work/project-LICHEN-worker5/lichen/apps/puck/boards/r1_neo_nrf52840.conf'
Merged configuration '/mnt/lichen-zephyr/work/project-LICHEN-worker5/build/r1_neo_nrf52840_puck/lichen/build_epoch.conf'
Configuration saved to '/mnt/lichen-zephyr/work/project-LICHEN-worker5/build/r1_neo_nrf52840_puck/zephyr/.config'
Kconfig header saved to '/mnt/lichen-zephyr/work/project-LICHEN-worker5/build/r1_neo_nrf52840_puck/zephyr/include/generated/zephyr/autoconf.h'
-- Found GnuLd: /mnt/lichen-zephyr/zephyr-sdk-0.16.8/arm-zephyr-eabi/arm-zephyr-eabi/bin/ld.bfd (found version "2.38")
-- The C compiler identification is GNU 12.2.0
-- The CXX compiler identification is GNU 12.2.0
-- The ASM compiler identification is GNU
-- Found assembler: /mnt/lichen-zephyr/zephyr-sdk-0.16.8/arm-zephyr-eabi/bin/arm-zephyr-eabi-gcc
-- Configuring done (3.2s)
-- Generating done (0.1s)
-- Build files have been written to: /mnt/lichen-zephyr/work/project-LICHEN-worker5/build/r1_neo_nrf52840_puck
-- west build: building application
[1/261] Preparing syscall dependency handling

[2/261] Generating include/generated/zephyr/version.h
-- Zephyr version: 3.7.0 (/mnt/lichen-zephyr/work/zephyr), build: v3.7.0
[3/261] Generating misc/generated/syscalls_subdirs.trigger
[4/261] Generating misc/generated/syscalls.json, misc/generated/struct_tags.json
[5/261] Generating include/generated/zephyr/syscall_dispatch.c, include/generated/zephyr/syscall_list.h
[6/261] Generating include/generated/zephyr/driver-validation.h
[7/261] Generating include/generated/zephyr/kobj-types-enum.h, include/generated/zephyr/otype-to-str.h, include/generated/zephyr/otype-to-size.h
[8/261] Building C object zephyr/CMakeFiles/offsets.dir/arch/arm/core/offsets/offsets.c.obj
[9/261] Generating include/generated/zephyr/offsets.h
[10/261] Building C object zephyr/CMakeFiles/zephyr.dir/lib/crc/crc7_sw.c.obj
[11/261] Building C object zephyr/CMakeFiles/zephyr.dir/lib/crc/crc32_sw.c.obj
[12/261] Building C object zephyr/CMakeFiles/zephyr.dir/lib/crc/crc32c_sw.c.obj
[13/261] Building C object zephyr/CMakeFiles/zephyr.dir/lib/crc/crc24_sw.c.obj
[14/261] Building C object zephyr/CMakeFiles/zephyr.dir/lib/crc/crc4_sw.c.obj
[15/261] Building C object zephyr/CMakeFiles/zephyr.dir/lib/crc/crc16_sw.c.obj
[16/261] Building C object zephyr/CMakeFiles/zephyr.dir/lib/crc/crc8_sw.c.obj
[17/261] Building C object zephyr/arch/common/CMakeFiles/isr_tables.dir/isr_tables.c.obj
[18/261] Building C object zephyr/CMakeFiles/zephyr.dir/lib/utils/dec.c.obj
[19/261] Building C object zephyr/CMakeFiles/zephyr.dir/lib/os/assert.c.obj
[20/261] Building C object zephyr/CMakeFiles/zephyr.dir/lib/os/printk.c.obj
[21/261] Building C object CMakeFiles/app.dir/src/puck_location.c.obj
[22/261] Building C object zephyr/CMakeFiles/zephyr.dir/lib/os/thread_entry.c.obj
[23/261] Building C object zephyr/CMakeFiles/zephyr.dir/lib/utils/hex.c.obj
[24/261] Building C object zephyr/CMakeFiles/zephyr.dir/lib/utils/timeutil.c.obj
[25/261] Building C object zephyr/CMakeFiles/zephyr.dir/lib/os/sem.c.obj
[26/261] Building C object zephyr/CMakeFiles/zephyr.dir/misc/generated/configs.c.obj
[27/261] Building C object zephyr/CMakeFiles/zephyr.dir/lib/heap/heap.c.obj
[28/261] Building C object zephyr/CMakeFiles/zephyr.dir/lib/utils/notify.c.obj
[29/261] Building C object zephyr/CMakeFiles/zephyr.dir/lib/os/fdtable.c.obj
[30/261] Building C object zephyr/CMakeFiles/zephyr.dir/lib/os/mpsc_pbuf.c.obj
[31/261] Building C object zephyr/CMakeFiles/zephyr.dir/lib/utils/ring_buffer.c.obj
[32/261] Building C object zephyr/CMakeFiles/zephyr.dir/subsys/tracing/tracing_none.c.obj
[33/261] Building C object zephyr/CMakeFiles/zephyr.dir/subsys/logging/log_cache.c.obj
[34/261] Building C object zephyr/CMakeFiles/zephyr.dir/lib/os/cbprintf_packaged.c.obj
[35/261] Building C object zephyr/CMakeFiles/zephyr.dir/lib/os/cbprintf_complete.c.obj
[36/261] Building C object zephyr/CMakeFiles/zephyr.dir/lib/utils/onoff.c.obj
[37/261] Building C object zephyr/CMakeFiles/zephyr.dir/lib/utils/rb.c.obj
[38/261] Building C object CMakeFiles/app.dir/src/main.c.obj
FAILED: [code=1] CMakeFiles/app.dir/src/main.c.obj 
/mnt/lichen-zephyr/zephyr-sdk-0.16.8/arm-zephyr-eabi/bin/arm-zephyr-eabi-gcc -DKERNEL -DK_HEAP_MEM_POOL_SIZE=0 -DNRF52840_XXAA -DPICOLIBC_LONG_LONG_PRINTF_SCANF -D__LINUX_ERRNO_EXTENSIONS__ -D__PROGRAM_START -D__ZEPHYR__=1 -I/mnt/lichen-zephyr/work/project-LICHEN-worker5/lichen/apps/puck/../../lib/native/include -I/mnt/lichen-zephyr/work/project-LICHEN-worker5/build/r1_neo_nrf52840_puck/zephyr/include/generated/zephyr -I/mnt/lichen-zephyr/work/zephyr/include -I/mnt/lichen-zephyr/work/project-LICHEN-worker5/build/r1_neo_nrf52840_puck/zephyr/include/generated -I/mnt/lichen-zephyr/work/zephyr/soc/nordic -I/mnt/lichen-zephyr/work/zephyr/soc/nordic/nrf52/. -I/mnt/lichen-zephyr/work/zephyr/soc/nordic/common/. -I/mnt/lichen-zephyr/work/zephyr/subsys/usb/device -I/mnt/lichen-zephyr/work/zephyr/subsys/net/lib/coap/. -I/mnt/lichen-zephyr/work/zephyr/drivers/usb/common/nrf_usbd_common/. -I/mnt/lichen-zephyr/work/modules/hal/cmsis/CMSIS/Core/Include -I/mnt/lichen-zephyr/work/zephyr/modules/cmsis/. -I/mnt/lichen-zephyr/work/modules/hal/nordic/nrfx -I/mnt/lichen-zephyr/work/modules/hal/nordic/nrfx/drivers/include -I/mnt/lichen-zephyr/work/modules/hal/nordic/nrfx/mdk -I/mnt/lichen-zephyr/work/zephyr/modules/hal_nordic/nrfx/. -I/mnt/lichen-zephyr/work/modules/crypto/tinycrypt/lib/include -I/mnt/lichen-zephyr/work/modules/lib/zcbor/include -I/mnt/lichen-zephyr/work/project-LICHEN-worker5/lichen/lib/native/include -I/mnt/lichen-zephyr/work/project-LICHEN-worker5/lichen/subsys/schc/include -I/mnt/lichen-zephyr/work/project-LICHEN-worker5/lichen/subsys/lichen/crypto -I/mnt/lichen-zephyr/work/project-LICHEN-worker5/lichen/subsys/lichen/hal/include -I/mnt/lichen-zephyr/work/project-LICHEN-worker5/lichen/subsys/lichen/link/include -I/mnt/lichen-zephyr/work/project-LICHEN-worker5/lichen/subsys/lichen/link/../schc/include -I/mnt/lichen-zephyr/work/project-LICHEN-worker5/lichen/subsys/lichen/link/../crypto -I/mnt/lichen-zephyr/work/project-LICHEN-worker5/lichen/subsys/lichen/l2/. -I/mnt/lichen-zephyr/work/project-LICHEN-worker5/lichen/subsys/lichen/schc/include -isystem /mnt/lichen-zephyr/work/zephyr/lib/libc/common/include -fno-strict-aliasing -Os -imacros /mnt/lichen-zephyr/work/project-LICHEN-worker5/build/r1_neo_nrf52840_puck/zephyr/include/generated/zephyr/autoconf.h -fno-printf-return-value -fno-common -g -gdwarf-4 -fdiagnostics-color=always -mcpu=cortex-m4 -mthumb -mabi=aapcs -mfp16-format=ieee -mtp=soft --sysroot=/mnt/lichen-zephyr/zephyr-sdk-0.16.8/arm-zephyr-eabi/arm-zephyr-eabi -imacros /mnt/lichen-zephyr/work/zephyr/include/zephyr/toolchain/zephyr_stdint.h -Wall -Wformat -Wformat-security -Wno-format-zero-length -Wdouble-promotion -Wno-pointer-sign -Wpointer-arith -Wexpansion-to-defined -Wno-unused-but-set-variable -Werror=implicit-int -fno-pic -fno-pie -fno-asynchronous-unwind-tables -ftls-model=local-exec -fno-reorder-functions --param=min-pagesize=0 -fno-defer-pop -fmacro-prefix-map=/mnt/lichen-zephyr/work/project-LICHEN-worker5/lichen/apps/puck=CMAKE_SOURCE_DIR -fmacro-prefix-map=/mnt/lichen-zephyr/work/zephyr=ZEPHYR_BASE -fmacro-prefix-map=/mnt/lichen-zephyr/work=WEST_TOPDIR -ffunction-sections -fdata-sections --specs=picolibc.specs -std=c99 -MD -MT CMakeFiles/app.dir/src/main.c.obj -MF CMakeFiles/app.dir/src/main.c.obj.d -o CMakeFiles/app.dir/src/main.c.obj -c /mnt/lichen-zephyr/work/project-LICHEN-worker5/lichen/apps/puck/src/main.c
In file included from /mnt/lichen-zephyr/work/project-LICHEN-worker5/lichen/apps/puck/src/main.c:29:
/mnt/lichen-zephyr/work/zephyr/include/zephyr/net/coap_service.h:45:40: error: 'CONFIG_COAP_SERVICE_OBSERVERS' undeclared here (not in a function)
   45 |         struct coap_observer observers[CONFIG_COAP_SERVICE_OBSERVERS];
      |                                        ^~~~~~~~~~~~~~~~~~~~~~~~~~~~~
/mnt/lichen-zephyr/work/zephyr/include/zephyr/net/coap_service.h:46:37: error: 'CONFIG_COAP_SERVICE_PENDING_MESSAGES' undeclared here (not in a function)
   46 |         struct coap_pending pending[CONFIG_COAP_SERVICE_PENDING_MESSAGES];
      |                                     ^~~~~~~~~~~~~~~~~~~~~~~~~~~~~~~~~~~~
/mnt/lichen-zephyr/work/project-LICHEN-worker5/lichen/apps/puck/src/main.c:30:10: fatal error: lichen/coap_client.h: No such file or directory
   30 | #include <lichen/coap_client.h>
      |          ^~~~~~~~~~~~~~~~~~~~~~
compilation terminated.
[39/261] Building C object zephyr/CMakeFiles/zephyr.dir/subsys/logging/backends/log_backend_uart.c.obj
[40/261] Building C object zephyr/CMakeFiles/zephyr.dir/mnt/lichen-zephyr/work/modules/crypto/tinycrypt/lib/source/utils.c.obj
[41/261] Building C object zephyr/CMakeFiles/zephyr.dir/lib/utils/bitarray.c.obj
[42/261] Building C object zephyr/CMakeFiles/zephyr.dir/subsys/mem_mgmt/mem_attr.c.obj
[43/261] Building C object zephyr/CMakeFiles/zephyr.dir/subsys/logging/log_msg.c.obj
[44/261] Building C object zephyr/CMakeFiles/zephyr.dir/mnt/lichen-zephyr/work/modules/crypto/tinycrypt/lib/source/aes_decrypt.c.obj
[45/261] Building C object zephyr/CMakeFiles/zephyr.dir/subsys/usb/device/usb_work_q.c.obj
[46/261] Building C object zephyr/CMakeFiles/zephyr.dir/subsys/logging/log_core.c.obj
[47/261] Building C object zephyr/CMakeFiles/zephyr.dir/subsys/net/lib/utils/addr_utils.c.obj
[48/261] Building C object zephyr/CMakeFiles/zephyr.dir/subsys/logging/log_mgmt.c.obj
[49/261] Building C object zephyr/CMakeFiles/zephyr.dir/subsys/logging/log_output.c.obj
[50/261] Building C object zephyr/CMakeFiles/zephyr.dir/subsys/net/lib/coap/coap_link_format.c.obj
[51/261] Building C object zephyr/CMakeFiles/zephyr.dir/subsys/usb/device/usb_transfer.c.obj
[52/261] Building C object zephyr/CMakeFiles/zephyr.dir/subsys/usb/device/usb_descriptor.c.obj
[53/261] Building C object zephyr/CMakeFiles/zephyr.dir/subsys/usb/device/class/cdc_acm.c.obj
/mnt/lichen-zephyr/work/zephyr/subsys/usb/device/class/cdc_acm.c:64:2: warning: #warning "USB_CDC_ACM_LOG_LEVEL forced to LOG_LEVEL_NONE" [-Wcpp]
   64 | #warning "USB_CDC_ACM_LOG_LEVEL forced to LOG_LEVEL_NONE"
      |  ^~~~~~~
[54/261] Building C object zephyr/CMakeFiles/zephyr.dir/subsys/net/lib/coap/coap.c.obj
[55/261] Building C object zephyr/CMakeFiles/zephyr.dir/subsys/usb/device/usb_device.c.obj
ninja: build stopped: subcommand failed.
FATAL ERROR: command exited with status 1: /mnt/lichen-zephyr/venv/bin/cmake --build /mnt/lichen-zephyr/work/project-LICHEN-worker5/build/r1_neo_nrf52840_puck

=== Building t_echo/nrf52840 gateway  ===
Command: west build -b t_echo/nrf52840 lichen/apps/gateway -d build/t_echo_nrf52840_gateway -p always -- -DZEPHYR_EXTRA_MODULES=/mnt/lichen-zephyr/work/project-LICHEN-worker5/lichen -DBOARD_ROOT=/mnt/lichen-zephyr/work/project-LICHEN-worker5/lichen 
Exit code: 0
Log: build-logs-2auf.31.1/t_echo_nrf52840_gateway.log
WARNINGS/ERRORS found (LICHEN-specific):
/mnt/lichen-zephyr/work/project-LICHEN-worker5/lichen/subsys/lichen/coap/coap_client.c:468:37: warning: conversion from 'size_t' {aka 'unsigned int'} to 'uint8_t' {aka 'unsigned char'} may change value [-Wconversion]
/mnt/lichen-zephyr/work/project-LICHEN-worker5/lichen/subsys/lichen/coap/coap_status.c:267:22: warning: conversion from 'int' to 'uint8_t' {aka 'unsigned char'} may change value [-Wconversion]
/mnt/lichen-zephyr/work/project-LICHEN-worker5/lichen/subsys/lichen/coap/coap_status.c:268:22: warning: conversion from 'int' to 'uint8_t' {aka 'unsigned char'} may change value [-Wconversion]
/mnt/lichen-zephyr/work/project-LICHEN-worker5/lichen/subsys/lichen/coap/coap_status.c:297:32: warning: conversion from 'int' to 'uint8_t' {aka 'unsigned char'} may change value [-Wconversion]
/mnt/lichen-zephyr/work/project-LICHEN-worker5/lichen/subsys/lichen/coap/coap_status.c:298:32: warning: conversion from 'int' to 'uint8_t' {aka 'unsigned char'} may change value [-Wconversion]
/mnt/lichen-zephyr/work/project-LICHEN-worker5/lichen/subsys/lichen/coap/coap_status.c:299:32: warning: conversion from 'int' to 'uint8_t' {aka 'unsigned char'} may change value [-Wconversion]
/mnt/lichen-zephyr/work/project-LICHEN-worker5/lichen/subsys/lichen/coap/coap_status.c:330:33: warning: conversion from 'int' to 'uint8_t' {aka 'unsigned char'} may change value [-Wconversion]
/mnt/lichen-zephyr/work/project-LICHEN-worker5/lichen/subsys/lichen/coap/coap_status.c:331:33: warning: conversion from 'int' to 'uint8_t' {aka 'unsigned char'} may change value [-Wconversion]
/mnt/lichen-zephyr/work/project-LICHEN-worker5/lichen/subsys/lichen/coap/coap_status.c:457:22: warning: conversion from 'int' to 'uint8_t' {aka 'unsigned char'} may change value [-Wconversion]
/mnt/lichen-zephyr/work/project-LICHEN-worker5/lichen/subsys/lichen/coap/coap_status.c:541:64: warning: conversion from 'size_t' {aka 'unsigned int'} to 'uint16_t' {aka 'short unsigned int'} may change value [-Wconversion]
/mnt/lichen-zephyr/work/project-LICHEN-worker5/lichen/subsys/lichen/coap/coap_status.c:637:58: warning: conversion from 'size_t' {aka 'unsigned int'} to 'uint16_t' {aka 'short unsigned int'} may change value [-Wconversion]
/mnt/lichen-zephyr/work/project-LICHEN-worker5/lichen/subsys/lichen/coap/coap_status.c:740:58: warning: conversion from 'size_t' {aka 'unsigned int'} to 'uint16_t' {aka 'short unsigned int'} may change value [-Wconversion]
/mnt/lichen-zephyr/work/project-LICHEN-worker5/lichen/subsys/lichen/oscore/hkdf.c:134:34: warning: conversion from 'uint16_t' {aka 'short unsigned int'} to 'uint8_t' {aka 'unsigned char'} may change value [-Wconversion]
/mnt/lichen-zephyr/work/project-LICHEN-worker5/lichen/subsys/lichen/oscore/coap_oscore.c:179:52: warning: conversion from 'size_t' {aka 'unsigned int'} to 'uint16_t' {aka 'short unsigned int'} may change value [-Wconversion]
/mnt/lichen-zephyr/work/project-LICHEN-worker5/lichen/subsys/lichen/oscore/coap_oscore.c:189:53: warning: conversion from 'size_t' {aka 'unsigned int'} to 'uint16_t' {aka 'short unsigned int'} may change value [-Wconversion]
/mnt/lichen-zephyr/work/project-LICHEN-worker5/lichen/subsys/lichen/oscore/coap_oscore.c:200:64: warning: conversion from 'size_t' {aka 'unsigned int'} to 'uint16_t' {aka 'short unsigned int'} may change value [-Wconversion]
/mnt/lichen-zephyr/work/project-LICHEN-worker5/lichen/subsys/lichen/schc/schc.c:387:34: warning: conversion from 'uint32_t' {aka 'unsigned int'} to 'uint16_t' {aka 'short unsigned int'} may change value [-Wconversion]
/mnt/lichen-zephyr/work/project-LICHEN-worker5/lichen/subsys/lichen/schc/schc.c:666:61: warning: conversion from 'size_t' {aka 'unsigned int'} to 'uint16_t' {aka 'short unsigned int'} may change value [-Wconversion]
/mnt/lichen-zephyr/work/project-LICHEN-worker5/lichen/subsys/lichen/schc/schc.c:84:33: warning: conversion from 'size_t' {aka 'unsigned int'} to 'uint16_t' {aka 'short unsigned int'} may change value [-Wconversion]
/mnt/lichen-zephyr/work/project-LICHEN-worker5/lichen/subsys/lichen/l2/icmpv6.c:110:25: warning: conversion from 'size_t' {aka 'unsigned int'} to 'uint8_t' {aka 'unsigned char'} may change value [-Wconversion]
/mnt/lichen-zephyr/work/project-LICHEN-worker5/lichen/subsys/lichen/l2/icmpv6.c:232:14: warning: conversion from 'int' to 'uint8_t' {aka 'unsigned char'} may change value [-Wconversion]
/mnt/lichen-zephyr/work/project-LICHEN-worker5/lichen/subsys/lichen/l2/icmpv6.c:233:14: warning: conversion from 'int' to 'uint8_t' {aka 'unsigned char'} may change value [-Wconversion]
/mnt/lichen-zephyr/work/project-LICHEN-worker5/lichen/subsys/lichen/l2/icmpv6.c:294:37: warning: conversion from 'int' to 'uint8_t' {aka 'unsigned char'} may change value [-Wconversion]
/mnt/lichen-zephyr/work/project-LICHEN-worker5/lichen/subsys/lichen/l2/icmpv6.c:295:41: warning: conversion from 'int' to 'uint8_t' {aka 'unsigned char'} may change value [-Wconversion]
/mnt/lichen-zephyr/work/project-LICHEN-worker5/lichen/subsys/lichen/l2/icmpv6.c:296:38: warning: conversion from 'int' to 'uint8_t' {aka 'unsigned char'} may change value [-Wconversion]
/mnt/lichen-zephyr/work/project-LICHEN-worker5/lichen/subsys/lichen/l2/icmpv6.c:297:42: warning: conversion from 'int' to 'uint8_t' {aka 'unsigned char'} may change value [-Wconversion]
/mnt/lichen-zephyr/work/project-LICHEN-worker5/lichen/subsys/lichen/l2/icmpv6.c:306:38: warning: conversion from 'int' to 'uint8_t' {aka 'unsigned char'} may change value [-Wconversion]
/mnt/lichen-zephyr/work/project-LICHEN-worker5/lichen/subsys/lichen/l2/icmpv6.c:307:42: warning: conversion from 'int' to 'uint8_t' {aka 'unsigned char'} may change value [-Wconversion]
/mnt/lichen-zephyr/work/project-LICHEN-worker5/lichen/subsys/lichen/l2/icmpv6.c:393:40: warning: conversion from 'uint32_t' {aka 'unsigned int'} to 'uint8_t' {aka 'unsigned char'} may change value [-Wconversion]
/mnt/lichen-zephyr/work/project-LICHEN-worker5/lichen/subsys/lichen/l2/icmpv6.c:405:38: warning: conversion from 'int' to 'uint8_t' {aka 'unsigned char'} may change value [-Wconversion]
/mnt/lichen-zephyr/work/project-LICHEN-worker5/lichen/subsys/lichen/l2/icmpv6.c:406:42: warning: conversion from 'int' to 'uint8_t' {aka 'unsigned char'} may change value [-Wconversion]
ELF size: 7492204 bytes
ELF hash: 1de37fcf9a1fa097b280022d84ebaddee6e25d27a7439a52eb856eb659634e82
BIN size: 256208 bytes
BIN hash: 260ed9cf5ffc73ba90504792c5addbf51dbf1172d25f292fdf3c4e566adaf7bf
Memory usage:
Memory region         Used Size  Region Size  %age Used
           FLASH:      256208 B         1 MB     24.43%
             RAM:       80836 B       256 KB     30.84%
        IDT_LIST:          0 GB        32 KB      0.00%
Generating files from /mnt/lichen-zephyr/work/project-LICHEN-worker5/build/t_echo_nrf52840_gateway/zephyr/zephyr.elf for board: t_echo
Build t_echo_nrf52840_gateway completed successfully.

=== Building r1_neo/nrf52840 gateway  ===
Command: west build -b r1_neo/nrf52840 lichen/apps/gateway -d build/r1_neo_nrf52840_gateway -p always -- -DZEPHYR_EXTRA_MODULES=/mnt/lichen-zephyr/work/project-LICHEN-worker5/lichen -DBOARD_ROOT=/mnt/lichen-zephyr/work/project-LICHEN-worker5/lichen 
Exit code: 0
Log: build-logs-2auf.31.1/r1_neo_nrf52840_gateway.log
WARNINGS/ERRORS found (LICHEN-specific):
/mnt/lichen-zephyr/work/project-LICHEN-worker5/lichen/subsys/lichen/coap/coap_status.c:267:22: warning: conversion from 'int' to 'uint8_t' {aka 'unsigned char'} may change value [-Wconversion]
/mnt/lichen-zephyr/work/project-LICHEN-worker5/lichen/subsys/lichen/coap/coap_status.c:268:22: warning: conversion from 'int' to 'uint8_t' {aka 'unsigned char'} may change value [-Wconversion]
/mnt/lichen-zephyr/work/project-LICHEN-worker5/lichen/subsys/lichen/coap/coap_status.c:297:32: warning: conversion from 'int' to 'uint8_t' {aka 'unsigned char'} may change value [-Wconversion]
/mnt/lichen-zephyr/work/project-LICHEN-worker5/lichen/subsys/lichen/coap/coap_status.c:298:32: warning: conversion from 'int' to 'uint8_t' {aka 'unsigned char'} may change value [-Wconversion]
/mnt/lichen-zephyr/work/project-LICHEN-worker5/lichen/subsys/lichen/coap/coap_status.c:299:32: warning: conversion from 'int' to 'uint8_t' {aka 'unsigned char'} may change value [-Wconversion]
/mnt/lichen-zephyr/work/project-LICHEN-worker5/lichen/subsys/lichen/coap/coap_status.c:330:33: warning: conversion from 'int' to 'uint8_t' {aka 'unsigned char'} may change value [-Wconversion]
/mnt/lichen-zephyr/work/project-LICHEN-worker5/lichen/subsys/lichen/coap/coap_status.c:331:33: warning: conversion from 'int' to 'uint8_t' {aka 'unsigned char'} may change value [-Wconversion]
/mnt/lichen-zephyr/work/project-LICHEN-worker5/lichen/subsys/lichen/coap/coap_status.c:457:22: warning: conversion from 'int' to 'uint8_t' {aka 'unsigned char'} may change value [-Wconversion]
/mnt/lichen-zephyr/work/project-LICHEN-worker5/lichen/subsys/lichen/coap/coap_status.c:541:64: warning: conversion from 'size_t' {aka 'unsigned int'} to 'uint16_t' {aka 'short unsigned int'} may change value [-Wconversion]
/mnt/lichen-zephyr/work/project-LICHEN-worker5/lichen/subsys/lichen/coap/coap_status.c:637:58: warning: conversion from 'size_t' {aka 'unsigned int'} to 'uint16_t' {aka 'short unsigned int'} may change value [-Wconversion]
/mnt/lichen-zephyr/work/project-LICHEN-worker5/lichen/subsys/lichen/coap/coap_status.c:740:58: warning: conversion from 'size_t' {aka 'unsigned int'} to 'uint16_t' {aka 'short unsigned int'} may change value [-Wconversion]
/mnt/lichen-zephyr/work/project-LICHEN-worker5/lichen/subsys/lichen/coap/coap_client.c:468:37: warning: conversion from 'size_t' {aka 'unsigned int'} to 'uint8_t' {aka 'unsigned char'} may change value [-Wconversion]
/mnt/lichen-zephyr/work/project-LICHEN-worker5/lichen/subsys/lichen/oscore/hkdf.c:134:34: warning: conversion from 'uint16_t' {aka 'short unsigned int'} to 'uint8_t' {aka 'unsigned char'} may change value [-Wconversion]
/mnt/lichen-zephyr/work/project-LICHEN-worker5/lichen/subsys/lichen/oscore/coap_oscore.c:179:52: warning: conversion from 'size_t' {aka 'unsigned int'} to 'uint16_t' {aka 'short unsigned int'} may change value [-Wconversion]
/mnt/lichen-zephyr/work/project-LICHEN-worker5/lichen/subsys/lichen/oscore/coap_oscore.c:189:53: warning: conversion from 'size_t' {aka 'unsigned int'} to 'uint16_t' {aka 'short unsigned int'} may change value [-Wconversion]
/mnt/lichen-zephyr/work/project-LICHEN-worker5/lichen/subsys/lichen/oscore/coap_oscore.c:200:64: warning: conversion from 'size_t' {aka 'unsigned int'} to 'uint16_t' {aka 'short unsigned int'} may change value [-Wconversion]
/mnt/lichen-zephyr/work/project-LICHEN-worker5/lichen/subsys/lichen/l2/icmpv6.c:110:25: warning: conversion from 'size_t' {aka 'unsigned int'} to 'uint8_t' {aka 'unsigned char'} may change value [-Wconversion]
/mnt/lichen-zephyr/work/project-LICHEN-worker5/lichen/subsys/lichen/l2/icmpv6.c:232:14: warning: conversion from 'int' to 'uint8_t' {aka 'unsigned char'} may change value [-Wconversion]
/mnt/lichen-zephyr/work/project-LICHEN-worker5/lichen/subsys/lichen/l2/icmpv6.c:233:14: warning: conversion from 'int' to 'uint8_t' {aka 'unsigned char'} may change value [-Wconversion]
/mnt/lichen-zephyr/work/project-LICHEN-worker5/lichen/subsys/lichen/l2/icmpv6.c:294:37: warning: conversion from 'int' to 'uint8_t' {aka 'unsigned char'} may change value [-Wconversion]
/mnt/lichen-zephyr/work/project-LICHEN-worker5/lichen/subsys/lichen/l2/icmpv6.c:295:41: warning: conversion from 'int' to 'uint8_t' {aka 'unsigned char'} may change value [-Wconversion]
/mnt/lichen-zephyr/work/project-LICHEN-worker5/lichen/subsys/lichen/l2/icmpv6.c:296:38: warning: conversion from 'int' to 'uint8_t' {aka 'unsigned char'} may change value [-Wconversion]
/mnt/lichen-zephyr/work/project-LICHEN-worker5/lichen/subsys/lichen/l2/icmpv6.c:297:42: warning: conversion from 'int' to 'uint8_t' {aka 'unsigned char'} may change value [-Wconversion]
/mnt/lichen-zephyr/work/project-LICHEN-worker5/lichen/subsys/lichen/l2/icmpv6.c:306:38: warning: conversion from 'int' to 'uint8_t' {aka 'unsigned char'} may change value [-Wconversion]
/mnt/lichen-zephyr/work/project-LICHEN-worker5/lichen/subsys/lichen/l2/icmpv6.c:307:42: warning: conversion from 'int' to 'uint8_t' {aka 'unsigned char'} may change value [-Wconversion]
/mnt/lichen-zephyr/work/project-LICHEN-worker5/lichen/subsys/lichen/l2/icmpv6.c:393:40: warning: conversion from 'uint32_t' {aka 'unsigned int'} to 'uint8_t' {aka 'unsigned char'} may change value [-Wconversion]
/mnt/lichen-zephyr/work/project-LICHEN-worker5/lichen/subsys/lichen/l2/icmpv6.c:405:38: warning: conversion from 'int' to 'uint8_t' {aka 'unsigned char'} may change value [-Wconversion]
/mnt/lichen-zephyr/work/project-LICHEN-worker5/lichen/subsys/lichen/l2/icmpv6.c:406:42: warning: conversion from 'int' to 'uint8_t' {aka 'unsigned char'} may change value [-Wconversion]
/mnt/lichen-zephyr/work/project-LICHEN-worker5/lichen/subsys/lichen/schc/schc.c:387:34: warning: conversion from 'uint32_t' {aka 'unsigned int'} to 'uint16_t' {aka 'short unsigned int'} may change value [-Wconversion]
/mnt/lichen-zephyr/work/project-LICHEN-worker5/lichen/subsys/lichen/schc/schc.c:666:61: warning: conversion from 'size_t' {aka 'unsigned int'} to 'uint16_t' {aka 'short unsigned int'} may change value [-Wconversion]
/mnt/lichen-zephyr/work/project-LICHEN-worker5/lichen/subsys/lichen/schc/schc.c:84:33: warning: conversion from 'size_t' {aka 'unsigned int'} to 'uint16_t' {aka 'short unsigned int'} may change value [-Wconversion]
ELF size: 8177572 bytes
ELF hash: ba8df89f8fbbe65b051e6ea234fcd878b6d6f51d8499bca23cb0e91e25306ae6
BIN size: 268836 bytes
BIN hash: 8a38b66b4d18fbbd1cb196284039e857fabad926a523853ebd8cdc86efcaf92f
Memory usage:
Memory region         Used Size  Region Size  %age Used
           FLASH:      268836 B         1 MB     25.64%
             RAM:       88708 B       256 KB     33.84%
        IDT_LIST:          0 GB        32 KB      0.00%
Generating files from /mnt/lichen-zephyr/work/project-LICHEN-worker5/build/r1_neo_nrf52840_gateway/zephyr/zephyr.elf for board: r1_neo
Build r1_neo_nrf52840_gateway completed successfully.

=== Building t1000_e/nrf52840 gateway  ===
Command: west build -b t1000_e/nrf52840 lichen/apps/gateway -d build/t1000_e_nrf52840_gateway -p always -- -DZEPHYR_EXTRA_MODULES=/mnt/lichen-zephyr/work/project-LICHEN-worker5/lichen -DBOARD_ROOT=/mnt/lichen-zephyr/work/project-LICHEN-worker5/lichen 
Exit code: 0
Log: build-logs-2auf.31.1/t1000_e_nrf52840_gateway.log
WARNINGS/ERRORS found (LICHEN-specific):
/mnt/lichen-zephyr/work/project-LICHEN-worker5/lichen/subsys/lichen/coap/coap_client.c:468:37: warning: conversion from 'size_t' {aka 'unsigned int'} to 'uint8_t' {aka 'unsigned char'} may change value [-Wconversion]
/mnt/lichen-zephyr/work/project-LICHEN-worker5/lichen/subsys/lichen/coap/coap_status.c:267:22: warning: conversion from 'int' to 'uint8_t' {aka 'unsigned char'} may change value [-Wconversion]
/mnt/lichen-zephyr/work/project-LICHEN-worker5/lichen/subsys/lichen/coap/coap_status.c:268:22: warning: conversion from 'int' to 'uint8_t' {aka 'unsigned char'} may change value [-Wconversion]
/mnt/lichen-zephyr/work/project-LICHEN-worker5/lichen/subsys/lichen/coap/coap_status.c:297:32: warning: conversion from 'int' to 'uint8_t' {aka 'unsigned char'} may change value [-Wconversion]
/mnt/lichen-zephyr/work/project-LICHEN-worker5/lichen/subsys/lichen/coap/coap_status.c:298:32: warning: conversion from 'int' to 'uint8_t' {aka 'unsigned char'} may change value [-Wconversion]
/mnt/lichen-zephyr/work/project-LICHEN-worker5/lichen/subsys/lichen/coap/coap_status.c:299:32: warning: conversion from 'int' to 'uint8_t' {aka 'unsigned char'} may change value [-Wconversion]
/mnt/lichen-zephyr/work/project-LICHEN-worker5/lichen/subsys/lichen/coap/coap_status.c:330:33: warning: conversion from 'int' to 'uint8_t' {aka 'unsigned char'} may change value [-Wconversion]
/mnt/lichen-zephyr/work/project-LICHEN-worker5/lichen/subsys/lichen/coap/coap_status.c:331:33: warning: conversion from 'int' to 'uint8_t' {aka 'unsigned char'} may change value [-Wconversion]
/mnt/lichen-zephyr/work/project-LICHEN-worker5/lichen/subsys/lichen/coap/coap_status.c:457:22: warning: conversion from 'int' to 'uint8_t' {aka 'unsigned char'} may change value [-Wconversion]
/mnt/lichen-zephyr/work/project-LICHEN-worker5/lichen/subsys/lichen/coap/coap_status.c:541:64: warning: conversion from 'size_t' {aka 'unsigned int'} to 'uint16_t' {aka 'short unsigned int'} may change value [-Wconversion]
/mnt/lichen-zephyr/work/project-LICHEN-worker5/lichen/subsys/lichen/coap/coap_status.c:637:58: warning: conversion from 'size_t' {aka 'unsigned int'} to 'uint16_t' {aka 'short unsigned int'} may change value [-Wconversion]
/mnt/lichen-zephyr/work/project-LICHEN-worker5/lichen/subsys/lichen/coap/coap_status.c:740:58: warning: conversion from 'size_t' {aka 'unsigned int'} to 'uint16_t' {aka 'short unsigned int'} may change value [-Wconversion]
/mnt/lichen-zephyr/work/project-LICHEN-worker5/lichen/subsys/lichen/oscore/hkdf.c:134:34: warning: conversion from 'uint16_t' {aka 'short unsigned int'} to 'uint8_t' {aka 'unsigned char'} may change value [-Wconversion]
/mnt/lichen-zephyr/work/project-LICHEN-worker5/lichen/subsys/lichen/oscore/coap_oscore.c:179:52: warning: conversion from 'size_t' {aka 'unsigned int'} to 'uint16_t' {aka 'short unsigned int'} may change value [-Wconversion]
/mnt/lichen-zephyr/work/project-LICHEN-worker5/lichen/subsys/lichen/oscore/coap_oscore.c:189:53: warning: conversion from 'size_t' {aka 'unsigned int'} to 'uint16_t' {aka 'short unsigned int'} may change value [-Wconversion]
/mnt/lichen-zephyr/work/project-LICHEN-worker5/lichen/subsys/lichen/oscore/coap_oscore.c:200:64: warning: conversion from 'size_t' {aka 'unsigned int'} to 'uint16_t' {aka 'short unsigned int'} may change value [-Wconversion]
/mnt/lichen-zephyr/work/project-LICHEN-worker5/lichen/subsys/lichen/l2/icmpv6.c:110:25: warning: conversion from 'size_t' {aka 'unsigned int'} to 'uint8_t' {aka 'unsigned char'} may change value [-Wconversion]
/mnt/lichen-zephyr/work/project-LICHEN-worker5/lichen/subsys/lichen/l2/icmpv6.c:232:14: warning: conversion from 'int' to 'uint8_t' {aka 'unsigned char'} may change value [-Wconversion]
/mnt/lichen-zephyr/work/project-LICHEN-worker5/lichen/subsys/lichen/l2/icmpv6.c:233:14: warning: conversion from 'int' to 'uint8_t' {aka 'unsigned char'} may change value [-Wconversion]
/mnt/lichen-zephyr/work/project-LICHEN-worker5/lichen/subsys/lichen/l2/icmpv6.c:294:37: warning: conversion from 'int' to 'uint8_t' {aka 'unsigned char'} may change value [-Wconversion]
/mnt/lichen-zephyr/work/project-LICHEN-worker5/lichen/subsys/lichen/l2/icmpv6.c:295:41: warning: conversion from 'int' to 'uint8_t' {aka 'unsigned char'} may change value [-Wconversion]
/mnt/lichen-zephyr/work/project-LICHEN-worker5/lichen/subsys/lichen/l2/icmpv6.c:296:38: warning: conversion from 'int' to 'uint8_t' {aka 'unsigned char'} may change value [-Wconversion]
/mnt/lichen-zephyr/work/project-LICHEN-worker5/lichen/subsys/lichen/l2/icmpv6.c:297:42: warning: conversion from 'int' to 'uint8_t' {aka 'unsigned char'} may change value [-Wconversion]
/mnt/lichen-zephyr/work/project-LICHEN-worker5/lichen/subsys/lichen/l2/icmpv6.c:306:38: warning: conversion from 'int' to 'uint8_t' {aka 'unsigned char'} may change value [-Wconversion]
/mnt/lichen-zephyr/work/project-LICHEN-worker5/lichen/subsys/lichen/l2/icmpv6.c:307:42: warning: conversion from 'int' to 'uint8_t' {aka 'unsigned char'} may change value [-Wconversion]
/mnt/lichen-zephyr/work/project-LICHEN-worker5/lichen/subsys/lichen/l2/icmpv6.c:393:40: warning: conversion from 'uint32_t' {aka 'unsigned int'} to 'uint8_t' {aka 'unsigned char'} may change value [-Wconversion]
/mnt/lichen-zephyr/work/project-LICHEN-worker5/lichen/subsys/lichen/l2/icmpv6.c:405:38: warning: conversion from 'int' to 'uint8_t' {aka 'unsigned char'} may change value [-Wconversion]
/mnt/lichen-zephyr/work/project-LICHEN-worker5/lichen/subsys/lichen/l2/icmpv6.c:406:42: warning: conversion from 'int' to 'uint8_t' {aka 'unsigned char'} may change value [-Wconversion]
/mnt/lichen-zephyr/work/project-LICHEN-worker5/lichen/subsys/lichen/schc/schc.c:387:34: warning: conversion from 'uint32_t' {aka 'unsigned int'} to 'uint16_t' {aka 'short unsigned int'} may change value [-Wconversion]
/mnt/lichen-zephyr/work/project-LICHEN-worker5/lichen/subsys/lichen/schc/schc.c:666:61: warning: conversion from 'size_t' {aka 'unsigned int'} to 'uint16_t' {aka 'short unsigned int'} may change value [-Wconversion]
/mnt/lichen-zephyr/work/project-LICHEN-worker5/lichen/subsys/lichen/schc/schc.c:84:33: warning: conversion from 'size_t' {aka 'unsigned int'} to 'uint16_t' {aka 'short unsigned int'} may change value [-Wconversion]
ELF size: 6180724 bytes
ELF hash: 5748aa17d82dbc7aeeb627cf6b43cedeb759c644debda61e98e7d807e4211c32
BIN size: 191160 bytes
BIN hash: 5b727c8c547890cf3761b5dd5353bdaec9b4b8700f9833d1b783c96b79671b2e
Memory usage:
Memory region         Used Size  Region Size  %age Used
           FLASH:      191160 B       356 KB     52.44%
             RAM:       77812 B       256 KB     29.68%
        IDT_LIST:          0 GB        32 KB      0.00%
Generating files from /mnt/lichen-zephyr/work/project-LICHEN-worker5/build/t1000_e_nrf52840_gateway/zephyr/zephyr.elf for board: t1000_e
Build t1000_e_nrf52840_gateway completed successfully.

=== Building nrf52840dk_nrf52840 gateway  ===
Command: west build -b nrf52840dk_nrf52840 lichen/apps/gateway -d build/nrf52840dk_nrf52840_gateway -p always -- -DZEPHYR_EXTRA_MODULES=/mnt/lichen-zephyr/work/project-LICHEN-worker5/lichen -DBOARD_ROOT=/mnt/lichen-zephyr/work/project-LICHEN-worker5/lichen 
Exit code: 0
Log: build-logs-2auf.31.1/nrf52840dk_nrf52840_gateway.log
WARNINGS/ERRORS found (LICHEN-specific):
/mnt/lichen-zephyr/work/project-LICHEN-worker5/lichen/subsys/lichen/coap/coap_status.c:267:22: warning: conversion from 'int' to 'uint8_t' {aka 'unsigned char'} may change value [-Wconversion]
/mnt/lichen-zephyr/work/project-LICHEN-worker5/lichen/subsys/lichen/coap/coap_status.c:268:22: warning: conversion from 'int' to 'uint8_t' {aka 'unsigned char'} may change value [-Wconversion]
/mnt/lichen-zephyr/work/project-LICHEN-worker5/lichen/subsys/lichen/coap/coap_status.c:297:32: warning: conversion from 'int' to 'uint8_t' {aka 'unsigned char'} may change value [-Wconversion]
/mnt/lichen-zephyr/work/project-LICHEN-worker5/lichen/subsys/lichen/coap/coap_status.c:298:32: warning: conversion from 'int' to 'uint8_t' {aka 'unsigned char'} may change value [-Wconversion]
/mnt/lichen-zephyr/work/project-LICHEN-worker5/lichen/subsys/lichen/coap/coap_status.c:299:32: warning: conversion from 'int' to 'uint8_t' {aka 'unsigned char'} may change value [-Wconversion]
/mnt/lichen-zephyr/work/project-LICHEN-worker5/lichen/subsys/lichen/coap/coap_status.c:330:33: warning: conversion from 'int' to 'uint8_t' {aka 'unsigned char'} may change value [-Wconversion]
/mnt/lichen-zephyr/work/project-LICHEN-worker5/lichen/subsys/lichen/coap/coap_status.c:331:33: warning: conversion from 'int' to 'uint8_t' {aka 'unsigned char'} may change value [-Wconversion]
/mnt/lichen-zephyr/work/project-LICHEN-worker5/lichen/subsys/lichen/coap/coap_status.c:457:22: warning: conversion from 'int' to 'uint8_t' {aka 'unsigned char'} may change value [-Wconversion]
/mnt/lichen-zephyr/work/project-LICHEN-worker5/lichen/subsys/lichen/coap/coap_status.c:541:64: warning: conversion from 'size_t' {aka 'unsigned int'} to 'uint16_t' {aka 'short unsigned int'} may change value [-Wconversion]
/mnt/lichen-zephyr/work/project-LICHEN-worker5/lichen/subsys/lichen/coap/coap_status.c:637:58: warning: conversion from 'size_t' {aka 'unsigned int'} to 'uint16_t' {aka 'short unsigned int'} may change value [-Wconversion]
/mnt/lichen-zephyr/work/project-LICHEN-worker5/lichen/subsys/lichen/coap/coap_status.c:740:58: warning: conversion from 'size_t' {aka 'unsigned int'} to 'uint16_t' {aka 'short unsigned int'} may change value [-Wconversion]
/mnt/lichen-zephyr/work/project-LICHEN-worker5/lichen/subsys/lichen/coap/coap_client.c:468:37: warning: conversion from 'size_t' {aka 'unsigned int'} to 'uint8_t' {aka 'unsigned char'} may change value [-Wconversion]
/mnt/lichen-zephyr/work/project-LICHEN-worker5/lichen/subsys/lichen/oscore/hkdf.c:134:34: warning: conversion from 'uint16_t' {aka 'short unsigned int'} to 'uint8_t' {aka 'unsigned char'} may change value [-Wconversion]
/mnt/lichen-zephyr/work/project-LICHEN-worker5/lichen/subsys/lichen/oscore/coap_oscore.c:179:52: warning: conversion from 'size_t' {aka 'unsigned int'} to 'uint16_t' {aka 'short unsigned int'} may change value [-Wconversion]
/mnt/lichen-zephyr/work/project-LICHEN-worker5/lichen/subsys/lichen/oscore/coap_oscore.c:189:53: warning: conversion from 'size_t' {aka 'unsigned int'} to 'uint16_t' {aka 'short unsigned int'} may change value [-Wconversion]
/mnt/lichen-zephyr/work/project-LICHEN-worker5/lichen/subsys/lichen/oscore/coap_oscore.c:200:64: warning: conversion from 'size_t' {aka 'unsigned int'} to 'uint16_t' {aka 'short unsigned int'} may change value [-Wconversion]
/mnt/lichen-zephyr/work/project-LICHEN-worker5/lichen/subsys/lichen/l2/icmpv6.c:110:25: warning: conversion from 'size_t' {aka 'unsigned int'} to 'uint8_t' {aka 'unsigned char'} may change value [-Wconversion]
/mnt/lichen-zephyr/work/project-LICHEN-worker5/lichen/subsys/lichen/l2/icmpv6.c:232:14: warning: conversion from 'int' to 'uint8_t' {aka 'unsigned char'} may change value [-Wconversion]
/mnt/lichen-zephyr/work/project-LICHEN-worker5/lichen/subsys/lichen/l2/icmpv6.c:233:14: warning: conversion from 'int' to 'uint8_t' {aka 'unsigned char'} may change value [-Wconversion]
/mnt/lichen-zephyr/work/project-LICHEN-worker5/lichen/subsys/lichen/l2/icmpv6.c:294:37: warning: conversion from 'int' to 'uint8_t' {aka 'unsigned char'} may change value [-Wconversion]
/mnt/lichen-zephyr/work/project-LICHEN-worker5/lichen/subsys/lichen/l2/icmpv6.c:295:41: warning: conversion from 'int' to 'uint8_t' {aka 'unsigned char'} may change value [-Wconversion]
/mnt/lichen-zephyr/work/project-LICHEN-worker5/lichen/subsys/lichen/l2/icmpv6.c:296:38: warning: conversion from 'int' to 'uint8_t' {aka 'unsigned char'} may change value [-Wconversion]
/mnt/lichen-zephyr/work/project-LICHEN-worker5/lichen/subsys/lichen/l2/icmpv6.c:297:42: warning: conversion from 'int' to 'uint8_t' {aka 'unsigned char'} may change value [-Wconversion]
/mnt/lichen-zephyr/work/project-LICHEN-worker5/lichen/subsys/lichen/l2/icmpv6.c:306:38: warning: conversion from 'int' to 'uint8_t' {aka 'unsigned char'} may change value [-Wconversion]
/mnt/lichen-zephyr/work/project-LICHEN-worker5/lichen/subsys/lichen/l2/icmpv6.c:307:42: warning: conversion from 'int' to 'uint8_t' {aka 'unsigned char'} may change value [-Wconversion]
/mnt/lichen-zephyr/work/project-LICHEN-worker5/lichen/subsys/lichen/l2/icmpv6.c:393:40: warning: conversion from 'uint32_t' {aka 'unsigned int'} to 'uint8_t' {aka 'unsigned char'} may change value [-Wconversion]
/mnt/lichen-zephyr/work/project-LICHEN-worker5/lichen/subsys/lichen/l2/icmpv6.c:405:38: warning: conversion from 'int' to 'uint8_t' {aka 'unsigned char'} may change value [-Wconversion]
/mnt/lichen-zephyr/work/project-LICHEN-worker5/lichen/subsys/lichen/l2/icmpv6.c:406:42: warning: conversion from 'int' to 'uint8_t' {aka 'unsigned char'} may change value [-Wconversion]
/mnt/lichen-zephyr/work/project-LICHEN-worker5/lichen/subsys/lichen/schc/schc.c:387:34: warning: conversion from 'uint32_t' {aka 'unsigned int'} to 'uint16_t' {aka 'short unsigned int'} may change value [-Wconversion]
/mnt/lichen-zephyr/work/project-LICHEN-worker5/lichen/subsys/lichen/schc/schc.c:666:61: warning: conversion from 'size_t' {aka 'unsigned int'} to 'uint16_t' {aka 'short unsigned int'} may change value [-Wconversion]
/mnt/lichen-zephyr/work/project-LICHEN-worker5/lichen/subsys/lichen/schc/schc.c:84:33: warning: conversion from 'size_t' {aka 'unsigned int'} to 'uint16_t' {aka 'short unsigned int'} may change value [-Wconversion]
ELF size: 6625160 bytes
ELF hash: 23a908691f7631cb262c206e05905149b458571bf19bf38f03aad58e8242ec94
BIN size: 213460 bytes
BIN hash: 4d5652b2f74bd0c45a47ef0554d4293dc630bb4318b2358bb0b76dd1b29ea44a
Memory usage:
Memory region         Used Size  Region Size  %age Used
           FLASH:      213460 B         1 MB     20.36%
             RAM:       73776 B       256 KB     28.14%
        IDT_LIST:          0 GB        32 KB      0.00%
Generating files from /mnt/lichen-zephyr/work/project-LICHEN-worker5/build/nrf52840dk_nrf52840_gateway/zephyr/zephyr.elf for board: nrf52840dk
Build nrf52840dk_nrf52840_gateway completed successfully.

=== Building t_echo/nrf52840 lora_ping with Renode overlay ===
Command: west build -b t_echo/nrf52840 lichen/samples/lora_ping -d build/t_echo_nrf52840_lora_ping_renode -p always -- -DZEPHYR_EXTRA_MODULES=/mnt/lichen-zephyr/work/project-LICHEN-worker5/lichen -DBOARD_ROOT=/mnt/lichen-zephyr/work/project-LICHEN-worker5/lichen -DEXTRA_DTC_OVERLAY_FILE=/mnt/lichen-zephyr/work/project-LICHEN-worker5/lichen/boards/renode/nrf52840_lichen/support/renode_console.overlay -DEXTRA_CONF_FILE=/mnt/lichen-zephyr/work/project-LICHEN-worker5/lichen/boards/renode/nrf52840_lichen/support/renode_console.conf
Exit code: 0
Log: build-logs-2auf.31.1/t_echo_nrf52840_lora_ping_renode.log
No warnings or overflows detected.
ELF size: 1206068 bytes
ELF hash: 6027499fa9102241dec624675f691df7c2761537c0bc9a24e7997dc90fe6f1e7
BIN size: 46316 bytes
BIN hash: fc618dd4b37c3c97aa3bcf82c57eae4916abc83c727c7ffeeb0491c1a34afa5b
Memory usage:
Memory region         Used Size  Region Size  %age Used
           FLASH:       46316 B         1 MB      4.42%
             RAM:          7 KB       256 KB      2.73%
        IDT_LIST:          0 GB        32 KB      0.00%
Generating files from /mnt/lichen-zephyr/work/project-LICHEN-worker5/build/t_echo_nrf52840_lora_ping_renode/zephyr/zephyr.elf for board: t_echo
Build t_echo_nrf52840_lora_ping_renode completed successfully.

=== Building rak4631/nrf52840 lora_ping with Renode overlay ===
Command: west build -b rak4631/nrf52840 lichen/samples/lora_ping -d build/rak4631_nrf52840_lora_ping_renode -p always -- -DZEPHYR_EXTRA_MODULES=/mnt/lichen-zephyr/work/project-LICHEN-worker5/lichen -DBOARD_ROOT=/mnt/lichen-zephyr/work/project-LICHEN-worker5/lichen -DEXTRA_DTC_OVERLAY_FILE=/mnt/lichen-zephyr/work/project-LICHEN-worker5/lichen/boards/renode/nrf52840_lichen/support/renode_console.overlay -DEXTRA_CONF_FILE=/mnt/lichen-zephyr/work/project-LICHEN-worker5/lichen/boards/renode/nrf52840_lichen/support/renode_console.conf
Exit code: 0
Log: build-logs-2auf.31.1/rak4631_nrf52840_lora_ping_renode.log
No warnings or overflows detected.
ELF size: 1131636 bytes
ELF hash: e53c4919eb523143e166bbd387291f12b19e88479ba862f0f3e0dbd3146921a9
BIN size: 43252 bytes
BIN hash: eb929ef11e713a5999f578ce622e81ab4d62738ede86cde354eb221912332e61
Memory usage:
Memory region         Used Size  Region Size  %age Used
           FLASH:       43252 B         1 MB      4.12%
             RAM:        7104 B       256 KB      2.71%
        IDT_LIST:          0 GB        32 KB      0.00%
Generating files from /mnt/lichen-zephyr/work/project-LICHEN-worker5/build/rak4631_nrf52840_lora_ping_renode/zephyr/zephyr.elf for board: rak4631
Build rak4631_nrf52840_lora_ping_renode completed successfully.

Some builds had issues. See log.
