-- west build: generating a build system
Loading Zephyr default modules (Zephyr base).
-- Application: /mnt/lichen-zephyr/work/project-LICHEN-worker1/lichen/apps/gateway
-- CMake version: 3.30.0
-- Found Python3: /mnt/lichen-zephyr/venv/bin/python3 (found suitable version "3.9.25", minimum required is "3.8") found components: Interpreter
-- Cache files will be written to: /home/ec2-user/.cache/zephyr
-- Zephyr version: 3.7.0 (/mnt/lichen-zephyr/work/zephyr)
-- Found west (found suitable version "1.5.0", minimum required is "0.14.0")
-- Board: native_sim, qualifiers: native
-- Found host-tools: zephyr 0.16.8 (/mnt/lichen-zephyr/zephyr-sdk-0.16.8)
-- Found toolchain: host (gcc/ld)
-- Found Dtc: /mnt/lichen-zephyr/zephyr-sdk-0.16.8/sysroots/aarch64-pokysdk-linux/usr/bin/dtc (found suitable version "1.6.0", minimum required is "1.4.6")
-- Found BOARD.dts: /mnt/lichen-zephyr/work/zephyr/boards/native/native_sim/native_sim.dts
-- Found devicetree overlay: boards/native_posix_ble_ingress.overlay
-- Generated zephyr.dts: /mnt/lichen-zephyr/work/project-LICHEN-worker1/build/ble-native-posix-ingress-59-4-5/zephyr/zephyr.dts
-- Generated devicetree_generated.h: /mnt/lichen-zephyr/work/project-LICHEN-worker1/build/ble-native-posix-ingress-59-4-5/zephyr/include/generated/zephyr/devicetree_generated.h
-- Including generated dts.cmake file: /mnt/lichen-zephyr/work/project-LICHEN-worker1/build/ble-native-posix-ingress-59-4-5/zephyr/dts.cmake

warning: GNSS_EMUL (defined at drivers/gnss/Kconfig.emul:4) was assigned the value 'y' but got the
value 'n'. Check these unsatisfied dependencies: DT_HAS_ZEPHYR_GNSS_EMUL_ENABLED (=n). See
http://docs.zephyrproject.org/latest/kconfig.html#CONFIG_GNSS_EMUL and/or look up GNSS_EMUL in the
menuconfig/guiconfig interface. The Application Development Primer, Setting Configuration Values,
and Kconfig - Tips and Best Practices sections of the manual might be helpful too.


warning: the choice symbol LICHEN_TIME_PROVIDER_GNSS (defined at /mnt/lichen-zephyr/work/project-LICHEN-worker1/lichen/zephyr/../subsys/lichen/hal/Kconfig:195) is selected by the following symbols, but select/imply has no effect on choice symbols
 - LICHEN_CCP_TIME_SYNC (defined at /mnt/lichen-zephyr/work/project-LICHEN-worker1/lichen/zephyr/../subsys/lichen/link/Kconfig:128)
Parsing /mnt/lichen-zephyr/work/project-LICHEN-worker1/lichen/apps/gateway/Kconfig
Loaded configuration '/mnt/lichen-zephyr/work/zephyr/boards/native/native_sim/native_sim_defconfig'
Merged configuration '/mnt/lichen-zephyr/work/project-LICHEN-worker1/lichen/apps/gateway/prj.conf'
Merged configuration '/mnt/lichen-zephyr/work/project-LICHEN-worker1/lichen/apps/gateway/boards/native_sim.conf'
Merged configuration '/mnt/lichen-zephyr/work/project-LICHEN-worker1/lichen/apps/gateway/boards/native_posix_ble_ingress.conf'
Merged configuration '/mnt/lichen-zephyr/work/project-LICHEN-worker1/build/ble-native-posix-ingress-59-4-5/lichen/build_epoch.conf'

error: Aborting due to Kconfig warnings

CMake Error at /mnt/lichen-zephyr/work/zephyr/cmake/modules/kconfig.cmake:389 (message):
  command failed with return code: 1
Call Stack (most recent call first):
  /mnt/lichen-zephyr/work/zephyr/cmake/modules/zephyr_default.cmake:132 (include)
  /mnt/lichen-zephyr/work/zephyr/share/zephyr-package/cmake/ZephyrConfig.cmake:66 (include)
  /mnt/lichen-zephyr/work/zephyr/share/zephyr-package/cmake/ZephyrConfig.cmake:92 (include_boilerplate)
  CMakeLists.txt:4 (find_package)


-- Configuring incomplete, errors occurred!
FATAL ERROR: command exited with status 1: /mnt/lichen-zephyr/venv/bin/cmake -DWEST_PYTHON=/mnt/lichen-zephyr/venv/bin/python3 -B/mnt/lichen-zephyr/work/project-LICHEN-worker1/build/ble-native-posix-ingress-59-4-5 -GNinja -DBOARD=native_sim -DDTC_OVERLAY_FILE=boards/native_posix_ble_ingress.overlay -DEXTRA_CONF_FILE=boards/native_posix_ble_ingress.conf -DZEPHYR_EXTRA_MODULES=/mnt/lichen-zephyr/work/project-LICHEN-worker1/lichen -DLICHEN_RELEASE_EPOCH_UNIX=1722470400 -S/mnt/lichen-zephyr/work/project-LICHEN-worker1/lichen/apps/gateway
