-- west build: making build dir /mnt/lichen-zephyr/work/project-LICHEN-worker1/build/ble-ingress-2222-verify pristine
-- west build: generating a build system
Loading Zephyr default modules (Zephyr base).
-- Application: /mnt/lichen-zephyr/work/project-LICHEN-worker1/lichen/apps/gateway
-- CMake version: 3.30.0
-- Found Python3: /mnt/lichen-zephyr/venv/bin/python3 (found suitable version "3.9.25", minimum required is "3.8") found components: Interpreter
-- Cache files will be written to: /home/ec2-user/.cache/zephyr
-- Zephyr version: 3.7.0 (/mnt/lichen-zephyr/work/zephyr)
-- Found west (found suitable version "1.5.0", minimum required is "0.14.0")
-- Board: native_sim, qualifiers: native/64
-- Found host-tools: zephyr 0.16.8 (/mnt/lichen-zephyr/zephyr-sdk-0.16.8)
-- Found toolchain: host (gcc/ld)
-- Found Dtc: /mnt/lichen-zephyr/zephyr-sdk-0.16.8/sysroots/aarch64-pokysdk-linux/usr/bin/dtc (found suitable version "1.6.0", minimum required is "1.4.6")
-- Found BOARD.dts: /mnt/lichen-zephyr/work/zephyr/boards/native/native_sim/native_sim_64.dts
-- Found devicetree overlay: boards/native_posix_ble_ingress.overlay
-- Generated zephyr.dts: /mnt/lichen-zephyr/work/project-LICHEN-worker1/build/ble-ingress-2222-verify/zephyr/zephyr.dts
-- Generated devicetree_generated.h: /mnt/lichen-zephyr/work/project-LICHEN-worker1/build/ble-ingress-2222-verify/zephyr/include/generated/zephyr/devicetree_generated.h
-- Including generated dts.cmake file: /mnt/lichen-zephyr/work/project-LICHEN-worker1/build/ble-ingress-2222-verify/zephyr/dts.cmake
Parsing /mnt/lichen-zephyr/work/project-LICHEN-worker1/lichen/apps/gateway/Kconfig
Loaded configuration '/mnt/lichen-zephyr/work/zephyr/boards/native/native_sim/native_sim_64_defconfig'
Merged configuration '/mnt/lichen-zephyr/work/project-LICHEN-worker1/lichen/apps/gateway/prj.conf'
Merged configuration '/mnt/lichen-zephyr/work/project-LICHEN-worker1/lichen/apps/gateway/boards/native_sim_native_64.conf'
Merged configuration '/mnt/lichen-zephyr/work/project-LICHEN-worker1/lichen/apps/gateway/boards/native_posix_ble_ingress.conf'
Merged configuration '/mnt/lichen-zephyr/work/project-LICHEN-worker1/build/ble-ingress-2222-verify/lichen/build_epoch.conf'
Configuration saved to '/mnt/lichen-zephyr/work/project-LICHEN-worker1/build/ble-ingress-2222-verify/zephyr/.config'
Kconfig header saved to '/mnt/lichen-zephyr/work/project-LICHEN-worker1/build/ble-ingress-2222-verify/zephyr/include/generated/zephyr/autoconf.h'
-- Found GnuLd: /usr/bin/ld.bfd (found version "")
-- The C compiler identification is GNU 11.5.0
-- The CXX compiler identification is GNU 11.5.0
-- The ASM compiler identification is GNU
-- Found assembler: /usr/bin/gcc
CMake Warning at /mnt/lichen-zephyr/work/zephyr/CMakeLists.txt:915 (message):
  No SOURCES given to Zephyr library: drivers__net

  Excluding target from build.


CMake Warning at /mnt/lichen-zephyr/work/zephyr/CMakeLists.txt:915 (message):
  No SOURCES given to Zephyr library: drivers__spi

  Excluding target from build.


CMake Warning at /mnt/lichen-zephyr/work/zephyr/CMakeLists.txt:915 (message):
  No SOURCES given to Zephyr library: lichen_native

  Excluding target from build.


CMake Warning at /mnt/lichen-zephyr/work/zephyr/CMakeLists.txt:2094 (message):
  __ASSERT() statements are globally ENABLED


-- Configuring done (3.3s)
-- Generating done (0.1s)
-- Build files have been written to: /mnt/lichen-zephyr/work/project-LICHEN-worker1/build/ble-ingress-2222-verify
-- west build: building application
[1/187] Preparing syscall dependency handling

[2/187] Generating include/generated/zephyr/version.h
-- Zephyr version: 3.7.0 (/mnt/lichen-zephyr/work/zephyr), build: v3.7.0
[3/187] Generating misc/generated/syscalls_subdirs.trigger
[4/187] Generating misc/generated/syscalls.json, misc/generated/struct_tags.json
[5/187] Generating include/generated/zephyr/syscall_dispatch.c, include/generated/zephyr/syscall_list.h
[6/187] Generating include/generated/zephyr/driver-validation.h
[7/187] Generating include/generated/zephyr/kobj-types-enum.h, include/generated/zephyr/otype-to-str.h, include/generated/zephyr/otype-to-size.h
[8/187] Building C object zephyr/CMakeFiles/offsets.dir/arch/posix/core/offsets/offsets.c.obj
[9/187] Generating include/generated/zephyr/offsets.h
[10/187] Building C object CMakeFiles/app.dir/src/config_apply.c.obj
[11/187] Building C object zephyr/CMakeFiles/zephyr.dir/lib/os/thread_entry.c.obj
[12/187] Building C object zephyr/CMakeFiles/zephyr.dir/lib/os/sem.c.obj
[13/187] Building C object CMakeFiles/app.dir/src/inbound_events.c.obj
[14/187] Building C object CMakeFiles/app.dir/src/ble_ingress.c.obj
[15/187] Building C object zephyr/CMakeFiles/zephyr.dir/lib/os/printk.c.obj
[16/187] Building C object zephyr/CMakeFiles/zephyr.dir/lib/utils/dec.c.obj
[17/187] Building C object zephyr/CMakeFiles/zephyr.dir/lib/os/cbprintf.c.obj
[18/187] Building C object CMakeFiles/app.dir/src/config_cbor.c.obj
[19/187] Building C object CMakeFiles/app.dir/src/inbound_coap.c.obj
[20/187] Building C object CMakeFiles/app.dir/src/status_cbor.c.obj
[21/187] Building C object CMakeFiles/app.dir/src/ble_lci_netif.c.obj
[22/187] Building C object CMakeFiles/app.dir/src/network_location.c.obj
[23/187] Building C object zephyr/CMakeFiles/zephyr.dir/lib/os/assert.c.obj
[24/187] Building C object CMakeFiles/app.dir/src/main.c.obj
[25/187] Building C object CMakeFiles/app.dir/src/ble_uart.c.obj
[26/187] Building C object CMakeFiles/app.dir/src/ble_app_owner.c.obj
[27/187] Building C object zephyr/CMakeFiles/zephyr.dir/lib/utils/timeutil.c.obj
[28/187] Building C object zephyr/CMakeFiles/zephyr.dir/subsys/tracing/tracing_none.c.obj
[29/187] Building C object zephyr/CMakeFiles/zephyr.dir/lib/utils/hex.c.obj
[30/187] Building C object zephyr/CMakeFiles/zephyr.dir/misc/generated/configs.c.obj
[31/187] Building C object zephyr/CMakeFiles/zephyr.dir/lib/heap/heap.c.obj
[32/187] Building C object zephyr/CMakeFiles/zephyr.dir/subsys/logging/log_cache.c.obj
[33/187] Building C object zephyr/CMakeFiles/zephyr.dir/lib/os/fdtable.c.obj
[34/187] Building C object zephyr/CMakeFiles/zephyr.dir/lib/os/cbprintf_complete.c.obj
[35/187] Building C object zephyr/CMakeFiles/zephyr.dir/subsys/net/lib/utils/addr_utils.c.obj
[36/187] Building C object zephyr/CMakeFiles/zephyr.dir/mnt/lichen-zephyr/work/modules/crypto/tinycrypt/lib/source/utils.c.obj
[37/187] Building C object zephyr/CMakeFiles/zephyr.dir/lib/os/cbprintf_packaged.c.obj
[38/187] Building C object zephyr/CMakeFiles/zephyr.dir/subsys/logging/backends/log_backend_native_posix.c.obj
[39/187] Building C object zephyr/CMakeFiles/zephyr.dir/subsys/logging/log_msg.c.obj
[40/187] Building C object zephyr/CMakeFiles/zephyr.dir/mnt/lichen-zephyr/work/modules/crypto/tinycrypt/lib/source/aes_encrypt.c.obj
[41/187] Building C object zephyr/CMakeFiles/zephyr.dir/mnt/lichen-zephyr/work/modules/crypto/tinycrypt/lib/source/aes_decrypt.c.obj
[42/187] Building C object zephyr/CMakeFiles/zephyr.dir/subsys/net/lib/coap/coap_link_format.c.obj
[43/187] Building C object zephyr/CMakeFiles/zephyr.dir/mnt/lichen-zephyr/work/modules/crypto/tinycrypt/lib/source/cmac_mode.c.obj
[44/187] Building C object zephyr/CMakeFiles/zephyr.dir/lib/utils/rb.c.obj
[45/187] Building C object zephyr/CMakeFiles/zephyr.dir/mnt/lichen-zephyr/work/modules/crypto/tinycrypt/lib/source/hmac.c.obj
[46/187] Building C object zephyr/CMakeFiles/zephyr.dir/subsys/logging/log_output.c.obj
[47/187] Building C object zephyr/CMakeFiles/zephyr.dir/mnt/lichen-zephyr/work/modules/crypto/tinycrypt/lib/source/hmac_prng.c.obj
[48/187] Building C object zephyr/CMakeFiles/zephyr.dir/mnt/lichen-zephyr/work/modules/crypto/tinycrypt/lib/source/sha256.c.obj
[49/187] Building C object zephyr/CMakeFiles/zephyr.dir/subsys/logging/log_mgmt.c.obj
[50/187] Generating linker_zephyr_pre0.cmd
[51/187] Building C object zephyr/arch/arch/posix/core/CMakeFiles/arch__posix__core.dir/cpuhalt.c.obj
[52/187] Building C object zephyr/arch/arch/posix/core/CMakeFiles/arch__posix__core.dir/posix_core_nsi.c.obj
[53/187] Building C object zephyr/soc/soc/native/CMakeFiles/soc__native__inf_clock.dir/native_tasks.c.obj
[54/187] Building C object zephyr/arch/arch/posix/core/CMakeFiles/arch__posix__core.dir/irq.c.obj
[55/187] Building C object zephyr/boards/native/native_sim/CMakeFiles/boards__native__native_sim.dir/cmdline.c.obj
[56/187] Building C object zephyr/CMakeFiles/zephyr.dir/subsys/logging/log_core.c.obj
[57/187] Building C object zephyr/arch/arch/posix/core/CMakeFiles/arch__posix__core.dir/fatal.c.obj
[58/187] Building C object zephyr/arch/arch/posix/core/CMakeFiles/arch__posix__core.dir/thread.c.obj
[59/187] Building C object zephyr/subsys/bluetooth/common/CMakeFiles/subsys__bluetooth__common.dir/addr.c.obj
[60/187] Building C object zephyr/boards/native/native_sim/CMakeFiles/boards__native__native_sim.dir/cpu_wait.c.obj
[61/187] Building C object zephyr/arch/arch/posix/core/CMakeFiles/arch__posix__core.dir/swap.c.obj
[62/187] Building C object zephyr/CMakeFiles/zephyr.dir/lib/utils/bitarray.c.obj
[63/187] Building C object zephyr/boards/native/native_sim/CMakeFiles/boards__native__native_sim.dir/nsi_if.c.obj
[64/187] Building C object zephyr/soc/soc/native/CMakeFiles/soc__native__inf_clock.dir/soc.c.obj
[65/187] Building C object zephyr/boards/native/native_sim/CMakeFiles/boards__native__native_sim.dir/misc.c.obj
[66/187] Building C object zephyr/boards/native/native_sim/CMakeFiles/boards__native__native_sim.dir/posix_arch_if.c.obj
[67/187] Building C object zephyr/subsys/bluetooth/host/CMakeFiles/subsys__bluetooth__host.dir/addr.c.obj
[68/187] Building C object zephyr/subsys/random/CMakeFiles/subsys__random.dir/random_entropy_device.c.obj
[69/187] Building C object zephyr/CMakeFiles/zephyr.dir/subsys/net/lib/coap/coap_server.c.obj
[70/187] Building C object zephyr/subsys/bluetooth/host/CMakeFiles/subsys__bluetooth__host.dir/uuid.c.obj
[71/187] Building C object zephyr/boards/native/native_sim/CMakeFiles/boards__native__native_sim.dir/irq_handler.c.obj
[72/187] Building C object zephyr/subsys/bluetooth/common/CMakeFiles/subsys__bluetooth__common.dir/dummy.c.obj
[73/187] Building C object zephyr/subsys/bluetooth/host/CMakeFiles/subsys__bluetooth__host.dir/long_wq.c.obj
[74/187] Building C object zephyr/subsys/bluetooth/common/CMakeFiles/subsys__bluetooth__common.dir/bt_str.c.obj
[75/187] Building C object zephyr/subsys/bluetooth/host/CMakeFiles/subsys__bluetooth__host.dir/data.c.obj
[76/187] Building C object zephyr/subsys/bluetooth/host/CMakeFiles/subsys__bluetooth__host.dir/hci_common.c.obj
[77/187] Building C object zephyr/subsys/bluetooth/host/CMakeFiles/subsys__bluetooth__host.dir/buf.c.obj
[78/187] Building C object zephyr/subsys/bluetooth/host/CMakeFiles/subsys__bluetooth__host.dir/smp_null.c.obj
[79/187] Building C object zephyr/subsys/bluetooth/host/CMakeFiles/subsys__bluetooth__host.dir/crypto_tc.c.obj
[80/187] Building C object zephyr/subsys/bluetooth/host/CMakeFiles/subsys__bluetooth__host.dir/id.c.obj
[81/187] Building C object zephyr/subsys/net/CMakeFiles/subsys__net.dir/lib/sockets/getaddrinfo.c.obj
[82/187] Building C object zephyr/subsys/net/CMakeFiles/subsys__net.dir/lib/sockets/sockets_select.c.obj
[83/187] Building C object zephyr/subsys/net/CMakeFiles/subsys__net.dir/lib/sockets/getnameinfo.c.obj
[84/187] Building C object zephyr/subsys/net/CMakeFiles/subsys__net.dir/lib/sockets/sockets_misc.c.obj
[85/187] Building C object zephyr/CMakeFiles/zephyr.dir/subsys/net/lib/coap/coap.c.obj
[86/187] Building C object zephyr/subsys/bluetooth/host/CMakeFiles/subsys__bluetooth__host.dir/l2cap.c.obj
[87/187] Building C object zephyr/subsys/net/CMakeFiles/subsys__net.dir/buf.c.obj
[88/187] Building C object zephyr/subsys/net/ip/CMakeFiles/subsys__net__ip.dir/net_timeout.c.obj
[89/187] Building C object zephyr/subsys/net/l2/dummy/CMakeFiles/subsys__net__l2__dummy.dir/dummy.c.obj
[90/187] Building C object zephyr/subsys/bluetooth/host/CMakeFiles/subsys__bluetooth__host.dir/adv.c.obj
[91/187] Building C object zephyr/subsys/net/CMakeFiles/subsys__net.dir/buf_simple.c.obj
[92/187] Building C object zephyr/subsys/net/ip/CMakeFiles/subsys__net__ip.dir/net_core.c.obj
[93/187] Building C object zephyr/subsys/net/l2/ethernet/CMakeFiles/subsys__net__l2__ethernet.dir/ethernet.c.obj
[94/187] Building C object zephyr/subsys/net/ip/CMakeFiles/subsys__net__ip.dir/net_tc.c.obj
[95/187] Building C object zephyr/subsys/net/ip/CMakeFiles/subsys__net__ip.dir/icmpv6.c.obj
[96/187] Building C object zephyr/subsys/net/ip/CMakeFiles/subsys__net__ip.dir/utils.c.obj
[97/187] Building C object zephyr/subsys/net/ip/CMakeFiles/subsys__net__ip.dir/net_mgmt.c.obj
[98/187] Building C object zephyr/subsys/bluetooth/host/CMakeFiles/subsys__bluetooth__host.dir/conn.c.obj
[99/187] Building C object zephyr/subsys/net/ip/CMakeFiles/subsys__net__ip.dir/icmp.c.obj
[100/187] Building C object zephyr/subsys/net/ip/CMakeFiles/subsys__net__ip.dir/nbr.c.obj
[101/187] Building C object zephyr/subsys/bluetooth/host/CMakeFiles/subsys__bluetooth__host.dir/hci_core.c.obj
[102/187] Building C object zephyr/subsys/bluetooth/host/CMakeFiles/subsys__bluetooth__host.dir/gatt.c.obj
[103/187] Building C object zephyr/subsys/net/ip/CMakeFiles/subsys__net__ip.dir/connection.c.obj
[104/187] Building C object zephyr/subsys/net/CMakeFiles/subsys__net.dir/lib/sockets/socketpair.c.obj
[105/187] Building C object zephyr/drivers/console/CMakeFiles/drivers__console.dir/posix_arch_console.c.obj
[106/187] Building C object zephyr/subsys/net/ip/CMakeFiles/subsys__net__ip.dir/ipv6.c.obj
[107/187] Building C object zephyr/subsys/bluetooth/host/CMakeFiles/subsys__bluetooth__host.dir/att.c.obj
[108/187] Building C object zephyr/subsys/net/ip/CMakeFiles/subsys__net__ip.dir/net_pkt.c.obj
[109/187] Building C object zephyr/drivers/entropy/CMakeFiles/drivers__entropy.dir/fake_entropy_native_posix.c.obj
[110/187] Building C object zephyr/subsys/net/ip/CMakeFiles/subsys__net__ip.dir/net_context.c.obj
[111/187] Building C object zephyr/subsys/net/ip/CMakeFiles/subsys__net__ip.dir/udp.c.obj
[112/187] Building C object zephyr/drivers/timer/CMakeFiles/drivers__timer.dir/sys_clock_init.c.obj
[113/187] Building C object zephyr/drivers/timer/CMakeFiles/drivers__timer.dir/native_posix_timer.c.obj
[114/187] Building C object zephyr/subsys/net/ip/CMakeFiles/subsys__net__ip.dir/ipv6_mld.c.obj
[115/187] Building C object zephyr/drivers/bluetooth/CMakeFiles/drivers__bluetooth.dir/hci/userchan.c.obj
[116/187] Building C object zephyr/subsys/net/CMakeFiles/subsys__net.dir/lib/sockets/sockets.c.obj
[117/187] Building C object zephyr/drivers/ethernet/CMakeFiles/drivers__ethernet.dir/eth_native_posix.c.obj
[118/187] Building C object zephyr/kernel/CMakeFiles/kernel.dir/banner.c.obj
[119/187] Building C object zephyr/kernel/CMakeFiles/kernel.dir/main_weak.c.obj
[120/187] Building C object modules/zcbor/CMakeFiles/modules__zcbor.dir/mnt/lichen-zephyr/work/modules/lib/zcbor/src/zcbor_common.c.obj
[121/187] Building C object zephyr/kernel/CMakeFiles/kernel.dir/busy_wait.c.obj
[122/187] Building C object zephyr/subsys/net/ip/CMakeFiles/subsys__net__ip.dir/route.c.obj
[123/187] Building C object zephyr/kernel/CMakeFiles/kernel.dir/init_static.c.obj
[124/187] Building C object modules/lichen/subsys/lichen/app_interface/CMakeFiles/..__project-LICHEN-worker1__lichen__subsys__lichen__app_interface.dir/hal_bridge.c.obj
In file included from /mnt/lichen-zephyr/work/zephyr/include/zephyr/sys/atomic.h:18,
                 from /mnt/lichen-zephyr/work/zephyr/include/zephyr/kernel_includes.h:25,
                 from /mnt/lichen-zephyr/work/zephyr/include/zephyr/kernel.h:17,
                 from /mnt/lichen-zephyr/work/project-LICHEN-worker1/lichen/subsys/lichen/app_interface/hal_bridge.c:8:
/mnt/lichen-zephyr/work/zephyr/include/zephyr/sys/util.h: In function ‘bcd2bin’:
/mnt/lichen-zephyr/work/zephyr/include/zephyr/sys/util.h:577:35: warning: conversion from ‘int’ to ‘uint8_t’ {aka ‘unsigned char’} may change value [-Wconversion]
  577 |         return ((10 * (bcd >> 4)) + (bcd & 0x0F));
      |                ~~~~~~~~~~~~~~~~~~~^~~~~~~~~~~~~~~
[125/187] Building C object zephyr/kernel/CMakeFiles/kernel.dir/device.c.obj
[126/187] Building C object zephyr/kernel/CMakeFiles/kernel.dir/fatal.c.obj
[127/187] Building C object zephyr/kernel/CMakeFiles/kernel.dir/errno.c.obj
[128/187] Building C object zephyr/kernel/CMakeFiles/kernel.dir/version.c.obj
[129/187] Building C object zephyr/kernel/CMakeFiles/kernel.dir/float.c.obj
[130/187] Building C object modules/zcbor/CMakeFiles/modules__zcbor.dir/mnt/lichen-zephyr/work/modules/lib/zcbor/src/zcbor_encode.c.obj
[131/187] Building C object modules/lichen/subsys/lichen/app_interface/CMakeFiles/..__project-LICHEN-worker1__lichen__subsys__lichen__app_interface.dir/app_interface.c.obj
In file included from /mnt/lichen-zephyr/work/zephyr/include/zephyr/sys/atomic.h:18,
                 from /mnt/lichen-zephyr/work/zephyr/include/zephyr/kernel_includes.h:25,
                 from /mnt/lichen-zephyr/work/zephyr/include/zephyr/kernel.h:17,
                 from /mnt/lichen-zephyr/work/project-LICHEN-worker1/lichen/subsys/lichen/app_interface/app_interface.c:10:
/mnt/lichen-zephyr/work/zephyr/include/zephyr/sys/util.h: In function ‘bcd2bin’:
/mnt/lichen-zephyr/work/zephyr/include/zephyr/sys/util.h:577:35: warning: conversion from ‘int’ to ‘uint8_t’ {aka ‘unsigned char’} may change value [-Wconversion]
  577 |         return ((10 * (bcd >> 4)) + (bcd & 0x0F));
      |                ~~~~~~~~~~~~~~~~~~~^~~~~~~~~~~~~~~
[132/187] Building C object zephyr/kernel/CMakeFiles/kernel.dir/kheap.c.obj
[133/187] Building C object zephyr/kernel/CMakeFiles/kernel.dir/mem_slab.c.obj
[134/187] Building C object zephyr/kernel/CMakeFiles/kernel.dir/init.c.obj
[135/187] Building C object zephyr/kernel/CMakeFiles/kernel.dir/idle.c.obj
[136/187] Building C object zephyr/kernel/CMakeFiles/kernel.dir/mutex.c.obj
[137/187] Building C object zephyr/kernel/CMakeFiles/kernel.dir/mailbox.c.obj
[138/187] Building C object zephyr/subsys/net/lib/dhcpv6/CMakeFiles/subsys__net__lib__dhcpv6.dir/dhcpv6.c.obj
[139/187] Building C object zephyr/kernel/CMakeFiles/kernel.dir/msg_q.c.obj
[140/187] Building C object zephyr/kernel/CMakeFiles/kernel.dir/sem.c.obj
[141/187] Building C object zephyr/kernel/CMakeFiles/kernel.dir/system_work_q.c.obj
[142/187] Building C object zephyr/kernel/CMakeFiles/kernel.dir/stack.c.obj
[143/187] Building C object modules/lichen/subsys/lichen/hal/CMakeFiles/..__project-LICHEN-worker1__lichen__subsys__lichen__hal.dir/hal.c.obj
In file included from /mnt/lichen-zephyr/work/zephyr/include/zephyr/devicetree.h:26,
                 from /mnt/lichen-zephyr/work/project-LICHEN-worker1/lichen/subsys/lichen/hal/hal.c:8:
/mnt/lichen-zephyr/work/zephyr/include/zephyr/sys/util.h: In function ‘bcd2bin’:
/mnt/lichen-zephyr/work/zephyr/include/zephyr/sys/util.h:577:35: warning: conversion from ‘int’ to ‘uint8_t’ {aka ‘unsigned char’} may change value [-Wconversion]
  577 |         return ((10 * (bcd >> 4)) + (bcd & 0x0F));
      |                ~~~~~~~~~~~~~~~~~~~^~~~~~~~~~~~~~~
In file included from /mnt/lichen-zephyr/work/zephyr/include/zephyr/drivers/sensor.h:30,
                 from /mnt/lichen-zephyr/work/project-LICHEN-worker1/lichen/subsys/lichen/hal/hal.c:13:
/mnt/lichen-zephyr/work/zephyr/include/zephyr/rtio/rtio.h: In function ‘z_impl_rtio_cqe_copy_out’:
/mnt/lichen-zephyr/work/zephyr/include/zephyr/rtio/rtio.h:1396:16: warning: conversion from ‘size_t’ {aka ‘long unsigned int’} to ‘int’ may change value [-Wconversion]
 1396 |         return copied;
      |                ^~~~~~
In file included from /mnt/lichen-zephyr/work/project-LICHEN-worker1/lichen/subsys/lichen/hal/hal.c:13:
/mnt/lichen-zephyr/work/zephyr/include/zephyr/drivers/sensor.h: In function ‘sensor_ms2_to_g’:
/mnt/lichen-zephyr/work/zephyr/include/zephyr/drivers/sensor.h:1157:51: warning: conversion from ‘long long int’ to ‘int32_t’ {aka ‘int’} may change value [-Wconversion]
 1157 |                 return (micro_ms2 + SENSOR_G / 2) / SENSOR_G;
      |                                                   ^
/mnt/lichen-zephyr/work/zephyr/include/zephyr/drivers/sensor.h:1159:51: warning: conversion from ‘long long int’ to ‘int32_t’ {aka ‘int’} may change value [-Wconversion]
 1159 |                 return (micro_ms2 - SENSOR_G / 2) / SENSOR_G;
      |                                                   ^
/mnt/lichen-zephyr/work/zephyr/include/zephyr/drivers/sensor.h: In function ‘sensor_g_to_ms2’:
/mnt/lichen-zephyr/work/zephyr/include/zephyr/drivers/sensor.h:1171:21: warning: conversion from ‘long long int’ to ‘int32_t’ {aka ‘int’} may change value [-Wconversion]
 1171 |         ms2->val1 = ((int64_t)g * SENSOR_G) / 1000000LL;
      |                     ^
/mnt/lichen-zephyr/work/zephyr/include/zephyr/drivers/sensor.h:1172:21: warning: conversion from ‘long long int’ to ‘int32_t’ {aka ‘int’} may change value [-Wconversion]
 1172 |         ms2->val2 = ((int64_t)g * SENSOR_G) % 1000000LL;
      |                     ^
/mnt/lichen-zephyr/work/zephyr/include/zephyr/drivers/sensor.h: In function ‘sensor_ms2_to_ug’:
/mnt/lichen-zephyr/work/zephyr/include/zephyr/drivers/sensor.h:1187:40: warning: conversion from ‘long long int’ to ‘int32_t’ {aka ‘int’} may change value [-Wconversion]
 1187 |         return (micro_ms2 * 1000000LL) / SENSOR_G;
      |                                        ^
/mnt/lichen-zephyr/work/zephyr/include/zephyr/drivers/sensor.h: In function ‘sensor_ug_to_ms2’:
/mnt/lichen-zephyr/work/zephyr/include/zephyr/drivers/sensor.h:1198:21: warning: conversion from ‘long long int’ to ‘int32_t’ {aka ‘int’} may change value [-Wconversion]
 1198 |         ms2->val1 = ((int64_t)ug * SENSOR_G / 1000000LL) / 1000000LL;
      |                     ^
/mnt/lichen-zephyr/work/zephyr/include/zephyr/drivers/sensor.h:1199:21: warning: conversion from ‘long long int’ to ‘int32_t’ {aka ‘int’} may change value [-Wconversion]
 1199 |         ms2->val2 = ((int64_t)ug * SENSOR_G / 1000000LL) % 1000000LL;
      |                     ^
/mnt/lichen-zephyr/work/zephyr/include/zephyr/drivers/sensor.h: In function ‘sensor_rad_to_degrees’:
/mnt/lichen-zephyr/work/zephyr/include/zephyr/drivers/sensor.h:1214:62: warning: conversion from ‘long long int’ to ‘int32_t’ {aka ‘int’} may change value [-Wconversion]
 1214 |                 return (micro_rad_s * 180LL + SENSOR_PI / 2) / SENSOR_PI;
      |                                                              ^
/mnt/lichen-zephyr/work/zephyr/include/zephyr/drivers/sensor.h:1216:62: warning: conversion from ‘long long int’ to ‘int32_t’ {aka ‘int’} may change value [-Wconversion]
 1216 |                 return (micro_rad_s * 180LL - SENSOR_PI / 2) / SENSOR_PI;
      |                                                              ^
/mnt/lichen-zephyr/work/zephyr/include/zephyr/drivers/sensor.h: In function ‘sensor_degrees_to_rad’:
/mnt/lichen-zephyr/work/zephyr/include/zephyr/drivers/sensor.h:1228:21: warning: conversion from ‘long long int’ to ‘int32_t’ {aka ‘int’} may change value [-Wconversion]
 1228 |         rad->val1 = ((int64_t)d * SENSOR_PI / 180LL) / 1000000LL;
      |                     ^
/mnt/lichen-zephyr/work/zephyr/include/zephyr/drivers/sensor.h:1229:21: warning: conversion from ‘long long int’ to ‘int32_t’ {aka ‘int’} may change value [-Wconversion]
 1229 |         rad->val2 = ((int64_t)d * SENSOR_PI / 180LL) % 1000000LL;
      |                     ^
/mnt/lichen-zephyr/work/zephyr/include/zephyr/drivers/sensor.h: In function ‘sensor_rad_to_10udegrees’:
/mnt/lichen-zephyr/work/zephyr/include/zephyr/drivers/sensor.h:1247:49: warning: conversion from ‘long long int’ to ‘int32_t’ {aka ‘int’} may change value [-Wconversion]
 1247 |         return (micro_rad_s * 180LL * 100000LL) / SENSOR_PI;
      |                                                 ^
/mnt/lichen-zephyr/work/zephyr/include/zephyr/drivers/sensor.h: In function ‘sensor_10udegrees_to_rad’:
/mnt/lichen-zephyr/work/zephyr/include/zephyr/drivers/sensor.h:1258:21: warning: conversion from ‘long long int’ to ‘int32_t’ {aka ‘int’} may change value [-Wconversion]
 1258 |         rad->val1 = ((int64_t)d * SENSOR_PI / 180LL / 100000LL) / 1000000LL;
      |                     ^
/mnt/lichen-zephyr/work/zephyr/include/zephyr/drivers/sensor.h:1259:21: warning: conversion from ‘long long int’ to ‘int32_t’ {aka ‘int’} may change value [-Wconversion]
 1259 |         rad->val2 = ((int64_t)d * SENSOR_PI / 180LL / 100000LL) % 1000000LL;
      |                     ^
[144/187] Building C object zephyr/kernel/CMakeFiles/kernel.dir/priority_queues.c.obj
[145/187] Building C object zephyr/kernel/CMakeFiles/kernel.dir/queue.c.obj
[146/187] Building C object zephyr/kernel/CMakeFiles/kernel.dir/spinlock_validate.c.obj
[147/187] Building C object zephyr/kernel/CMakeFiles/kernel.dir/compiler_stack_protect.c.obj
[148/187] Building C object modules/zcbor/CMakeFiles/modules__zcbor.dir/mnt/lichen-zephyr/work/modules/lib/zcbor/src/zcbor_decode.c.obj
[149/187] Building C object zephyr/kernel/CMakeFiles/kernel.dir/condvar.c.obj
[150/187] Linking C static library app/libapp.a
[151/187] Building C object zephyr/subsys/net/ip/CMakeFiles/subsys__net__ip.dir/ipv6_nbr.c.obj
[152/187] Building C object zephyr/kernel/CMakeFiles/kernel.dir/thread.c.obj
[153/187] Building C object zephyr/kernel/CMakeFiles/kernel.dir/timeslicing.c.obj
[154/187] Linking C static library zephyr/libzephyr.a
[155/187] Building C object zephyr/CMakeFiles/zephyr_pre0.dir/misc/empty_file.c.obj
[156/187] Linking C static library zephyr/arch/arch/posix/core/libarch__posix__core.a
[157/187] Linking C static library zephyr/boards/native/native_sim/libboards__native__native_sim.a
[158/187] Linking C static library zephyr/soc/soc/native/libsoc__native__inf_clock.a
[159/187] Linking C static library zephyr/subsys/bluetooth/common/libsubsys__bluetooth__common.a
[160/187] Linking C static library zephyr/subsys/net/l2/dummy/libsubsys__net__l2__dummy.a
[161/187] Linking C static library zephyr/subsys/net/l2/ethernet/libsubsys__net__l2__ethernet.a
[162/187] Linking C static library zephyr/drivers/bluetooth/libdrivers__bluetooth.a
[163/187] Linking C static library zephyr/subsys/net/libsubsys__net.a
[164/187] Linking C static library zephyr/drivers/timer/libdrivers__timer.a
[165/187] Linking C static library zephyr/subsys/random/libsubsys__random.a
[166/187] Linking C static library zephyr/drivers/console/libdrivers__console.a
[167/187] Building C object zephyr/kernel/CMakeFiles/kernel.dir/mempool.c.obj
[168/187] Building C object zephyr/kernel/CMakeFiles/kernel.dir/dynamic_disabled.c.obj
[169/187] Linking C static library zephyr/drivers/ethernet/libdrivers__ethernet.a
[170/187] Linking C static library zephyr/subsys/net/lib/dhcpv6/libsubsys__net__lib__dhcpv6.a
[171/187] Linking C static library zephyr/drivers/entropy/libdrivers__entropy.a
[172/187] Linking C static library modules/zcbor/libmodules__zcbor.a
[173/187] Linking C static library modules/lichen/subsys/lichen/app_interface/lib..__project-LICHEN-worker1__lichen__subsys__lichen__app_interface.a
[174/187] Linking C static library zephyr/subsys/bluetooth/host/libsubsys__bluetooth__host.a
[175/187] Linking C static library modules/lichen/subsys/lichen/hal/lib..__project-LICHEN-worker1__lichen__subsys__lichen__hal.a
[176/187] Building C object zephyr/subsys/net/ip/CMakeFiles/subsys__net__ip.dir/net_if.c.obj
[177/187] Building C object zephyr/kernel/CMakeFiles/kernel.dir/timer.c.obj
[178/187] Building C object zephyr/kernel/CMakeFiles/kernel.dir/timeout.c.obj
[179/187] Linking C static library zephyr/subsys/net/ip/libsubsys__net__ip.a
[180/187] Building C object zephyr/kernel/CMakeFiles/kernel.dir/work.c.obj
[181/187] Building C object zephyr/kernel/CMakeFiles/kernel.dir/pipes.c.obj
[182/187] Building C object zephyr/kernel/CMakeFiles/kernel.dir/poll.c.obj
[183/187] Building C object zephyr/kernel/CMakeFiles/kernel.dir/sched.c.obj
[184/187] Linking C static library zephyr/kernel/libkernel.a
[185/187] Linking C executable zephyr/zephyr.elf
Generating files from /mnt/lichen-zephyr/work/project-LICHEN-worker1/build/ble-ingress-2222-verify/zephyr/zephyr.elf for board: native_sim
[186/187] Building native simulator runner, and linking final executable
[187/187] Running utility command for native_runner_executable
