-- west build: generating a build system
Loading Zephyr default modules (Zephyr base).
-- Application: /mnt/lichen-zephyr/work/project-LICHEN-worker1/lichen/apps/gateway
-- CMake version: 3.30.0
-- Found Python3: /mnt/lichen-zephyr/venv/bin/python3 (found suitable version "3.9.25", minimum required is "3.8") found components: Interpreter
-- Cache files will be written to: /home/ec2-user/.cache/zephyr
-- Zephyr version: 3.7.0 (/mnt/lichen-zephyr/work/zephyr)
-- Found west (found suitable version "1.5.0", minimum required is "0.14.0")
-- Board: native_sim, qualifiers: native
-- Found host-tools: zephyr 0.16.8 (/mnt/lichen-zephyr/zephyr-sdk-0.16.8)
-- Found toolchain: host (gcc/ld)
-- Found Dtc: /mnt/lichen-zephyr/zephyr-sdk-0.16.8/sysroots/aarch64-pokysdk-linux/usr/bin/dtc (found suitable version "1.6.0", minimum required is "1.4.6")
-- Found BOARD.dts: /mnt/lichen-zephyr/work/zephyr/boards/native/native_sim/native_sim.dts
-- Found devicetree overlay: /mnt/lichen-zephyr/work/project-LICHEN-worker1/lichen/apps/gateway/boards/native_sim.overlay
-- Generated zephyr.dts: /mnt/lichen-zephyr/work/project-LICHEN-worker1/build/ble-native-posix-ingress-59-4/zephyr/zephyr.dts
-- Generated devicetree_generated.h: /mnt/lichen-zephyr/work/project-LICHEN-worker1/build/ble-native-posix-ingress-59-4/zephyr/include/generated/zephyr/devicetree_generated.h
-- Including generated dts.cmake file: /mnt/lichen-zephyr/work/project-LICHEN-worker1/build/ble-native-posix-ingress-59-4/zephyr/dts.cmake
Parsing /mnt/lichen-zephyr/work/project-LICHEN-worker1/lichen/apps/gateway/Kconfig
/mnt/lichen-zephyr/work/zephyr/scripts/kconfig/kconfig.py: Dependency loop
===============

LORA_LICHEN_MESHCORE_BLE (defined at /mnt/lichen-zephyr/work/project-LICHEN-worker1/lichen/apps/gateway/Kconfig:83), with definition...

config LORA_LICHEN_MESHCORE_BLE
	bool "MeshCore-compatible BLE GATT interface"
	default n
	select LICHEN_APP_IDENTITY
	select LICHEN_APP_INTERFACE
	select LICHEN_MESHCORE_ADAPTER
	select BT_SMP_ENFORCE_MITM if !ZTEST
	depends on BT && BT_PERIPHERAL && BT_MAX_CONN = 1 && (BT_SMP || ZTEST) && (BT_FIXED_PASSKEY || ZTEST) && LICHEN_MESHCORE_CODEC && LICHEN_LINK && !LORA_LICHEN_BLE && !LORA_LICHEN_MESHTASTIC_BLE
	help
	  Enable the MeshCore-compatible Nordic UART Service UUIDs with raw
	  MeshCore command/response frames. This is a local app compatibility
	  surface only; it does not make LICHEN RF packets MeshCore-compatible.
	  The first implementation owns a single MeshCore app session, requires
	  CONFIG_BT_MAX_CONN=1, CONFIG_BT_SMP, and CONFIG_BT_FIXED_PASSKEY. It
	  uses authenticated encrypted GATT access in production builds. Plain
	  permissions are limited to ztest/native_sim test builds.

...depends on LICHEN_LINK (defined at /mnt/lichen-zephyr/work/project-LICHEN-worker1/lichen/zephyr/../subsys/lichen/link/Kconfig:6), with definition...

menuconfig LICHEN_LINK
	bool "LICHEN link layer"
	select CRC
	select LICHEN_CRYPTO_AES_CCM
	select LICHEN_SCHC
	select TINYCRYPT
	select TINYCRYPT_SHA256
	depends on LICHEN && LICHEN
	help
	  Enable the LICHEN link layer with Schnorr-48 signatures
	  and replay protection. Automatically enables SCHC header
	  compression for IPv6 packet handling.

(select-related dependencies: (LICHEN_APP_IDENTITY && LICHEN && LICHEN_LINK && LICHEN) || (LICHEN_LORA_L2 && LICHEN && LICHEN_HAL && LICHEN_HAS_LORA && LORA && NETWORKING && NET_IPV6 && LICHEN_IPV6 && LICHEN) || (LICHEN_ANNOUNCE_SCHEDULER && LICHEN_ROUTING && LICHEN_LINK && LICHEN))

...depends on LICHEN_APP_IDENTITY (defined at /mnt/lichen-zephyr/work/project-LICHEN-worker1/lichen/zephyr/../subsys/lichen/app_identity/Kconfig:4), with definition...

menuconfig LICHEN_APP_IDENTITY
	bool "LICHEN local app identity provider"
	select LICHEN_LINK
	depends on LICHEN && LICHEN_LINK && LICHEN
	help
	  Enable a copy-only public identity provider for local app
	  compatibility surfaces. This exposes self EUI/IID/public key and a
	  bounded public peer table without exposing private key material.

(select-related dependencies: (LORA_LICHEN_MESHTASTIC_BLE && BT && BT_PERIPHERAL && BT_MAX_CONN = 1 && LICHEN_MESHTASTIC_CODEC && LICHEN_LINK && !LORA_LICHEN_BLE) || (LORA_LICHEN_MESHCORE_BLE && BT && BT_PERIPHERAL && BT_MAX_CONN = 1 && (BT_SMP || ZTEST) && (BT_FIXED_PASSKEY || ZTEST) && LICHEN_MESHCORE_CODEC && LICHEN_LINK && !LORA_LICHEN_BLE && !LORA_LICHEN_MESHTASTIC_BLE))

...depends again on LORA_LICHEN_MESHCORE_BLE (defined at /mnt/lichen-zephyr/work/project-LICHEN-worker1/lichen/apps/gateway/Kconfig:83)
CMake Error at /mnt/lichen-zephyr/work/zephyr/cmake/modules/kconfig.cmake:389 (message):
  command failed with return code: 1
Call Stack (most recent call first):
  /mnt/lichen-zephyr/work/zephyr/cmake/modules/zephyr_default.cmake:132 (include)
  /mnt/lichen-zephyr/work/zephyr/share/zephyr-package/cmake/ZephyrConfig.cmake:66 (include)
  /mnt/lichen-zephyr/work/zephyr/share/zephyr-package/cmake/ZephyrConfig.cmake:92 (include_boilerplate)
  CMakeLists.txt:4 (find_package)


-- Configuring incomplete, errors occurred!
FATAL ERROR: command exited with status 1: /mnt/lichen-zephyr/venv/bin/cmake -DWEST_PYTHON=/mnt/lichen-zephyr/venv/bin/python3 -B/mnt/lichen-zephyr/work/project-LICHEN-worker1/build/ble-native-posix-ingress-59-4 -GNinja -DBOARD=native_sim -DOVERLAY_CONFIG=boards/native_posix_ble_ingress.overlay -DEXTRA_CONF_FILE=boards/native_posix_ble_ingress.conf -DZEPHYR_EXTRA_MODULES=/mnt/lichen-zephyr/work/project-LICHEN-worker1/lichen -DLICHEN_RELEASE_EPOCH_UNIX=1722470400 -S/mnt/lichen-zephyr/work/project-LICHEN-worker1/lichen/apps/gateway
