-- west build: making build dir /mnt/lichen-zephyr/work/project-LICHEN-worker5/build/r1_neo_nrf52840_puck pristine
-- west build: generating a build system
Loading Zephyr default modules (Zephyr base).
-- Application: /mnt/lichen-zephyr/work/project-LICHEN-worker5/lichen/apps/puck
-- CMake version: 3.30.0
-- Found Python3: /mnt/lichen-zephyr/venv/bin/python3 (found suitable version "3.9.25", minimum required is "3.8") found components: Interpreter
-- Cache files will be written to: /home/ec2-user/.cache/zephyr
-- Zephyr version: 3.7.0 (/mnt/lichen-zephyr/work/zephyr)
-- Found west (found suitable version "1.5.0", minimum required is "0.14.0")
-- Board: r1_neo, qualifiers: nrf52840
-- Found host-tools: zephyr 0.16.8 (/mnt/lichen-zephyr/zephyr-sdk-0.16.8)
-- Found toolchain: zephyr 0.16.8 (/mnt/lichen-zephyr/zephyr-sdk-0.16.8)
-- Found Dtc: /mnt/lichen-zephyr/zephyr-sdk-0.16.8/sysroots/aarch64-pokysdk-linux/usr/bin/dtc (found suitable version "1.6.0", minimum required is "1.4.6")
-- Found BOARD.dts: /mnt/lichen-zephyr/work/project-LICHEN-worker5/lichen/boards/muzi/r1_neo/r1_neo_nrf52840.dts
-- Found devicetree overlay: /mnt/lichen-zephyr/work/project-LICHEN-worker5/lichen/apps/puck/boards/r1_neo_nrf52840.overlay
-- Generated zephyr.dts: /mnt/lichen-zephyr/work/project-LICHEN-worker5/build/r1_neo_nrf52840_puck/zephyr/zephyr.dts
-- Generated devicetree_generated.h: /mnt/lichen-zephyr/work/project-LICHEN-worker5/build/r1_neo_nrf52840_puck/zephyr/include/generated/zephyr/devicetree_generated.h
-- Including generated dts.cmake file: /mnt/lichen-zephyr/work/project-LICHEN-worker5/build/r1_neo_nrf52840_puck/zephyr/dts.cmake
/mnt/lichen-zephyr/work/project-LICHEN-worker5/build/r1_neo_nrf52840_puck/zephyr/zephyr.dts:62.25-67.5: Warning (unique_unit_address_if_enabled): /soc/clock@40000000: duplicate unit-address (also used in node /soc/power@40000000)
/mnt/lichen-zephyr/work/project-LICHEN-worker5/build/r1_neo_nrf52840_puck/zephyr/zephyr.dts:362.21-366.5: Warning (unique_unit_address_if_enabled): /soc/acl@4001e000: duplicate unit-address (also used in node /soc/flash-controller@4001e000)

warning: COAP_CLIENT_BLOCK_SIZE (defined at subsys/net/lib/coap/Kconfig:118) was assigned the value
'128' but got the value ''. Check these unsatisfied dependencies: COAP_CLIENT (=n). See
http://docs.zephyrproject.org/latest/kconfig.html#CONFIG_COAP_CLIENT_BLOCK_SIZE and/or look up
COAP_CLIENT_BLOCK_SIZE in the menuconfig/guiconfig interface. The Application Development Primer,
Setting Configuration Values, and Kconfig - Tips and Best Practices sections of the manual might be
helpful too.


warning: COAP_CLIENT_STACK_SIZE (defined at subsys/net/lib/coap/Kconfig:139) was assigned the value
'8192' but got the value ''. Check these unsatisfied dependencies: COAP_CLIENT (=n). See
http://docs.zephyrproject.org/latest/kconfig.html#CONFIG_COAP_CLIENT_STACK_SIZE and/or look up
COAP_CLIENT_STACK_SIZE in the menuconfig/guiconfig interface. The Application Development Primer,
Setting Configuration Values, and Kconfig - Tips and Best Practices sections of the manual might be
helpful too.

Parsing /mnt/lichen-zephyr/work/project-LICHEN-worker5/lichen/apps/puck/Kconfig
Loaded configuration '/mnt/lichen-zephyr/work/project-LICHEN-worker5/lichen/boards/muzi/r1_neo/r1_neo_nrf52840_defconfig'
Merged configuration '/mnt/lichen-zephyr/work/project-LICHEN-worker5/lichen/apps/puck/prj.conf'
Merged configuration '/mnt/lichen-zephyr/work/project-LICHEN-worker5/lichen/apps/puck/boards/r1_neo_nrf52840.conf'
Merged configuration '/mnt/lichen-zephyr/work/project-LICHEN-worker5/build/r1_neo_nrf52840_puck/lichen/build_epoch.conf'
Configuration saved to '/mnt/lichen-zephyr/work/project-LICHEN-worker5/build/r1_neo_nrf52840_puck/zephyr/.config'
Kconfig header saved to '/mnt/lichen-zephyr/work/project-LICHEN-worker5/build/r1_neo_nrf52840_puck/zephyr/include/generated/zephyr/autoconf.h'
-- Found GnuLd: /mnt/lichen-zephyr/zephyr-sdk-0.16.8/arm-zephyr-eabi/arm-zephyr-eabi/bin/ld.bfd (found version "2.38")
-- The C compiler identification is GNU 12.2.0
-- The CXX compiler identification is GNU 12.2.0
-- The ASM compiler identification is GNU
-- Found assembler: /mnt/lichen-zephyr/zephyr-sdk-0.16.8/arm-zephyr-eabi/bin/arm-zephyr-eabi-gcc
-- Configuring done (3.2s)
-- Generating done (0.1s)
-- Build files have been written to: /mnt/lichen-zephyr/work/project-LICHEN-worker5/build/r1_neo_nrf52840_puck
-- west build: building application
[1/261] Preparing syscall dependency handling

[2/261] Generating include/generated/zephyr/version.h
-- Zephyr version: 3.7.0 (/mnt/lichen-zephyr/work/zephyr), build: v3.7.0
[3/261] Generating misc/generated/syscalls_subdirs.trigger
[4/261] Generating misc/generated/syscalls.json, misc/generated/struct_tags.json
[5/261] Generating include/generated/zephyr/syscall_dispatch.c, include/generated/zephyr/syscall_list.h
[6/261] Generating include/generated/zephyr/driver-validation.h
[7/261] Generating include/generated/zephyr/kobj-types-enum.h, include/generated/zephyr/otype-to-str.h, include/generated/zephyr/otype-to-size.h
[8/261] Building C object zephyr/CMakeFiles/offsets.dir/arch/arm/core/offsets/offsets.c.obj
[9/261] Generating include/generated/zephyr/offsets.h
[10/261] Building C object zephyr/CMakeFiles/zephyr.dir/lib/crc/crc7_sw.c.obj
[11/261] Building C object zephyr/CMakeFiles/zephyr.dir/lib/crc/crc32_sw.c.obj
[12/261] Building C object zephyr/CMakeFiles/zephyr.dir/lib/crc/crc32c_sw.c.obj
[13/261] Building C object zephyr/CMakeFiles/zephyr.dir/lib/crc/crc24_sw.c.obj
[14/261] Building C object zephyr/CMakeFiles/zephyr.dir/lib/crc/crc4_sw.c.obj
[15/261] Building C object zephyr/CMakeFiles/zephyr.dir/lib/crc/crc16_sw.c.obj
[16/261] Building C object zephyr/CMakeFiles/zephyr.dir/lib/crc/crc8_sw.c.obj
[17/261] Building C object zephyr/arch/common/CMakeFiles/isr_tables.dir/isr_tables.c.obj
[18/261] Building C object zephyr/CMakeFiles/zephyr.dir/lib/utils/dec.c.obj
[19/261] Building C object zephyr/CMakeFiles/zephyr.dir/lib/os/assert.c.obj
[20/261] Building C object zephyr/CMakeFiles/zephyr.dir/lib/os/printk.c.obj
[21/261] Building C object CMakeFiles/app.dir/src/puck_location.c.obj
[22/261] Building C object zephyr/CMakeFiles/zephyr.dir/lib/os/thread_entry.c.obj
[23/261] Building C object zephyr/CMakeFiles/zephyr.dir/lib/utils/hex.c.obj
[24/261] Building C object zephyr/CMakeFiles/zephyr.dir/lib/utils/timeutil.c.obj
[25/261] Building C object zephyr/CMakeFiles/zephyr.dir/lib/os/sem.c.obj
[26/261] Building C object zephyr/CMakeFiles/zephyr.dir/misc/generated/configs.c.obj
[27/261] Building C object zephyr/CMakeFiles/zephyr.dir/lib/heap/heap.c.obj
[28/261] Building C object zephyr/CMakeFiles/zephyr.dir/lib/utils/notify.c.obj
[29/261] Building C object zephyr/CMakeFiles/zephyr.dir/lib/os/fdtable.c.obj
[30/261] Building C object zephyr/CMakeFiles/zephyr.dir/lib/os/mpsc_pbuf.c.obj
[31/261] Building C object zephyr/CMakeFiles/zephyr.dir/lib/utils/ring_buffer.c.obj
[32/261] Building C object zephyr/CMakeFiles/zephyr.dir/subsys/tracing/tracing_none.c.obj
[33/261] Building C object zephyr/CMakeFiles/zephyr.dir/subsys/logging/log_cache.c.obj
[34/261] Building C object zephyr/CMakeFiles/zephyr.dir/lib/os/cbprintf_packaged.c.obj
[35/261] Building C object zephyr/CMakeFiles/zephyr.dir/lib/os/cbprintf_complete.c.obj
[36/261] Building C object zephyr/CMakeFiles/zephyr.dir/lib/utils/onoff.c.obj
[37/261] Building C object zephyr/CMakeFiles/zephyr.dir/lib/utils/rb.c.obj
[38/261] Building C object CMakeFiles/app.dir/src/main.c.obj
FAILED: [code=1] CMakeFiles/app.dir/src/main.c.obj 
/mnt/lichen-zephyr/zephyr-sdk-0.16.8/arm-zephyr-eabi/bin/arm-zephyr-eabi-gcc -DKERNEL -DK_HEAP_MEM_POOL_SIZE=0 -DNRF52840_XXAA -DPICOLIBC_LONG_LONG_PRINTF_SCANF -D__LINUX_ERRNO_EXTENSIONS__ -D__PROGRAM_START -D__ZEPHYR__=1 -I/mnt/lichen-zephyr/work/project-LICHEN-worker5/lichen/apps/puck/../../lib/native/include -I/mnt/lichen-zephyr/work/project-LICHEN-worker5/build/r1_neo_nrf52840_puck/zephyr/include/generated/zephyr -I/mnt/lichen-zephyr/work/zephyr/include -I/mnt/lichen-zephyr/work/project-LICHEN-worker5/build/r1_neo_nrf52840_puck/zephyr/include/generated -I/mnt/lichen-zephyr/work/zephyr/soc/nordic -I/mnt/lichen-zephyr/work/zephyr/soc/nordic/nrf52/. -I/mnt/lichen-zephyr/work/zephyr/soc/nordic/common/. -I/mnt/lichen-zephyr/work/zephyr/subsys/usb/device -I/mnt/lichen-zephyr/work/zephyr/subsys/net/lib/coap/. -I/mnt/lichen-zephyr/work/zephyr/drivers/usb/common/nrf_usbd_common/. -I/mnt/lichen-zephyr/work/modules/hal/cmsis/CMSIS/Core/Include -I/mnt/lichen-zephyr/work/zephyr/modules/cmsis/. -I/mnt/lichen-zephyr/work/modules/hal/nordic/nrfx -I/mnt/lichen-zephyr/work/modules/hal/nordic/nrfx/drivers/include -I/mnt/lichen-zephyr/work/modules/hal/nordic/nrfx/mdk -I/mnt/lichen-zephyr/work/zephyr/modules/hal_nordic/nrfx/. -I/mnt/lichen-zephyr/work/modules/crypto/tinycrypt/lib/include -I/mnt/lichen-zephyr/work/modules/lib/zcbor/include -I/mnt/lichen-zephyr/work/project-LICHEN-worker5/lichen/lib/native/include -I/mnt/lichen-zephyr/work/project-LICHEN-worker5/lichen/subsys/schc/include -I/mnt/lichen-zephyr/work/project-LICHEN-worker5/lichen/subsys/lichen/crypto -I/mnt/lichen-zephyr/work/project-LICHEN-worker5/lichen/subsys/lichen/hal/include -I/mnt/lichen-zephyr/work/project-LICHEN-worker5/lichen/subsys/lichen/link/include -I/mnt/lichen-zephyr/work/project-LICHEN-worker5/lichen/subsys/lichen/link/../schc/include -I/mnt/lichen-zephyr/work/project-LICHEN-worker5/lichen/subsys/lichen/link/../crypto -I/mnt/lichen-zephyr/work/project-LICHEN-worker5/lichen/subsys/lichen/l2/. -I/mnt/lichen-zephyr/work/project-LICHEN-worker5/lichen/subsys/lichen/schc/include -isystem /mnt/lichen-zephyr/work/zephyr/lib/libc/common/include -fno-strict-aliasing -Os -imacros /mnt/lichen-zephyr/work/project-LICHEN-worker5/build/r1_neo_nrf52840_puck/zephyr/include/generated/zephyr/autoconf.h -fno-printf-return-value -fno-common -g -gdwarf-4 -fdiagnostics-color=always -mcpu=cortex-m4 -mthumb -mabi=aapcs -mfp16-format=ieee -mtp=soft --sysroot=/mnt/lichen-zephyr/zephyr-sdk-0.16.8/arm-zephyr-eabi/arm-zephyr-eabi -imacros /mnt/lichen-zephyr/work/zephyr/include/zephyr/toolchain/zephyr_stdint.h -Wall -Wformat -Wformat-security -Wno-format-zero-length -Wdouble-promotion -Wno-pointer-sign -Wpointer-arith -Wexpansion-to-defined -Wno-unused-but-set-variable -Werror=implicit-int -fno-pic -fno-pie -fno-asynchronous-unwind-tables -ftls-model=local-exec -fno-reorder-functions --param=min-pagesize=0 -fno-defer-pop -fmacro-prefix-map=/mnt/lichen-zephyr/work/project-LICHEN-worker5/lichen/apps/puck=CMAKE_SOURCE_DIR -fmacro-prefix-map=/mnt/lichen-zephyr/work/zephyr=ZEPHYR_BASE -fmacro-prefix-map=/mnt/lichen-zephyr/work=WEST_TOPDIR -ffunction-sections -fdata-sections --specs=picolibc.specs -std=c99 -MD -MT CMakeFiles/app.dir/src/main.c.obj -MF CMakeFiles/app.dir/src/main.c.obj.d -o CMakeFiles/app.dir/src/main.c.obj -c /mnt/lichen-zephyr/work/project-LICHEN-worker5/lichen/apps/puck/src/main.c
In file included from /mnt/lichen-zephyr/work/project-LICHEN-worker5/lichen/apps/puck/src/main.c:29:
/mnt/lichen-zephyr/work/zephyr/include/zephyr/net/coap_service.h:45:40: error: 'CONFIG_COAP_SERVICE_OBSERVERS' undeclared here (not in a function)
   45 |         struct coap_observer observers[CONFIG_COAP_SERVICE_OBSERVERS];
      |                                        ^~~~~~~~~~~~~~~~~~~~~~~~~~~~~
/mnt/lichen-zephyr/work/zephyr/include/zephyr/net/coap_service.h:46:37: error: 'CONFIG_COAP_SERVICE_PENDING_MESSAGES' undeclared here (not in a function)
   46 |         struct coap_pending pending[CONFIG_COAP_SERVICE_PENDING_MESSAGES];
      |                                     ^~~~~~~~~~~~~~~~~~~~~~~~~~~~~~~~~~~~
/mnt/lichen-zephyr/work/project-LICHEN-worker5/lichen/apps/puck/src/main.c:30:10: fatal error: lichen/coap_client.h: No such file or directory
   30 | #include <lichen/coap_client.h>
      |          ^~~~~~~~~~~~~~~~~~~~~~
compilation terminated.
[39/261] Building C object zephyr/CMakeFiles/zephyr.dir/subsys/logging/backends/log_backend_uart.c.obj
[40/261] Building C object zephyr/CMakeFiles/zephyr.dir/mnt/lichen-zephyr/work/modules/crypto/tinycrypt/lib/source/utils.c.obj
[41/261] Building C object zephyr/CMakeFiles/zephyr.dir/lib/utils/bitarray.c.obj
[42/261] Building C object zephyr/CMakeFiles/zephyr.dir/subsys/mem_mgmt/mem_attr.c.obj
[43/261] Building C object zephyr/CMakeFiles/zephyr.dir/subsys/logging/log_msg.c.obj
[44/261] Building C object zephyr/CMakeFiles/zephyr.dir/mnt/lichen-zephyr/work/modules/crypto/tinycrypt/lib/source/aes_decrypt.c.obj
[45/261] Building C object zephyr/CMakeFiles/zephyr.dir/subsys/usb/device/usb_work_q.c.obj
[46/261] Building C object zephyr/CMakeFiles/zephyr.dir/subsys/logging/log_core.c.obj
[47/261] Building C object zephyr/CMakeFiles/zephyr.dir/subsys/net/lib/utils/addr_utils.c.obj
[48/261] Building C object zephyr/CMakeFiles/zephyr.dir/subsys/logging/log_mgmt.c.obj
[49/261] Building C object zephyr/CMakeFiles/zephyr.dir/subsys/logging/log_output.c.obj
[50/261] Building C object zephyr/CMakeFiles/zephyr.dir/subsys/net/lib/coap/coap_link_format.c.obj
[51/261] Building C object zephyr/CMakeFiles/zephyr.dir/subsys/usb/device/usb_transfer.c.obj
[52/261] Building C object zephyr/CMakeFiles/zephyr.dir/subsys/usb/device/usb_descriptor.c.obj
[53/261] Building C object zephyr/CMakeFiles/zephyr.dir/subsys/usb/device/class/cdc_acm.c.obj
/mnt/lichen-zephyr/work/zephyr/subsys/usb/device/class/cdc_acm.c:64:2: warning: #warning "USB_CDC_ACM_LOG_LEVEL forced to LOG_LEVEL_NONE" [-Wcpp]
   64 | #warning "USB_CDC_ACM_LOG_LEVEL forced to LOG_LEVEL_NONE"
      |  ^~~~~~~
[54/261] Building C object zephyr/CMakeFiles/zephyr.dir/subsys/net/lib/coap/coap.c.obj
[55/261] Building C object zephyr/CMakeFiles/zephyr.dir/subsys/usb/device/usb_device.c.obj
ninja: build stopped: subcommand failed.
FATAL ERROR: command exited with status 1: /mnt/lichen-zephyr/venv/bin/cmake --build /mnt/lichen-zephyr/work/project-LICHEN-worker5/build/r1_neo_nrf52840_puck
