-- west build: making build dir /mnt/lichen-zephyr/work/project-LICHEN-worker5/build/rak4631_nrf52840_lora_ping_renode pristine
-- west build: generating a build system
Loading Zephyr default modules (Zephyr base).
-- Application: /mnt/lichen-zephyr/work/project-LICHEN-worker5/lichen/samples/lora_ping
-- CMake version: 3.30.0
-- Found Python3: /mnt/lichen-zephyr/venv/bin/python3 (found suitable version "3.9.25", minimum required is "3.8") found components: Interpreter
-- Cache files will be written to: /home/ec2-user/.cache/zephyr
-- Zephyr version: 3.7.0 (/mnt/lichen-zephyr/work/zephyr)
-- Found west (found suitable version "1.5.0", minimum required is "0.14.0")
-- Board: rak4631, qualifiers: nrf52840
-- Found host-tools: zephyr 0.16.8 (/mnt/lichen-zephyr/zephyr-sdk-0.16.8)
-- Found toolchain: zephyr 0.16.8 (/mnt/lichen-zephyr/zephyr-sdk-0.16.8)
-- Found Dtc: /mnt/lichen-zephyr/zephyr-sdk-0.16.8/sysroots/aarch64-pokysdk-linux/usr/bin/dtc (found suitable version "1.6.0", minimum required is "1.4.6")
-- Found BOARD.dts: /mnt/lichen-zephyr/work/zephyr/boards/rak/rak4631/rak4631_nrf52840.dts
-- Found devicetree overlay: /mnt/lichen-zephyr/work/project-LICHEN-worker5/lichen/samples/lora_ping/boards/rak4631_nrf52840.overlay
-- Found devicetree overlay: /mnt/lichen-zephyr/work/project-LICHEN-worker5/lichen/boards/renode/nrf52840_lichen/support/renode_console.overlay
-- Generated zephyr.dts: /mnt/lichen-zephyr/work/project-LICHEN-worker5/build/rak4631_nrf52840_lora_ping_renode/zephyr/zephyr.dts
-- Generated devicetree_generated.h: /mnt/lichen-zephyr/work/project-LICHEN-worker5/build/rak4631_nrf52840_lora_ping_renode/zephyr/include/generated/zephyr/devicetree_generated.h
-- Including generated dts.cmake file: /mnt/lichen-zephyr/work/project-LICHEN-worker5/build/rak4631_nrf52840_lora_ping_renode/zephyr/dts.cmake
Parsing /mnt/lichen-zephyr/work/zephyr/Kconfig
Loaded configuration '/mnt/lichen-zephyr/work/zephyr/boards/rak/rak4631/rak4631_nrf52840_defconfig'
Merged configuration '/mnt/lichen-zephyr/work/project-LICHEN-worker5/lichen/samples/lora_ping/prj.conf'
Merged configuration '/mnt/lichen-zephyr/work/project-LICHEN-worker5/lichen/samples/lora_ping/boards/rak4631_nrf52840.conf'
Merged configuration '/mnt/lichen-zephyr/work/project-LICHEN-worker5/lichen/boards/renode/nrf52840_lichen/support/renode_console.conf'
Configuration saved to '/mnt/lichen-zephyr/work/project-LICHEN-worker5/build/rak4631_nrf52840_lora_ping_renode/zephyr/.config'
Kconfig header saved to '/mnt/lichen-zephyr/work/project-LICHEN-worker5/build/rak4631_nrf52840_lora_ping_renode/zephyr/include/generated/zephyr/autoconf.h'
-- Found GnuLd: /mnt/lichen-zephyr/zephyr-sdk-0.16.8/arm-zephyr-eabi/arm-zephyr-eabi/bin/ld.bfd (found version "2.38")
-- The C compiler identification is GNU 12.2.0
-- The CXX compiler identification is GNU 12.2.0
-- The ASM compiler identification is GNU
-- Found assembler: /mnt/lichen-zephyr/zephyr-sdk-0.16.8/arm-zephyr-eabi/bin/arm-zephyr-eabi-gcc
CMake Warning at /mnt/lichen-zephyr/work/zephyr/CMakeLists.txt:915 (message):
  No SOURCES given to Zephyr library: lichen_native

  Excluding target from build.


-- Configuring done (3.1s)
-- Generating done (0.1s)
-- Build files have been written to: /mnt/lichen-zephyr/work/project-LICHEN-worker5/build/rak4631_nrf52840_lora_ping_renode
-- west build: building application
[1/161] Preparing syscall dependency handling

[2/161] Generating include/generated/zephyr/version.h
-- Zephyr version: 3.7.0 (/mnt/lichen-zephyr/work/zephyr), build: v3.7.0
[3/161] Generating misc/generated/syscalls_subdirs.trigger
[4/161] Generating misc/generated/syscalls.json, misc/generated/struct_tags.json
[5/161] Generating include/generated/zephyr/syscall_dispatch.c, include/generated/zephyr/syscall_list.h
[6/161] Generating include/generated/zephyr/driver-validation.h
[7/161] Generating include/generated/zephyr/kobj-types-enum.h, include/generated/zephyr/otype-to-str.h, include/generated/zephyr/otype-to-size.h
[8/161] Building C object zephyr/CMakeFiles/offsets.dir/arch/arm/core/offsets/offsets.c.obj
[9/161] Generating include/generated/zephyr/offsets.h
[10/161] Building C object zephyr/CMakeFiles/zephyr.dir/lib/crc/crc24_sw.c.obj
[11/161] Building C object zephyr/CMakeFiles/zephyr.dir/lib/crc/crc8_sw.c.obj
[12/161] Building C object zephyr/CMakeFiles/zephyr.dir/lib/crc/crc16_sw.c.obj
[13/161] Building C object zephyr/CMakeFiles/zephyr.dir/lib/crc/crc7_sw.c.obj
[14/161] Building C object zephyr/CMakeFiles/zephyr.dir/lib/crc/crc32c_sw.c.obj
[15/161] Building C object zephyr/CMakeFiles/zephyr.dir/lib/crc/crc32_sw.c.obj
[16/161] Building C object zephyr/CMakeFiles/zephyr.dir/lib/crc/crc4_sw.c.obj
[17/161] Building C object zephyr/CMakeFiles/zephyr.dir/lib/utils/dec.c.obj
[18/161] Building C object zephyr/CMakeFiles/zephyr.dir/lib/utils/hex.c.obj
[19/161] Building C object zephyr/CMakeFiles/zephyr.dir/lib/os/sem.c.obj
[20/161] Building C object zephyr/CMakeFiles/zephyr.dir/lib/utils/timeutil.c.obj
[21/161] Building C object zephyr/CMakeFiles/zephyr.dir/misc/generated/configs.c.obj
[22/161] Building C object zephyr/arch/common/CMakeFiles/isr_tables.dir/isr_tables.c.obj
[23/161] Building C object zephyr/CMakeFiles/zephyr.dir/lib/os/assert.c.obj
[24/161] Building C object zephyr/CMakeFiles/zephyr.dir/lib/os/printk.c.obj
[25/161] Building C object zephyr/CMakeFiles/zephyr.dir/lib/os/thread_entry.c.obj
[26/161] Building C object zephyr/CMakeFiles/zephyr.dir/subsys/logging/log_cache.c.obj
[27/161] Building C object CMakeFiles/app.dir/src/main.c.obj
[28/161] Building C object zephyr/CMakeFiles/zephyr.dir/lib/os/cbprintf_complete.c.obj
[29/161] Building C object zephyr/CMakeFiles/zephyr.dir/lib/utils/notify.c.obj
[30/161] Building C object zephyr/CMakeFiles/zephyr.dir/lib/heap/heap.c.obj
[31/161] Building C object zephyr/CMakeFiles/zephyr.dir/subsys/tracing/tracing_none.c.obj
[32/161] Building C object zephyr/CMakeFiles/zephyr.dir/lib/os/cbprintf_packaged.c.obj
[33/161] Linking C static library zephyr/arch/common/libisr_tables.a
[34/161] Building ASM object zephyr/arch/arch/arm/core/CMakeFiles/arch__arm__core.dir/nmi_on_reset.S.obj
[35/161] Building C object zephyr/CMakeFiles/zephyr.dir/lib/utils/rb.c.obj
[36/161] Building C object zephyr/CMakeFiles/zephyr.dir/lib/utils/bitarray.c.obj
[37/161] Generating linker_zephyr_pre0.cmd
[38/161] Building C object zephyr/CMakeFiles/zephyr.dir/subsys/logging/log_mgmt.c.obj
[39/161] Building C object zephyr/CMakeFiles/zephyr.dir/subsys/mem_mgmt/mem_attr.c.obj
[40/161] Building C object zephyr/CMakeFiles/zephyr.dir/subsys/logging/backends/log_backend_uart.c.obj
[41/161] Building ASM object zephyr/arch/arch/arm/core/cortex_m/CMakeFiles/arch__arm__core__cortex_m.dir/fault_s.S.obj
[42/161] Building C object zephyr/CMakeFiles/zephyr.dir/lib/utils/onoff.c.obj
[43/161] Building C object zephyr/arch/common/CMakeFiles/arch__common.dir/sw_isr_common.c.obj
[44/161] Building ASM object zephyr/arch/arch/arm/core/cortex_m/CMakeFiles/arch__arm__core__cortex_m.dir/vector_table.S.obj
[45/161] Building ASM object zephyr/arch/arch/arm/core/cortex_m/CMakeFiles/arch__arm__core__cortex_m.dir/reset.S.obj
[46/161] Building C object zephyr/CMakeFiles/zephyr.dir/subsys/logging/log_core.c.obj
[47/161] Building C object zephyr/CMakeFiles/zephyr.dir/subsys/logging/log_msg.c.obj
[48/161] Building C object zephyr/arch/arch/arm/core/CMakeFiles/arch__arm__core.dir/nmi.c.obj
[49/161] Building C object zephyr/CMakeFiles/zephyr.dir/subsys/logging/log_output.c.obj
[50/161] Building ASM object zephyr/arch/arch/arm/core/cortex_m/CMakeFiles/arch__arm__core__cortex_m.dir/swap_helper.S.obj
[51/161] Building C object zephyr/arch/arch/arm/core/CMakeFiles/arch__arm__core.dir/tls.c.obj
[52/161] Building C object zephyr/arch/arch/arm/core/CMakeFiles/arch__arm__core.dir/fatal.c.obj
[53/161] Building C object zephyr/arch/arch/arm/core/cortex_m/CMakeFiles/arch__arm__core__cortex_m.dir/exc_exit.c.obj
[54/161] Building C object zephyr/arch/arch/arm/core/cortex_m/CMakeFiles/arch__arm__core__cortex_m.dir/fpu.c.obj
[55/161] Building ASM object zephyr/arch/arch/arm/core/cortex_m/CMakeFiles/arch__arm__core__cortex_m.dir/__aeabi_read_tp.S.obj
[56/161] Building C object zephyr/arch/arch/arm/core/cortex_m/CMakeFiles/arch__arm__core__cortex_m.dir/prep_c.c.obj
[57/161] Building C object zephyr/arch/arch/arm/core/cortex_m/CMakeFiles/arch__arm__core__cortex_m.dir/scb.c.obj
[58/161] Building C object zephyr/arch/arch/arm/core/cortex_m/CMakeFiles/arch__arm__core__cortex_m.dir/thread_abort.c.obj
[59/161] Building C object zephyr/arch/arch/arm/core/cortex_m/CMakeFiles/arch__arm__core__cortex_m.dir/swap.c.obj
[60/161] Building C object zephyr/arch/arch/arm/core/cortex_m/CMakeFiles/arch__arm__core__cortex_m.dir/cpu_idle.c.obj
[61/161] Building C object zephyr/soc/soc/nrf52840/CMakeFiles/soc__nordic.dir/validate_binding_headers.c.obj
[62/161] Building C object zephyr/arch/arch/arm/core/cortex_m/CMakeFiles/arch__arm__core__cortex_m.dir/irq_manage.c.obj
[63/161] Building C object zephyr/arch/arch/arm/core/cortex_m/CMakeFiles/arch__arm__core__cortex_m.dir/fault.c.obj
[64/161] Building C object zephyr/arch/arch/arm/core/mpu/CMakeFiles/arch__arm__core__mpu.dir/arm_mpu_regions.c.obj
[65/161] Building C object zephyr/arch/arch/arm/core/cortex_m/CMakeFiles/arch__arm__core__cortex_m.dir/irq_init.c.obj
[66/161] Building C object zephyr/arch/arch/arm/core/cortex_m/CMakeFiles/arch__arm__core__cortex_m.dir/isr_wrapper.c.obj
[67/161] Building C object zephyr/arch/arch/arm/core/cortex_m/CMakeFiles/arch__arm__core__cortex_m.dir/thread.c.obj
[68/161] Building C object zephyr/arch/arch/arm/core/mpu/CMakeFiles/arch__arm__core__mpu.dir/arm_core_mpu.c.obj
[69/161] Building C object zephyr/lib/libc/common/CMakeFiles/lib__libc__common.dir/source/stdlib/abort.c.obj
[70/161] Building C object zephyr/drivers/lora/CMakeFiles/loramac-node.dir/mnt/lichen-zephyr/work/modules/lib/loramac-node/src/system/delay.c.obj
[71/161] Building C object zephyr/soc/soc/nrf52840/CMakeFiles/soc__nordic.dir/validate_enabled_instances.c.obj
[72/161] Building C object zephyr/lib/libc/common/CMakeFiles/lib__libc__common.dir/source/stdlib/malloc.c.obj
[73/161] Building C object zephyr/lib/libc/picolibc/CMakeFiles/lib__libc__picolibc.dir/libc-hooks.c.obj
[74/161] Building C object zephyr/soc/soc/nrf52840/CMakeFiles/soc__nordic.dir/validate_base_addresses.c.obj
[75/161] Building C object zephyr/drivers/lora/CMakeFiles/loramac-node.dir/mnt/lichen-zephyr/work/modules/lib/loramac-node/src/boards/mcu/utilities.c.obj
[76/161] Building C object zephyr/drivers/console/CMakeFiles/drivers__console.dir/uart_console.c.obj
[77/161] Building C object zephyr/soc/soc/nrf52840/CMakeFiles/soc__nordic.dir/nrf52/soc.c.obj
[78/161] Building C object zephyr/arch/arch/arm/core/mpu/CMakeFiles/arch__arm__core__mpu.dir/arm_mpu.c.obj
[79/161] Building C object zephyr/drivers/lora/CMakeFiles/loramac-node.dir/mnt/lichen-zephyr/work/modules/lib/loramac-node/src/system/systime.c.obj
[80/161] Building C object zephyr/drivers/lora/CMakeFiles/loramac-node.dir/mnt/lichen-zephyr/work/modules/lib/loramac-node/src/system/timer.c.obj
[81/161] Building C object zephyr/drivers/lora/CMakeFiles/loramac-node.dir/hal_common.c.obj
[82/161] Building C object zephyr/drivers/clock_control/CMakeFiles/drivers__clock_control.dir/clock_control_nrf.c.obj
[83/161] Building C object zephyr/drivers/pinctrl/CMakeFiles/drivers__pinctrl.dir/common.c.obj
[84/161] Building C object modules/hal_nordic/nrfx/CMakeFiles/modules__hal_nordic__nrfx.dir/mnt/lichen-zephyr/work/modules/hal/nordic/nrfx/mdk/system_nrf52840.c.obj
[85/161] Building C object zephyr/drivers/lora/CMakeFiles/loramac-node.dir/sx12xx_common.c.obj
[86/161] Building C object zephyr/drivers/lora/CMakeFiles/loramac-node.dir/mnt/lichen-zephyr/work/modules/lib/loramac-node/src/radio/sx126x/sx126x.c.obj
[87/161] Building C object zephyr/drivers/timer/CMakeFiles/drivers__timer.dir/sys_clock_init.c.obj
[88/161] Building C object zephyr/drivers/lora/CMakeFiles/loramac-node.dir/sx126x_standalone.c.obj
[89/161] Building C object zephyr/drivers/lora/CMakeFiles/loramac-node.dir/mnt/lichen-zephyr/work/modules/lib/loramac-node/src/radio/sx126x/radio.c.obj
[90/161] Building C object modules/hal_nordic/nrfx/CMakeFiles/modules__hal_nordic__nrfx.dir/mnt/lichen-zephyr/work/modules/hal/nordic/nrfx/helpers/nrfx_flag32_allocator.c.obj
[91/161] Building C object zephyr/drivers/lora/CMakeFiles/loramac-node.dir/sx126x.c.obj
[92/161] Building C object modules/hal_nordic/nrfx/CMakeFiles/modules__hal_nordic__nrfx.dir/nrfx_glue.c.obj
[93/161] Building C object zephyr/drivers/timer/CMakeFiles/drivers__timer.dir/nrf_rtc_timer.c.obj
[94/161] Building C object zephyr/drivers/pinctrl/CMakeFiles/drivers__pinctrl.dir/pinctrl_nrf.c.obj
[95/161] Building C object zephyr/kernel/CMakeFiles/kernel.dir/init_static.c.obj
[96/161] Building C object modules/hal_nordic/nrfx/CMakeFiles/modules__hal_nordic__nrfx.dir/mnt/lichen-zephyr/work/modules/hal/nordic/nrfx/helpers/nrfx_gppi_ppi.c.obj
[97/161] Building C object modules/hal_nordic/nrfx/CMakeFiles/modules__hal_nordic__nrfx.dir/mnt/lichen-zephyr/work/modules/hal/nordic/nrfx/drivers/src/nrfx_clock.c.obj
[98/161] Building C object zephyr/kernel/CMakeFiles/kernel.dir/device.c.obj
[99/161] Building C object zephyr/kernel/CMakeFiles/kernel.dir/busy_wait.c.obj
[100/161] Building C object zephyr/kernel/CMakeFiles/kernel.dir/main_weak.c.obj
[101/161] Building C object zephyr/kernel/CMakeFiles/kernel.dir/banner.c.obj
[102/161] Building C object zephyr/kernel/CMakeFiles/kernel.dir/version.c.obj
[103/161] Building C object modules/hal_nordic/nrfx/CMakeFiles/modules__hal_nordic__nrfx.dir/mnt/lichen-zephyr/work/modules/hal/nordic/nrfx/drivers/src/nrfx_ppi.c.obj
[104/161] Building C object zephyr/drivers/gpio/CMakeFiles/drivers__gpio.dir/gpio_nrfx.c.obj
[105/161] Building C object zephyr/kernel/CMakeFiles/kernel.dir/errno.c.obj
[106/161] Building C object zephyr/kernel/CMakeFiles/kernel.dir/fatal.c.obj
[107/161] Building C object zephyr/drivers/spi/CMakeFiles/drivers__spi.dir/spi_nrfx_common.c.obj
[108/161] Building C object zephyr/kernel/CMakeFiles/kernel.dir/float.c.obj
[109/161] Building C object zephyr/kernel/CMakeFiles/kernel.dir/init.c.obj
[110/161] Building C object zephyr/kernel/CMakeFiles/kernel.dir/kheap.c.obj
[111/161] Building C object zephyr/kernel/CMakeFiles/kernel.dir/mem_slab.c.obj
[112/161] Building C object zephyr/kernel/CMakeFiles/kernel.dir/idle.c.obj
[113/161] Building C object zephyr/kernel/CMakeFiles/kernel.dir/mutex.c.obj
[114/161] Building C object zephyr/drivers/spi/CMakeFiles/drivers__spi.dir/spi_nrfx_spi.c.obj
[115/161] Building C object zephyr/kernel/CMakeFiles/kernel.dir/system_work_q.c.obj
[116/161] Building C object zephyr/kernel/CMakeFiles/kernel.dir/sem.c.obj
[117/161] Building C object zephyr/kernel/CMakeFiles/kernel.dir/mailbox.c.obj
[118/161] Building C object zephyr/kernel/CMakeFiles/kernel.dir/msg_q.c.obj
[119/161] Building C object zephyr/kernel/CMakeFiles/kernel.dir/stack.c.obj
[120/161] Building C object zephyr/kernel/CMakeFiles/kernel.dir/priority_queues.c.obj
[121/161] Linking C static library zephyr/libzephyr.a
[122/161] Linking C static library app/libapp.a
[123/161] Building C object zephyr/kernel/CMakeFiles/kernel.dir/queue.c.obj
[124/161] Building C object zephyr/kernel/CMakeFiles/kernel.dir/condvar.c.obj
[125/161] Building C object zephyr/CMakeFiles/zephyr_pre0.dir/misc/empty_file.c.obj
[126/161] Linking C static library zephyr/arch/arch/arm/core/libarch__arm__core.a
[127/161] Linking C static library zephyr/arch/common/libarch__common.a
[128/161] Linking C static library zephyr/lib/libc/picolibc/liblib__libc__picolibc.a
[129/161] Linking C static library zephyr/arch/arch/arm/core/cortex_m/libarch__arm__core__cortex_m.a
[130/161] Building C object zephyr/kernel/CMakeFiles/kernel.dir/thread.c.obj
[131/161] Linking C static library zephyr/lib/libc/common/liblib__libc__common.a
[132/161] Linking C static library zephyr/arch/arch/arm/core/mpu/libarch__arm__core__mpu.a
[133/161] Building C object zephyr/kernel/CMakeFiles/kernel.dir/timeslicing.c.obj
[134/161] Building C object zephyr/kernel/CMakeFiles/kernel.dir/xip.c.obj
[135/161] Linking C static library zephyr/drivers/console/libdrivers__console.a
[136/161] Linking C static library zephyr/drivers/gpio/libdrivers__gpio.a
[137/161] Linking C static library zephyr/soc/soc/nrf52840/libsoc__nordic.a
[138/161] Linking C static library zephyr/drivers/spi/libdrivers__spi.a
[139/161] Linking C static library zephyr/drivers/pinctrl/libdrivers__pinctrl.a
[140/161] Linking C static library zephyr/drivers/timer/libdrivers__timer.a
[141/161] Linking C static library zephyr/drivers/clock_control/libdrivers__clock_control.a
[142/161] Linking C static library zephyr/drivers/lora/libloramac-node.a
[143/161] Building C object modules/hal_nordic/nrfx/CMakeFiles/modules__hal_nordic__nrfx.dir/mnt/lichen-zephyr/work/modules/hal/nordic/nrfx/drivers/src/nrfx_spi.c.obj
[144/161] Building C object zephyr/kernel/CMakeFiles/kernel.dir/mempool.c.obj
[145/161] Building C object zephyr/kernel/CMakeFiles/kernel.dir/dynamic_disabled.c.obj
[146/161] Building C object zephyr/kernel/CMakeFiles/kernel.dir/timer.c.obj
[147/161] Building C object zephyr/kernel/CMakeFiles/kernel.dir/work.c.obj
[148/161] Building C object zephyr/kernel/CMakeFiles/kernel.dir/timeout.c.obj
[149/161] Building C object zephyr/kernel/CMakeFiles/kernel.dir/poll.c.obj
[150/161] Building C object zephyr/kernel/CMakeFiles/kernel.dir/sched.c.obj
[151/161] Linking C static library zephyr/kernel/libkernel.a
[152/161] Building C object zephyr/drivers/serial/CMakeFiles/drivers__serial.dir/uart_nrfx_uarte.c.obj
[153/161] Linking C static library zephyr/drivers/serial/libdrivers__serial.a
[154/161] Building C object modules/hal_nordic/nrfx/CMakeFiles/modules__hal_nordic__nrfx.dir/mnt/lichen-zephyr/work/modules/hal/nordic/nrfx/drivers/src/nrfx_gpiote.c.obj
[155/161] Linking C static library modules/hal_nordic/nrfx/libmodules__hal_nordic__nrfx.a
[156/161] Linking C executable zephyr/zephyr_pre0.elf
[157/161] Generating linker.cmd
[158/161] Generating isr_tables.c, isr_tables_vt.ld, isr_tables_swi.ld
[159/161] Building C object zephyr/CMakeFiles/zephyr_final.dir/misc/empty_file.c.obj
[160/161] Building C object zephyr/CMakeFiles/zephyr_final.dir/isr_tables.c.obj
[161/161] Linking C executable zephyr/zephyr.elf
Memory region         Used Size  Region Size  %age Used
           FLASH:       43252 B         1 MB      4.12%
             RAM:        7104 B       256 KB      2.71%
        IDT_LIST:          0 GB        32 KB      0.00%
Generating files from /mnt/lichen-zephyr/work/project-LICHEN-worker5/build/rak4631_nrf52840_lora_ping_renode/zephyr/zephyr.elf for board: rak4631
