2026-07-02 21:26:21,138 - twister - INFO - Using Ninja..
2026-07-02 21:26:21,272 - twister - INFO - Zephyr version: v3.7.0
2026-07-02 21:26:21,284 - twister - DEBUG - Running cmake script /Volumes/Attic/Desktop/Projects/project-LICHEN/zephyr/cmake/verify-toolchain.cmake
2026-07-02 21:26:21,285 - twister - DEBUG - Calling cmake: /opt/homebrew/bin/cmake -DFORMAT=json -P /Volumes/Attic/Desktop/Projects/project-LICHEN/zephyr/cmake/verify-toolchain.cmake
2026-07-02 21:26:21,602 - twister - DEBUG - Finished running /Volumes/Attic/Desktop/Projects/project-LICHEN/zephyr/cmake/verify-toolchain.cmake
2026-07-02 21:26:21,602 - twister - INFO - Using 'zephyr' toolchain.
2026-07-02 21:26:21,672 - twister - DEBUG - Reading test case configuration files under /Volumes/Attic/Desktop/Projects/project-LICHEN/lichen/tests/meshcore_adapter...
2026-07-02 21:26:21,672 - twister - DEBUG - Found possible testsuite in /Volumes/Attic/Desktop/Projects/project-LICHEN/lichen/tests/meshcore_adapter
2026-07-02 21:26:21,682 - twister - DEBUG - Reading test case configuration files under /Volumes/Attic/Desktop/Projects/project-LICHEN/lichen/tests/meshcore_gateway_adapter...
2026-07-02 21:26:21,683 - twister - DEBUG - Found possible testsuite in /Volumes/Attic/Desktop/Projects/project-LICHEN/lichen/tests/meshcore_gateway_adapter
2026-07-02 21:26:21,690 - twister - DEBUG - No duplicates found.
2026-07-02 21:26:21,748 - twister - DEBUG - Reading platform configuration files under ['/Volumes/Attic/Desktop/Projects/project-LICHEN/zephyr/boards', '/Volumes/Attic/Desktop/Projects/project-LICHEN/zephyr/subsys/testsuite/boards', '/Volumes/Attic/Desktop/Projects/project-LICHEN/lichen/./boards']...
2026-07-02 21:26:21,769 - twister - DEBUG - platform filter: ['native_sim']
2026-07-02 21:26:21,769 - twister - DEBUG -   vendor filter: []
2026-07-02 21:26:21,769 - twister - DEBUG -     arch_filter: None
2026-07-02 21:26:21,769 - twister - DEBUG -      tag_filter: None
2026-07-02 21:26:21,769 - twister - DEBUG -     exclude_tag: None
2026-07-02 21:26:21,769 - twister - INFO - Building initial testsuite list...
2026-07-02 21:26:21,771 - twister - INFO - Writing JSON report /Volumes/Attic/Desktop/Projects/project-LICHEN/twister-out/testplan.json
2026-07-02 21:26:21,893 - twister - INFO - Adding tasks to the queue...
2026-07-02 21:26:21,893 - twister - DEBUG - adding native_sim/net.lichen.meshcore_adapter
2026-07-02 21:26:21,937 - twister - DEBUG - adding native_sim/net.lichen.meshcore_adapter.identity
2026-07-02 21:26:21,937 - twister - DEBUG - adding native_sim/net.lichen.meshcore_gateway_adapter
2026-07-02 21:26:21,937 - twister - DEBUG - adding native_sim/net.lichen.meshcore_gateway_adapter.settings_nvs
2026-07-02 21:26:21,938 - twister - INFO - Added initial list of jobs to queue
2026-07-02 21:26:21,961 - twister - DEBUG - Launched 8 jobs
2026-07-02 21:26:23,115 - twister - INFO - 4 test scenarios (4 test instances) selected, 0 configurations skipped (0 by static filter, 0 at runtime).
2026-07-02 21:26:23,140 - twister - INFO - [32m0 of 4[39m test configurations passed (0.00%), [39m0[39m failed, [31m4[39m errored, 0 skipped with [39m0[39m warnings in 2.00 seconds
2026-07-02 21:26:23,140 - twister - INFO - In total 108 test cases were executed, 0 skipped on 1 out of total 2 platforms (50.00%)
2026-07-02 21:26:23,140 - twister - INFO - [32m0[39m test configurations executed on platforms, [31m4[39m test configurations were only built.
2026-07-02 21:26:23,140 - twister - INFO - Saving reports...
2026-07-02 21:26:23,140 - twister - INFO - Writing JSON report /Volumes/Attic/Desktop/Projects/project-LICHEN/twister-out/twister.json
2026-07-02 21:26:23,142 - twister - INFO - Writing xunit report /Volumes/Attic/Desktop/Projects/project-LICHEN/twister-out/twister.xml...
2026-07-02 21:26:23,144 - twister - INFO - Writing xunit report /Volumes/Attic/Desktop/Projects/project-LICHEN/twister-out/twister_report.xml...
2026-07-02 21:26:23,146 - twister - INFO - -+-+-+-+-+-+-+-+-+-+-+-+-+-+-+-+-+-+-+-+-+-+-+-+-+-+-+-+-+-+-+-+-+-+-+-+-+-+-+-+
2026-07-02 21:26:23,146 - twister - INFO - The following issues were found (showing the top 10 items):
2026-07-02 21:26:23,146 - twister - INFO - 1) net.lichen.meshcore_adapter on native_sim error (Cmake build failure)
2026-07-02 21:26:23,146 - twister - INFO - 2) net.lichen.meshcore_adapter.identity on native_sim error (Cmake build failure)
2026-07-02 21:26:23,146 - twister - INFO - 3) net.lichen.meshcore_gateway_adapter on native_sim error (Cmake build failure)
2026-07-02 21:26:23,146 - twister - INFO - 4) net.lichen.meshcore_gateway_adapter.settings_nvs on native_sim error (Cmake build failure)
2026-07-02 21:26:23,146 - twister - INFO - 
2026-07-02 21:26:23,146 - twister - INFO - To rerun the tests, call twister using the following commandline:
2026-07-02 21:26:23,146 - twister - INFO - west twister -p <PLATFORM> -s <TEST ID>, for example:
2026-07-02 21:26:23,146 - twister - INFO - 
2026-07-02 21:26:23,146 - twister - INFO - west twister -p native_sim -s net.lichen.meshcore_gateway_adapter.settings_nvs
2026-07-02 21:26:23,146 - twister - INFO - or with west:
2026-07-02 21:26:23,146 - twister - INFO - west build -p -b native_sim ../lichen/tests/meshcore_gateway_adapter -T net.lichen.meshcore_gateway_adapter.settings_nvs
2026-07-02 21:26:23,146 - twister - INFO - -+-+-+-+-+-+-+-+-+-+-+-+-+-+-+-+-+-+-+-+-+-+-+-+-+-+-+-+-+-+-+-+-+-+-+-+-+-+-+-+
2026-07-02 21:26:23,146 - twister - INFO - Run completed
